#
# There is insufficient memory for the Java Runtime Environment to continue.
# Native memory allocation (mmap) failed to map 592445440 bytes for G1 virtual space
# Possible reasons:
#   The system is out of physical RAM or swap space
#   The process is running with CompressedOops enabled, and the Java Heap may be blocking the growth of the native heap
# Possible solutions:
#   Reduce memory load on the system
#   Increase physical memory or swap space
#   Check if swap backing store is full
#   Decrease Java heap size (-Xmx/-Xms)
#   Decrease number of Java threads
#   Decrease Java thread stack sizes (-Xss)
#   Set larger code cache with -XX:ReservedCodeCacheSize=
#   JVM is running with Unscaled Compressed Oops mode in which the Java heap is
#     placed in the first 4GB address space. The Java Heap base address is the
#     maximum limit for the native heap growth. Please use -XX:HeapBaseMinAddress
#     to set the Java Heap base and to place the Java Heap above 4GB virtual address.
# This output file may be truncated or incomplete.
#
#  Out of Memory Error (os_windows.cpp:3466), pid=12216, tid=12564
#
# JRE version: OpenJDK Runtime Environment (16.0.2+7) (build 16.0.2+7-67)
# Java VM: OpenJDK 64-Bit Server VM (16.0.2+7-67, mixed mode, sharing, tiered, compressed oops, compressed class ptrs, g1 gc, windows-amd64)
# No core dump will be written. Minidumps are not enabled by default on client versions of Windows
#

---------------  S U M M A R Y ------------

Command Line: -javaagent:C:\Program Files\JetBrains\IntelliJ IDEA Community Edition 2020.3\lib\idea_rt.jar=60335:C:\Program Files\JetBrains\IntelliJ IDEA Community Edition 2020.3\bin -Dfile.encoding=UTF-8 --module-path=C:\Users\user\.m2\repository\org\openjfx\javafx-graphics\16\javafx-graphics-16-win.jar;C:\Users\user\.m2\repository\org\openjfx\javafx-fxml\16\javafx-fxml-16-win.jar;C:\Users\user\.m2\repository\org\openjfx\javafx-controls\16\javafx-controls-16-win.jar;C:\Users\user\.m2\repository\org\openjfx\javafx-base\16\javafx-base-16-win.jar;E:\itProger\itProger_HW_8\target\classes -Djdk.module.main=com.itproger.itproger_hw_8 com.itproger.itproger_hw_8/com.itproger.itproger_hw_8.Main

Host: Intel(R) Core(TM) i3-9100F CPU @ 3.60GHz, 4 cores, 7G,  Windows 10 , 64 bit Build 19041 (10.0.19041.1202)
Time: Sun Sep 12 15:47:17 2021 Azerbaijan Standard Time elapsed time: 1.972047 seconds (0d 0h 0m 1s)

---------------  T H R E A D  ---------------

Current thread (0x000001b0b542ac90):  VMThread "VM Thread" [stack: 0x0000001b03b00000,0x0000001b03c00000] [id=12564]

Stack: [0x0000001b03b00000,0x0000001b03c00000]
Native frames: (J=compiled Java code, j=interpreted, Vv=VM code, C=native code)
V  [jvm.dll+0x6681ca]
V  [jvm.dll+0x7c9e69]
V  [jvm.dll+0x7cb61e]
V  [jvm.dll+0x7cbc73]
V  [jvm.dll+0x242c55]
V  [jvm.dll+0x664f89]
V  [jvm.dll+0x659b75]
V  [jvm.dll+0x2fbfbb]
V  [jvm.dll+0x3031b6]
V  [jvm.dll+0x35299e]
V  [jvm.dll+0x352bcf]
V  [jvm.dll+0x2d3028]
V  [jvm.dll+0x2d0bb5]
V  [jvm.dll+0x2d01ec]
V  [jvm.dll+0x3152d2]
V  [jvm.dll+0x7d00ab]
V  [jvm.dll+0x7d0da4]
V  [jvm.dll+0x7d12a9]
V  [jvm.dll+0x7d1564]
V  [jvm.dll+0x7d1630]
V  [jvm.dll+0x7795aa]
V  [jvm.dll+0x667066]
C  [ucrtbase.dll+0x21bb2]
C  [KERNEL32.DLL+0x17034]
C  [ntdll.dll+0x52651]

VM_Operation (0x0000001b050fdfe0): G1CollectForAllocation, mode: safepoint, requested by thread 0x000001b0b6669810


---------------  P R O C E S S  ---------------

Threads class SMR info:
_java_thread_list=0x000001b0b6069a10, length=19, elements={
0x000001b097c8a290, 0x000001b0b542e8e0, 0x000001b0b5430650, 0x000001b0b543b2c0,
0x000001b0b543bcd0, 0x000001b0b543c8d0, 0x000001b0b543f2e0, 0x000001b0b54400c0,
0x000001b0b5442bc0, 0x000001b0b5447480, 0x000001b0b54ee850, 0x000001b0b62097d0,
0x000001b0b6209cf0, 0x000001b0b66187f0, 0x000001b0b66c6380, 0x000001b0b6669810,
0x000001b0b69765e0, 0x000001b0b6977b20, 0x000001b0b6976b30
}

Java Threads: ( => current thread )
  0x000001b097c8a290 JavaThread "main" [_thread_blocked, id=7888, stack(0x0000001b03500000,0x0000001b03600000)]
  0x000001b0b542e8e0 JavaThread "Reference Handler" daemon [_thread_blocked, id=10400, stack(0x0000001b03c00000,0x0000001b03d00000)]
  0x000001b0b5430650 JavaThread "Finalizer" daemon [_thread_blocked, id=7192, stack(0x0000001b03d00000,0x0000001b03e00000)]
  0x000001b0b543b2c0 JavaThread "Signal Dispatcher" daemon [_thread_blocked, id=8988, stack(0x0000001b03e00000,0x0000001b03f00000)]
  0x000001b0b543bcd0 JavaThread "Attach Listener" daemon [_thread_blocked, id=2184, stack(0x0000001b03f00000,0x0000001b04000000)]
  0x000001b0b543c8d0 JavaThread "Service Thread" daemon [_thread_blocked, id=6548, stack(0x0000001b04000000,0x0000001b04100000)]
  0x000001b0b543f2e0 JavaThread "Monitor Deflation Thread" daemon [_thread_blocked, id=11812, stack(0x0000001b04100000,0x0000001b04200000)]
  0x000001b0b54400c0 JavaThread "C2 CompilerThread0" daemon [_thread_blocked, id=3596, stack(0x0000001b04200000,0x0000001b04300000)]
  0x000001b0b5442bc0 JavaThread "C1 CompilerThread0" daemon [_thread_blocked, id=2752, stack(0x0000001b04300000,0x0000001b04400000)]
  0x000001b0b5447480 JavaThread "Sweeper thread" daemon [_thread_blocked, id=5740, stack(0x0000001b04400000,0x0000001b04500000)]
  0x000001b0b54ee850 JavaThread "Common-Cleaner" daemon [_thread_blocked, id=7328, stack(0x0000001b04500000,0x0000001b04600000)]
  0x000001b0b62097d0 JavaThread "Monitor Ctrl-Break" daemon [_thread_in_native, id=8020, stack(0x0000001b04700000,0x0000001b04800000)]
  0x000001b0b6209cf0 JavaThread "Notification Thread" daemon [_thread_blocked, id=8600, stack(0x0000001b04800000,0x0000001b04900000)]
  0x000001b0b66187f0 JavaThread "QuantumRenderer-0" daemon [_thread_blocked, id=10392, stack(0x0000001b04a00000,0x0000001b04b00000)]
  0x000001b0b66c6380 JavaThread "InvokeLaterDispatcher" daemon [_thread_blocked, id=6396, stack(0x0000001b04c00000,0x0000001b04d00000)]
  0x000001b0b6669810 JavaThread "JavaFX Application Thread" [_thread_blocked, id=3716, stack(0x0000001b05000000,0x0000001b05100000)]
  0x000001b0b69765e0 JavaThread "JavaFX-Launcher" [_thread_blocked, id=3304, stack(0x0000001b05200000,0x0000001b05300000)]
  0x000001b0b6977b20 JavaThread "Thread-2" daemon [_thread_blocked, id=6540, stack(0x0000001b04600000,0x0000001b04700000)]
  0x000001b0b6976b30 JavaThread "Prism Font Disposer" daemon [_thread_blocked, id=7808, stack(0x0000001b05400000,0x0000001b05500000)]

Other Threads:
=>0x000001b0b542ac90 VMThread "VM Thread" [stack: 0x0000001b03b00000,0x0000001b03c00000] [id=12564]
  0x000001b0b6298970 WatcherThread [stack: 0x0000001b04900000,0x0000001b04a00000] [id=8356]
  0x000001b097cc8350 GCTaskThread "GC Thread#0" [stack: 0x0000001b03600000,0x0000001b03700000] [id=7904]
  0x000001b0b66568d0 GCTaskThread "GC Thread#1" [stack: 0x0000001b04d00000,0x0000001b04e00000] [id=1080]
  0x000001b0b6656be0 GCTaskThread "GC Thread#2" [stack: 0x0000001b04e00000,0x0000001b04f00000] [id=12644]
  0x000001b0b6658f00 GCTaskThread "GC Thread#3" [stack: 0x0000001b04f00000,0x0000001b05000000] [id=10536]
  0x000001b097cdb270 ConcurrentGCThread "G1 Main Marker" [stack: 0x0000001b03700000,0x0000001b03800000] [id=12348]
  0x000001b097cdbce0 ConcurrentGCThread "G1 Conc#0" [stack: 0x0000001b03800000,0x0000001b03900000] [id=4864]
  0x000001b097d5a860 ConcurrentGCThread "G1 Refine#0" [stack: 0x0000001b03900000,0x0000001b03a00000] [id=1336]
  0x000001b0bd65d920 ConcurrentGCThread "G1 Refine#1" [stack: 0x0000001b05500000,0x0000001b05600000] [id=11904]
  0x000001b0c05c2e30 ConcurrentGCThread "G1 Refine#2" [stack: 0x0000001b05600000,0x0000001b05700000] [id=11188]
  0x000001b0bd269950 ConcurrentGCThread "G1 Refine#3" [stack: 0x0000001b05700000,0x0000001b05800000] [id=6940]
  0x000001b097d5b2e0 ConcurrentGCThread "G1 Service" [stack: 0x0000001b03a00000,0x0000001b03b00000] [id=10856]

Threads with active compile tasks:

VM state: at safepoint (normal execution)

VM Mutex/Monitor currently owned by a thread:  ([mutex/lock_event])
[0x000001b097c86d70] Threads_lock - owner thread: 0x000001b0b542ac90
[0x000001b097c87d30] Heap_lock - owner thread: 0x000001b0b6669810

Heap address: 0x0000000080a00000, size: 2038 MB, Compressed Oops mode: 32-bit

CDS archive(s) mapped at: [0x0000000800000000-0x0000000800bb0000-0x0000000800bb0000), size 12255232, SharedBaseAddress: 0x0000000800000000, ArchiveRelocationMode: 0.
Compressed class space mapped at: 0x0000000800c00000-0x0000000840c00000, reserved size: 1073741824
Narrow klass base: 0x0000000800000000, Narrow klass shift: 3, Narrow klass range: 0x100000000

GC Precious Log:
 CPUs: 4 total, 4 available
 Memory: 8150M
 Large Page Support: Disabled
 NUMA Support: Disabled
 Compressed Oops: Enabled (32-bit)
 Heap Region Size: 1M
 Heap Min Capacity: 8M
 Heap Initial Capacity: 128M
 Heap Max Capacity: 2038M
 Pre-touch: Disabled
 Parallel Workers: 4
 Concurrent Workers: 1
 Concurrent Refinement Workers: 4
 Periodic GC: Disabled

Heap:
 garbage-first heap   total 327680K, used 154112K [0x0000000080a00000, 0x0000000100000000)
  region size 1024K, 11 young (11264K), 11 survivors (11264K)
 Metaspace       used 9764K, committed 9984K, reserved 1064960K
  class space    used 1278K, committed 1408K, reserved 1048576K

Heap Regions: E=young(eden), S=young(survivor), O=old, HS=humongous(starts), HC=humongous(continues), CS=collection set, F=free, OA=open archive, CA=closed archive, TAMS=top-at-mark-start (previous, next)
|   0|0x0000000080a00000, 0x0000000080b00000, 0x0000000080b00000|100%| O|  |TAMS 0x0000000080a00000, 0x0000000080a00000| Untracked 
|   1|0x0000000080b00000, 0x0000000080c00000, 0x0000000080c00000|100%| O|  |TAMS 0x0000000080b00000, 0x0000000080b00000| Untracked 
|   2|0x0000000080c00000, 0x0000000080d00000, 0x0000000080d00000|100%|HS|  |TAMS 0x0000000080c00000, 0x0000000080c00000| Complete 
|   3|0x0000000080d00000, 0x0000000080e00000, 0x0000000080e00000|100%|HS|  |TAMS 0x0000000080d00000, 0x0000000080d00000| Complete 
|   4|0x0000000080e00000, 0x0000000080f00000, 0x0000000080f00000|100%|HS|  |TAMS 0x0000000080e00000, 0x0000000080e00000| Complete 
|   5|0x0000000080f00000, 0x0000000081000000, 0x0000000081000000|100%|HC|  |TAMS 0x0000000080f00000, 0x0000000080f00000| Complete 
|   6|0x0000000081000000, 0x0000000081100000, 0x0000000081100000|100%|HS|  |TAMS 0x0000000081000000, 0x0000000081000000| Complete 
|   7|0x0000000081100000, 0x0000000081200000, 0x0000000081200000|100%|HC|  |TAMS 0x0000000081100000, 0x0000000081100000| Complete 
|   8|0x0000000081200000, 0x0000000081300000, 0x0000000081300000|100%|HS|  |TAMS 0x0000000081200000, 0x0000000081200000| Complete 
|   9|0x0000000081300000, 0x0000000081400000, 0x0000000081400000|100%|HC|  |TAMS 0x0000000081300000, 0x0000000081300000| Complete 
|  10|0x0000000081400000, 0x0000000081500000, 0x0000000081500000|100%|HC|  |TAMS 0x0000000081400000, 0x0000000081400000| Complete 
|  11|0x0000000081500000, 0x0000000081600000, 0x0000000081600000|100%| O|  |TAMS 0x0000000081500000, 0x0000000081500000| Untracked 
|  12|0x0000000081600000, 0x0000000081700000, 0x0000000081700000|100%| O|  |TAMS 0x0000000081600000, 0x0000000081600000| Untracked 
|  13|0x0000000081700000, 0x0000000081800000, 0x0000000081800000|100%| O|  |TAMS 0x0000000081700000, 0x0000000081700000| Untracked 
|  14|0x0000000081800000, 0x0000000081900000, 0x0000000081900000|100%| O|  |TAMS 0x0000000081800000, 0x0000000081800000| Untracked 
|  15|0x0000000081900000, 0x0000000081a00000, 0x0000000081a00000|100%| O|  |TAMS 0x0000000081900000, 0x0000000081900000| Untracked 
|  16|0x0000000081a00000, 0x0000000081b00000, 0x0000000081b00000|100%| O|  |TAMS 0x0000000081a00000, 0x0000000081a00000| Untracked 
|  17|0x0000000081b00000, 0x0000000081c00000, 0x0000000081c00000|100%| O|  |TAMS 0x0000000081b00000, 0x0000000081b00000| Untracked 
|  18|0x0000000081c00000, 0x0000000081d00000, 0x0000000081d00000|100%| O|  |TAMS 0x0000000081c00000, 0x0000000081c00000| Untracked 
|  19|0x0000000081d00000, 0x0000000081e00000, 0x0000000081e00000|100%| O|  |TAMS 0x0000000081d00000, 0x0000000081d00000| Untracked 
|  20|0x0000000081e00000, 0x0000000081f00000, 0x0000000081f00000|100%|HS|  |TAMS 0x0000000081e00000, 0x0000000081e00000| Complete 
|  21|0x0000000081f00000, 0x0000000082000000, 0x0000000082000000|100%|HC|  |TAMS 0x0000000081f00000, 0x0000000081f00000| Complete 
|  22|0x0000000082000000, 0x0000000082100000, 0x0000000082100000|100%|HC|  |TAMS 0x0000000082000000, 0x0000000082000000| Complete 
|  23|0x0000000082100000, 0x0000000082200000, 0x0000000082200000|100%|HC|  |TAMS 0x0000000082100000, 0x0000000082100000| Complete 
|  24|0x0000000082200000, 0x0000000082300000, 0x0000000082300000|100%|HC|  |TAMS 0x0000000082200000, 0x0000000082200000| Complete 
|  25|0x0000000082300000, 0x0000000082400000, 0x0000000082400000|100%| O|  |TAMS 0x0000000082300000, 0x0000000082300000| Untracked 
|  26|0x0000000082400000, 0x0000000082500000, 0x0000000082500000|100%| O|  |TAMS 0x0000000082400000, 0x0000000082400000| Untracked 
|  27|0x0000000082500000, 0x0000000082600000, 0x0000000082600000|100%| O|  |TAMS 0x0000000082500000, 0x0000000082500000| Untracked 
|  28|0x0000000082600000, 0x0000000082700000, 0x0000000082700000|100%| O|  |TAMS 0x0000000082600000, 0x0000000082600000| Untracked 
|  29|0x0000000082700000, 0x0000000082800000, 0x0000000082800000|100%| O|  |TAMS 0x0000000082700000, 0x0000000082700000| Untracked 
|  30|0x0000000082800000, 0x0000000082900000, 0x0000000082900000|100%| O|  |TAMS 0x0000000082800000, 0x0000000082800000| Untracked 
|  31|0x0000000082900000, 0x0000000082a00000, 0x0000000082a00000|100%|HS|  |TAMS 0x0000000082900000, 0x0000000082900000| Complete 
|  32|0x0000000082a00000, 0x0000000082b00000, 0x0000000082b00000|100%|HC|  |TAMS 0x0000000082a00000, 0x0000000082a00000| Complete 
|  33|0x0000000082b00000, 0x0000000082c00000, 0x0000000082c00000|100%|HC|  |TAMS 0x0000000082b00000, 0x0000000082b00000| Complete 
|  34|0x0000000082c00000, 0x0000000082d00000, 0x0000000082d00000|100%|HC|  |TAMS 0x0000000082c00000, 0x0000000082c00000| Complete 
|  35|0x0000000082d00000, 0x0000000082e00000, 0x0000000082e00000|100%|HC|  |TAMS 0x0000000082d00000, 0x0000000082d00000| Complete 
|  36|0x0000000082e00000, 0x0000000082f00000, 0x0000000082f00000|100%|HC|  |TAMS 0x0000000082e00000, 0x0000000082e00000| Complete 
|  37|0x0000000082f00000, 0x0000000083000000, 0x0000000083000000|100%|HC|  |TAMS 0x0000000082f00000, 0x0000000082f00000| Complete 
|  38|0x0000000083000000, 0x0000000083100000, 0x0000000083100000|100%| O|  |TAMS 0x0000000083000000, 0x0000000083000000| Untracked 
|  39|0x0000000083100000, 0x0000000083200000, 0x0000000083200000|100%| O|  |TAMS 0x0000000083100000, 0x0000000083100000| Untracked 
|  40|0x0000000083200000, 0x0000000083300000, 0x0000000083300000|100%| O|  |TAMS 0x0000000083200000, 0x0000000083200000| Untracked 
|  41|0x0000000083300000, 0x0000000083400000, 0x0000000083400000|100%| O|  |TAMS 0x0000000083300000, 0x0000000083300000| Untracked 
|  42|0x0000000083400000, 0x0000000083500000, 0x0000000083500000|100%| O|  |TAMS 0x0000000083400000, 0x0000000083400000| Untracked 
|  43|0x0000000083500000, 0x0000000083600000, 0x0000000083600000|100%| O|  |TAMS 0x0000000083500000, 0x0000000083500000| Untracked 
|  44|0x0000000083600000, 0x0000000083700000, 0x0000000083700000|100%| O|  |TAMS 0x0000000083600000, 0x0000000083600000| Untracked 
|  45|0x0000000083700000, 0x0000000083800000, 0x0000000083800000|100%| O|  |TAMS 0x0000000083700000, 0x0000000083700000| Untracked 
|  46|0x0000000083800000, 0x0000000083900000, 0x0000000083900000|100%| O|  |TAMS 0x0000000083800000, 0x0000000083800000| Untracked 
|  47|0x0000000083900000, 0x0000000083a00000, 0x0000000083a00000|100%| O|  |TAMS 0x0000000083900000, 0x0000000083900000| Untracked 
|  48|0x0000000083a00000, 0x0000000083b00000, 0x0000000083b00000|100%| O|  |TAMS 0x0000000083a00000, 0x0000000083a00000| Untracked 
|  49|0x0000000083b00000, 0x0000000083c00000, 0x0000000083c00000|100%|HS|  |TAMS 0x0000000083b00000, 0x0000000083b00000| Complete 
|  50|0x0000000083c00000, 0x0000000083d00000, 0x0000000083d00000|100%|HC|  |TAMS 0x0000000083c00000, 0x0000000083c00000| Complete 
|  51|0x0000000083d00000, 0x0000000083e00000, 0x0000000083e00000|100%|HC|  |TAMS 0x0000000083d00000, 0x0000000083d00000| Complete 
|  52|0x0000000083e00000, 0x0000000083f00000, 0x0000000083f00000|100%|HC|  |TAMS 0x0000000083e00000, 0x0000000083e00000| Complete 
|  53|0x0000000083f00000, 0x0000000084000000, 0x0000000084000000|100%|HC|  |TAMS 0x0000000083f00000, 0x0000000083f00000| Complete 
|  54|0x0000000084000000, 0x0000000084100000, 0x0000000084100000|100%|HC|  |TAMS 0x0000000084000000, 0x0000000084000000| Complete 
|  55|0x0000000084100000, 0x0000000084200000, 0x0000000084200000|100%|HC|  |TAMS 0x0000000084100000, 0x0000000084100000| Complete 
|  56|0x0000000084200000, 0x0000000084300000, 0x0000000084300000|100%|HC|  |TAMS 0x0000000084200000, 0x0000000084200000| Complete 
|  57|0x0000000084300000, 0x0000000084400000, 0x0000000084400000|100%|HC|  |TAMS 0x0000000084300000, 0x0000000084300000| Complete 
|  58|0x0000000084400000, 0x0000000084500000, 0x0000000084500000|100%|HC|  |TAMS 0x0000000084400000, 0x0000000084400000| Complete 
|  59|0x0000000084500000, 0x0000000084600000, 0x0000000084600000|100%| O|  |TAMS 0x0000000084500000, 0x0000000084500000| Untracked 
|  60|0x0000000084600000, 0x0000000084700000, 0x0000000084700000|100%| O|  |TAMS 0x0000000084600000, 0x0000000084600000| Untracked 
|  61|0x0000000084700000, 0x0000000084800000, 0x0000000084800000|100%| O|  |TAMS 0x0000000084700000, 0x0000000084700000| Untracked 
|  62|0x0000000084800000, 0x0000000084900000, 0x0000000084900000|100%| O|  |TAMS 0x0000000084800000, 0x0000000084800000| Untracked 
|  63|0x0000000084900000, 0x0000000084a00000, 0x0000000084a00000|100%| O|  |TAMS 0x0000000084900000, 0x0000000084900000| Untracked 
|  64|0x0000000084a00000, 0x0000000084b00000, 0x0000000084b00000|100%| O|  |TAMS 0x0000000084a00000, 0x0000000084a00000| Untracked 
|  65|0x0000000084b00000, 0x0000000084c00000, 0x0000000084c00000|100%| O|  |TAMS 0x0000000084b00000, 0x0000000084b00000| Untracked 
|  66|0x0000000084c00000, 0x0000000084d00000, 0x0000000084d00000|100%| O|  |TAMS 0x0000000084c00000, 0x0000000084c00000| Untracked 
|  67|0x0000000084d00000, 0x0000000084e00000, 0x0000000084e00000|100%| O|  |TAMS 0x0000000084d00000, 0x0000000084d00000| Untracked 
|  68|0x0000000084e00000, 0x0000000084f00000, 0x0000000084f00000|100%| O|  |TAMS 0x0000000084e00000, 0x0000000084e00000| Untracked 
|  69|0x0000000084f00000, 0x0000000085000000, 0x0000000085000000|100%| O|  |TAMS 0x0000000084f00000, 0x0000000084f00000| Untracked 
|  70|0x0000000085000000, 0x0000000085100000, 0x0000000085100000|100%| O|  |TAMS 0x0000000085000000, 0x0000000085000000| Untracked 
|  71|0x0000000085100000, 0x0000000085200000, 0x0000000085200000|100%| O|  |TAMS 0x0000000085100000, 0x0000000085100000| Untracked 
|  72|0x0000000085200000, 0x0000000085300000, 0x0000000085300000|100%| O|  |TAMS 0x0000000085200000, 0x0000000085200000| Untracked 
|  73|0x0000000085300000, 0x0000000085400000, 0x0000000085400000|100%| O|  |TAMS 0x0000000085300000, 0x0000000085300000| Untracked 
|  74|0x0000000085400000, 0x0000000085500000, 0x0000000085500000|100%| O|  |TAMS 0x0000000085400000, 0x0000000085400000| Untracked 
|  75|0x0000000085500000, 0x0000000085600000, 0x0000000085600000|100%|HS|  |TAMS 0x0000000085500000, 0x0000000085500000| Complete 
|  76|0x0000000085600000, 0x0000000085700000, 0x0000000085700000|100%|HC|  |TAMS 0x0000000085600000, 0x0000000085600000| Complete 
|  77|0x0000000085700000, 0x0000000085800000, 0x0000000085800000|100%|HC|  |TAMS 0x0000000085700000, 0x0000000085700000| Complete 
|  78|0x0000000085800000, 0x0000000085900000, 0x0000000085900000|100%|HC|  |TAMS 0x0000000085800000, 0x0000000085800000| Complete 
|  79|0x0000000085900000, 0x0000000085a00000, 0x0000000085a00000|100%|HC|  |TAMS 0x0000000085900000, 0x0000000085900000| Complete 
|  80|0x0000000085a00000, 0x0000000085b00000, 0x0000000085b00000|100%|HC|  |TAMS 0x0000000085a00000, 0x0000000085a00000| Complete 
|  81|0x0000000085b00000, 0x0000000085c00000, 0x0000000085c00000|100%|HC|  |TAMS 0x0000000085b00000, 0x0000000085b00000| Complete 
|  82|0x0000000085c00000, 0x0000000085d00000, 0x0000000085d00000|100%|HC|  |TAMS 0x0000000085c00000, 0x0000000085c00000| Complete 
|  83|0x0000000085d00000, 0x0000000085e00000, 0x0000000085e00000|100%|HC|  |TAMS 0x0000000085d00000, 0x0000000085d00000| Complete 
|  84|0x0000000085e00000, 0x0000000085f00000, 0x0000000085f00000|100%|HC|  |TAMS 0x0000000085e00000, 0x0000000085e00000| Complete 
|  85|0x0000000085f00000, 0x0000000086000000, 0x0000000086000000|100%|HC|  |TAMS 0x0000000085f00000, 0x0000000085f00000| Complete 
|  86|0x0000000086000000, 0x0000000086100000, 0x0000000086100000|100%|HC|  |TAMS 0x0000000086000000, 0x0000000086000000| Complete 
|  87|0x0000000086100000, 0x0000000086200000, 0x0000000086200000|100%|HC|  |TAMS 0x0000000086100000, 0x0000000086100000| Complete 
|  88|0x0000000086200000, 0x0000000086300000, 0x0000000086300000|100%|HC|  |TAMS 0x0000000086200000, 0x0000000086200000| Complete 
|  89|0x0000000086300000, 0x0000000086400000, 0x0000000086400000|100%| O|  |TAMS 0x0000000086300000, 0x0000000086300000| Untracked 
|  90|0x0000000086400000, 0x0000000086500000, 0x0000000086500000|100%| O|  |TAMS 0x0000000086400000, 0x0000000086400000| Untracked 
|  91|0x0000000086500000, 0x0000000086600000, 0x0000000086600000|100%| O|  |TAMS 0x0000000086500000, 0x0000000086500000| Untracked 
|  92|0x0000000086600000, 0x0000000086700000, 0x0000000086700000|100%|HS|  |TAMS 0x0000000086600000, 0x0000000086600000| Complete 
|  93|0x0000000086700000, 0x0000000086800000, 0x0000000086800000|100%|HC|  |TAMS 0x0000000086700000, 0x0000000086700000| Complete 
|  94|0x0000000086800000, 0x0000000086900000, 0x0000000086900000|100%|HC|  |TAMS 0x0000000086800000, 0x0000000086800000| Complete 
|  95|0x0000000086900000, 0x0000000086a00000, 0x0000000086a00000|100%|HC|  |TAMS 0x0000000086900000, 0x0000000086900000| Complete 
|  96|0x0000000086a00000, 0x0000000086b00000, 0x0000000086b00000|100%|HC|  |TAMS 0x0000000086a00000, 0x0000000086a00000| Complete 
|  97|0x0000000086b00000, 0x0000000086c00000, 0x0000000086c00000|100%|HC|  |TAMS 0x0000000086b00000, 0x0000000086b00000| Complete 
|  98|0x0000000086c00000, 0x0000000086d00000, 0x0000000086d00000|100%|HC|  |TAMS 0x0000000086c00000, 0x0000000086c00000| Complete 
|  99|0x0000000086d00000, 0x0000000086e00000, 0x0000000086e00000|100%|HC|  |TAMS 0x0000000086d00000, 0x0000000086d00000| Complete 
| 100|0x0000000086e00000, 0x0000000086f00000, 0x0000000086f00000|100%|HC|  |TAMS 0x0000000086e00000, 0x0000000086e00000| Complete 
| 101|0x0000000086f00000, 0x0000000087000000, 0x0000000087000000|100%|HC|  |TAMS 0x0000000086f00000, 0x0000000086f00000| Complete 
| 102|0x0000000087000000, 0x0000000087100000, 0x0000000087100000|100%|HC|  |TAMS 0x0000000087000000, 0x0000000087000000| Complete 
| 103|0x0000000087100000, 0x0000000087200000, 0x0000000087200000|100%|HC|  |TAMS 0x0000000087100000, 0x0000000087100000| Complete 
| 104|0x0000000087200000, 0x0000000087300000, 0x0000000087300000|100%|HC|  |TAMS 0x0000000087200000, 0x0000000087200000| Complete 
| 105|0x0000000087300000, 0x0000000087400000, 0x0000000087400000|100%|HC|  |TAMS 0x0000000087300000, 0x0000000087300000| Complete 
| 106|0x0000000087400000, 0x0000000087500000, 0x0000000087500000|100%|HC|  |TAMS 0x0000000087400000, 0x0000000087400000| Complete 
| 107|0x0000000087500000, 0x0000000087600000, 0x0000000087600000|100%|HC|  |TAMS 0x0000000087500000, 0x0000000087500000| Complete 
| 108|0x0000000087600000, 0x0000000087700000, 0x0000000087700000|100%|HC|  |TAMS 0x0000000087600000, 0x0000000087600000| Complete 
| 109|0x0000000087700000, 0x0000000087800000, 0x0000000087800000|100%|HC|  |TAMS 0x0000000087700000, 0x0000000087700000| Complete 
| 110|0x0000000087800000, 0x0000000087900000, 0x0000000087900000|100%|HC|  |TAMS 0x0000000087800000, 0x0000000087800000| Complete 
| 111|0x0000000087900000, 0x0000000087a00000, 0x0000000087a00000|100%|HC|  |TAMS 0x0000000087900000, 0x0000000087900000| Complete 
| 112|0x0000000087a00000, 0x0000000087b00000, 0x0000000087b00000|100%|HC|  |TAMS 0x0000000087a00000, 0x0000000087a00000| Complete 
| 113|0x0000000087b00000, 0x0000000087c00000, 0x0000000087c00000|100%| O|  |TAMS 0x0000000087b00000, 0x0000000087b00000| Untracked 
| 114|0x0000000087c00000, 0x0000000087d00000, 0x0000000087d00000|100%| O|  |TAMS 0x0000000087c00000, 0x0000000087c00000| Untracked 
| 115|0x0000000087d00000, 0x0000000087e00000, 0x0000000087e00000|100%| O|  |TAMS 0x0000000087d00000, 0x0000000087d00000| Untracked 
| 116|0x0000000087e00000, 0x0000000087f00000, 0x0000000087f00000|100%| O|  |TAMS 0x0000000087e00000, 0x0000000087e00000| Untracked 
| 117|0x0000000087f00000, 0x0000000088000000, 0x0000000088000000|100%| O|  |TAMS 0x0000000087f00000, 0x0000000087f00000| Untracked 
| 118|0x0000000088000000, 0x0000000088100000, 0x0000000088100000|100%| O|  |TAMS 0x0000000088000000, 0x0000000088000000| Untracked 
| 119|0x0000000088100000, 0x0000000088200000, 0x0000000088200000|100%| O|  |TAMS 0x0000000088100000, 0x0000000088100000| Untracked 
| 120|0x0000000088200000, 0x0000000088300000, 0x0000000088300000|100%| O|  |TAMS 0x0000000088200000, 0x0000000088200000| Untracked 
| 121|0x0000000088300000, 0x0000000088400000, 0x0000000088400000|100%| O|  |TAMS 0x0000000088300000, 0x0000000088300000| Untracked 
| 122|0x0000000088400000, 0x0000000088500000, 0x0000000088500000|100%| O|  |TAMS 0x0000000088400000, 0x0000000088400000| Untracked 
| 123|0x0000000088500000, 0x0000000088600000, 0x0000000088600000|100%| O|  |TAMS 0x0000000088500000, 0x0000000088500000| Untracked 
| 124|0x0000000088600000, 0x0000000088700000, 0x0000000088700000|100%| O|  |TAMS 0x0000000088600000, 0x0000000088600000| Untracked 
| 125|0x0000000088700000, 0x0000000088800000, 0x0000000088800000|100%| O|  |TAMS 0x0000000088700000, 0x0000000088700000| Untracked 
| 126|0x0000000088800000, 0x0000000088900000, 0x0000000088900000|100%| O|  |TAMS 0x0000000088800000, 0x0000000088800000| Untracked 
| 127|0x0000000088900000, 0x0000000088a00000, 0x0000000088a00000|100%| O|  |TAMS 0x0000000088900000, 0x0000000088900000| Untracked 
| 128|0x0000000088a00000, 0x0000000088b00000, 0x0000000088b00000|100%| O|  |TAMS 0x0000000088a00000, 0x0000000088a00000| Untracked 
| 129|0x0000000088b00000, 0x0000000088c00000, 0x0000000088c00000|100%| O|  |TAMS 0x0000000088b00000, 0x0000000088b00000| Untracked 
| 130|0x0000000088c00000, 0x0000000088d00000, 0x0000000088d00000|100%| O|  |TAMS 0x0000000088c00000, 0x0000000088c00000| Untracked 
| 131|0x0000000088d00000, 0x0000000088e00000, 0x0000000088e00000|100%| O|  |TAMS 0x0000000088d00000, 0x0000000088d00000| Untracked 
| 132|0x0000000088e00000, 0x0000000088f00000, 0x0000000088f00000|100%| O|  |TAMS 0x0000000088e00000, 0x0000000088e00000| Untracked 
| 133|0x0000000088f00000, 0x0000000089000000, 0x0000000089000000|100%| O|  |TAMS 0x0000000088f00000, 0x0000000088f00000| Untracked 
| 134|0x0000000089000000, 0x0000000089100000, 0x0000000089100000|100%| O|  |TAMS 0x0000000089000000, 0x0000000089000000| Untracked 
| 135|0x0000000089100000, 0x0000000089200000, 0x0000000089200000|100%| O|  |TAMS 0x0000000089100000, 0x0000000089100000| Untracked 
| 136|0x0000000089200000, 0x0000000089300000, 0x0000000089300000|100%| O|  |TAMS 0x0000000089200000, 0x0000000089200000| Untracked 
| 137|0x0000000089300000, 0x0000000089400000, 0x0000000089400000|100%| O|  |TAMS 0x0000000089300000, 0x0000000089300000| Untracked 
| 138|0x0000000089400000, 0x0000000089500000, 0x0000000089500000|100%| O|  |TAMS 0x0000000089400000, 0x0000000089400000| Untracked 
| 139|0x0000000089500000, 0x0000000089580000, 0x0000000089600000| 50%| O|  |TAMS 0x0000000089500000, 0x0000000089500000| Untracked 
| 140|0x0000000089600000, 0x0000000089600000, 0x0000000089700000|  0%| F|  |TAMS 0x0000000089600000, 0x0000000089600000| Untracked 
| 141|0x0000000089700000, 0x0000000089700000, 0x0000000089800000|  0%| F|  |TAMS 0x0000000089700000, 0x0000000089700000| Untracked 
| 142|0x0000000089800000, 0x0000000089800000, 0x0000000089900000|  0%| F|  |TAMS 0x0000000089800000, 0x0000000089800000| Untracked 
| 143|0x0000000089900000, 0x0000000089900000, 0x0000000089a00000|  0%| F|  |TAMS 0x0000000089900000, 0x0000000089900000| Untracked 
| 144|0x0000000089a00000, 0x0000000089a00000, 0x0000000089b00000|  0%| F|  |TAMS 0x0000000089a00000, 0x0000000089a00000| Untracked 
| 145|0x0000000089b00000, 0x0000000089b00000, 0x0000000089c00000|  0%| F|  |TAMS 0x0000000089b00000, 0x0000000089b00000| Untracked 
| 146|0x0000000089c00000, 0x0000000089c00000, 0x0000000089d00000|  0%| F|  |TAMS 0x0000000089c00000, 0x0000000089c00000| Untracked 
| 147|0x0000000089d00000, 0x0000000089d00000, 0x0000000089e00000|  0%| F|  |TAMS 0x0000000089d00000, 0x0000000089d00000| Untracked 
| 148|0x0000000089e00000, 0x0000000089e00000, 0x0000000089f00000|  0%| F|  |TAMS 0x0000000089e00000, 0x0000000089e00000| Untracked 
| 149|0x0000000089f00000, 0x0000000089f00000, 0x000000008a000000|  0%| F|  |TAMS 0x0000000089f00000, 0x0000000089f00000| Untracked 
| 150|0x000000008a000000, 0x000000008a000000, 0x000000008a100000|  0%| F|  |TAMS 0x000000008a000000, 0x000000008a000000| Untracked 
| 151|0x000000008a100000, 0x000000008a100000, 0x000000008a200000|  0%| F|  |TAMS 0x000000008a100000, 0x000000008a100000| Untracked 
| 152|0x000000008a200000, 0x000000008a200000, 0x000000008a300000|  0%| F|  |TAMS 0x000000008a200000, 0x000000008a200000| Untracked 
| 153|0x000000008a300000, 0x000000008a300000, 0x000000008a400000|  0%| F|  |TAMS 0x000000008a300000, 0x000000008a300000| Untracked 
| 154|0x000000008a400000, 0x000000008a400000, 0x000000008a500000|  0%| F|  |TAMS 0x000000008a400000, 0x000000008a400000| Untracked 
| 155|0x000000008a500000, 0x000000008a500000, 0x000000008a600000|  0%| F|  |TAMS 0x000000008a500000, 0x000000008a500000| Untracked 
| 156|0x000000008a600000, 0x000000008a600000, 0x000000008a700000|  0%| F|  |TAMS 0x000000008a600000, 0x000000008a600000| Untracked 
| 157|0x000000008a700000, 0x000000008a700000, 0x000000008a800000|  0%| F|  |TAMS 0x000000008a700000, 0x000000008a700000| Untracked 
| 158|0x000000008a800000, 0x000000008a800000, 0x000000008a900000|  0%| F|  |TAMS 0x000000008a800000, 0x000000008a800000| Untracked 
| 159|0x000000008a900000, 0x000000008a900000, 0x000000008aa00000|  0%| F|  |TAMS 0x000000008a900000, 0x000000008a900000| Untracked 
| 160|0x000000008aa00000, 0x000000008aa00000, 0x000000008ab00000|  0%| F|  |TAMS 0x000000008aa00000, 0x000000008aa00000| Untracked 
| 161|0x000000008ab00000, 0x000000008ab00000, 0x000000008ac00000|  0%| F|  |TAMS 0x000000008ab00000, 0x000000008ab00000| Untracked 
| 162|0x000000008ac00000, 0x000000008ac00000, 0x000000008ad00000|  0%| F|  |TAMS 0x000000008ac00000, 0x000000008ac00000| Untracked 
| 163|0x000000008ad00000, 0x000000008ad00000, 0x000000008ae00000|  0%| F|  |TAMS 0x000000008ad00000, 0x000000008ad00000| Untracked 
| 164|0x000000008ae00000, 0x000000008ae00000, 0x000000008af00000|  0%| F|  |TAMS 0x000000008ae00000, 0x000000008ae00000| Untracked 
| 165|0x000000008af00000, 0x000000008af00000, 0x000000008b000000|  0%| F|  |TAMS 0x000000008af00000, 0x000000008af00000| Untracked 
| 166|0x000000008b000000, 0x000000008b000000, 0x000000008b100000|  0%| F|  |TAMS 0x000000008b000000, 0x000000008b000000| Untracked 
| 167|0x000000008b100000, 0x000000008b100000, 0x000000008b200000|  0%| F|  |TAMS 0x000000008b100000, 0x000000008b100000| Untracked 
| 168|0x000000008b200000, 0x000000008b200000, 0x000000008b300000|  0%| F|  |TAMS 0x000000008b200000, 0x000000008b200000| Untracked 
| 169|0x000000008b300000, 0x000000008b300000, 0x000000008b400000|  0%| F|  |TAMS 0x000000008b300000, 0x000000008b300000| Untracked 
| 170|0x000000008b400000, 0x000000008b400000, 0x000000008b500000|  0%| F|  |TAMS 0x000000008b400000, 0x000000008b400000| Untracked 
| 171|0x000000008b500000, 0x000000008b500000, 0x000000008b600000|  0%| F|  |TAMS 0x000000008b500000, 0x000000008b500000| Untracked 
| 172|0x000000008b600000, 0x000000008b600000, 0x000000008b700000|  0%| F|  |TAMS 0x000000008b600000, 0x000000008b600000| Untracked 
| 173|0x000000008b700000, 0x000000008b700000, 0x000000008b800000|  0%| F|  |TAMS 0x000000008b700000, 0x000000008b700000| Untracked 
| 174|0x000000008b800000, 0x000000008b800000, 0x000000008b900000|  0%| F|  |TAMS 0x000000008b800000, 0x000000008b800000| Untracked 
| 175|0x000000008b900000, 0x000000008b900000, 0x000000008ba00000|  0%| F|  |TAMS 0x000000008b900000, 0x000000008b900000| Untracked 
| 176|0x000000008ba00000, 0x000000008ba00000, 0x000000008bb00000|  0%| F|  |TAMS 0x000000008ba00000, 0x000000008ba00000| Untracked 
| 177|0x000000008bb00000, 0x000000008bb00000, 0x000000008bc00000|  0%| F|  |TAMS 0x000000008bb00000, 0x000000008bb00000| Untracked 
| 178|0x000000008bc00000, 0x000000008bc00000, 0x000000008bd00000|  0%| F|  |TAMS 0x000000008bc00000, 0x000000008bc00000| Untracked 
| 179|0x000000008bd00000, 0x000000008bd00000, 0x000000008be00000|  0%| F|  |TAMS 0x000000008bd00000, 0x000000008bd00000| Untracked 
| 180|0x000000008be00000, 0x000000008be00000, 0x000000008bf00000|  0%| F|  |TAMS 0x000000008be00000, 0x000000008be00000| Untracked 
| 181|0x000000008bf00000, 0x000000008bf00000, 0x000000008c000000|  0%| F|  |TAMS 0x000000008bf00000, 0x000000008bf00000| Untracked 
| 182|0x000000008c000000, 0x000000008c000000, 0x000000008c100000|  0%| F|  |TAMS 0x000000008c000000, 0x000000008c000000| Untracked 
| 183|0x000000008c100000, 0x000000008c100000, 0x000000008c200000|  0%| F|  |TAMS 0x000000008c100000, 0x000000008c100000| Untracked 
| 184|0x000000008c200000, 0x000000008c200000, 0x000000008c300000|  0%| F|  |TAMS 0x000000008c200000, 0x000000008c200000| Untracked 
| 185|0x000000008c300000, 0x000000008c300000, 0x000000008c400000|  0%| F|  |TAMS 0x000000008c300000, 0x000000008c300000| Untracked 
| 186|0x000000008c400000, 0x000000008c400000, 0x000000008c500000|  0%| F|  |TAMS 0x000000008c400000, 0x000000008c400000| Untracked 
| 187|0x000000008c500000, 0x000000008c500000, 0x000000008c600000|  0%| F|  |TAMS 0x000000008c500000, 0x000000008c500000| Untracked 
| 188|0x000000008c600000, 0x000000008c600000, 0x000000008c700000|  0%| F|  |TAMS 0x000000008c600000, 0x000000008c600000| Untracked 
| 189|0x000000008c700000, 0x000000008c700000, 0x000000008c800000|  0%| F|  |TAMS 0x000000008c700000, 0x000000008c700000| Untracked 
| 190|0x000000008c800000, 0x000000008c900000, 0x000000008c900000|100%| S|CS|TAMS 0x000000008c800000, 0x000000008c800000| Complete 
| 191|0x000000008c900000, 0x000000008ca00000, 0x000000008ca00000|100%| S|CS|TAMS 0x000000008c900000, 0x000000008c900000| Complete 
| 192|0x000000008ca00000, 0x000000008cb00000, 0x000000008cb00000|100%| S|CS|TAMS 0x000000008ca00000, 0x000000008ca00000| Complete 
| 193|0x000000008cb00000, 0x000000008cc00000, 0x000000008cc00000|100%| S|CS|TAMS 0x000000008cb00000, 0x000000008cb00000| Complete 
| 194|0x000000008cc00000, 0x000000008cd00000, 0x000000008cd00000|100%| S|CS|TAMS 0x000000008cc00000, 0x000000008cc00000| Complete 
| 195|0x000000008cd00000, 0x000000008ce00000, 0x000000008ce00000|100%| S|CS|TAMS 0x000000008cd00000, 0x000000008cd00000| Complete 
| 196|0x000000008ce00000, 0x000000008cf00000, 0x000000008cf00000|100%| S|CS|TAMS 0x000000008ce00000, 0x000000008ce00000| Complete 
| 197|0x000000008cf00000, 0x000000008d000000, 0x000000008d000000|100%| S|CS|TAMS 0x000000008cf00000, 0x000000008cf00000| Complete 
| 198|0x000000008d000000, 0x000000008d100000, 0x000000008d100000|100%| S|CS|TAMS 0x000000008d000000, 0x000000008d000000| Complete 
| 199|0x000000008d100000, 0x000000008d200000, 0x000000008d200000|100%| S|CS|TAMS 0x000000008d100000, 0x000000008d100000| Complete 
| 200|0x000000008d200000, 0x000000008d300000, 0x000000008d300000|100%| S|CS|TAMS 0x000000008d200000, 0x000000008d200000| Complete 
| 201|0x000000008d300000, 0x000000008d300000, 0x000000008d400000|  0%| F|  |TAMS 0x000000008d300000, 0x000000008d300000| Untracked 
| 202|0x000000008d400000, 0x000000008d400000, 0x000000008d500000|  0%| F|  |TAMS 0x000000008d400000, 0x000000008d400000| Untracked 
| 203|0x000000008d500000, 0x000000008d500000, 0x000000008d600000|  0%| F|  |TAMS 0x000000008d500000, 0x000000008d500000| Untracked 
| 204|0x000000008d600000, 0x000000008d600000, 0x000000008d700000|  0%| F|  |TAMS 0x000000008d600000, 0x000000008d600000| Untracked 
| 205|0x000000008d700000, 0x000000008d700000, 0x000000008d800000|  0%| F|  |TAMS 0x000000008d700000, 0x000000008d700000| Untracked 
| 206|0x000000008d800000, 0x000000008d800000, 0x000000008d900000|  0%| F|  |TAMS 0x000000008d800000, 0x000000008d800000| Untracked 
| 207|0x000000008d900000, 0x000000008d900000, 0x000000008da00000|  0%| F|  |TAMS 0x000000008d900000, 0x000000008d900000| Untracked 
| 208|0x000000008da00000, 0x000000008da00000, 0x000000008db00000|  0%| F|  |TAMS 0x000000008da00000, 0x000000008da00000| Untracked 
| 209|0x000000008db00000, 0x000000008db00000, 0x000000008dc00000|  0%| F|  |TAMS 0x000000008db00000, 0x000000008db00000| Untracked 
| 210|0x000000008dc00000, 0x000000008dc00000, 0x000000008dd00000|  0%| F|  |TAMS 0x000000008dc00000, 0x000000008dc00000| Untracked 
| 211|0x000000008dd00000, 0x000000008dd00000, 0x000000008de00000|  0%| F|  |TAMS 0x000000008dd00000, 0x000000008dd00000| Untracked 
| 212|0x000000008de00000, 0x000000008de00000, 0x000000008df00000|  0%| F|  |TAMS 0x000000008de00000, 0x000000008de00000| Untracked 
| 213|0x000000008df00000, 0x000000008df00000, 0x000000008e000000|  0%| F|  |TAMS 0x000000008df00000, 0x000000008df00000| Untracked 
| 214|0x000000008e000000, 0x000000008e000000, 0x000000008e100000|  0%| F|  |TAMS 0x000000008e000000, 0x000000008e000000| Untracked 
| 215|0x000000008e100000, 0x000000008e100000, 0x000000008e200000|  0%| F|  |TAMS 0x000000008e100000, 0x000000008e100000| Untracked 
| 216|0x000000008e200000, 0x000000008e200000, 0x000000008e300000|  0%| F|  |TAMS 0x000000008e200000, 0x000000008e200000| Untracked 
| 217|0x000000008e300000, 0x000000008e300000, 0x000000008e400000|  0%| F|  |TAMS 0x000000008e300000, 0x000000008e300000| Untracked 
| 218|0x000000008e400000, 0x000000008e400000, 0x000000008e500000|  0%| F|  |TAMS 0x000000008e400000, 0x000000008e400000| Untracked 
| 219|0x000000008e500000, 0x000000008e500000, 0x000000008e600000|  0%| F|  |TAMS 0x000000008e500000, 0x000000008e500000| Untracked 
| 220|0x000000008e600000, 0x000000008e600000, 0x000000008e700000|  0%| F|  |TAMS 0x000000008e600000, 0x000000008e600000| Untracked 
| 221|0x000000008e700000, 0x000000008e700000, 0x000000008e800000|  0%| F|  |TAMS 0x000000008e700000, 0x000000008e700000| Untracked 
| 222|0x000000008e800000, 0x000000008e800000, 0x000000008e900000|  0%| F|  |TAMS 0x000000008e800000, 0x000000008e800000| Untracked 
| 223|0x000000008e900000, 0x000000008e900000, 0x000000008ea00000|  0%| F|  |TAMS 0x000000008e900000, 0x000000008e900000| Untracked 
| 224|0x000000008ea00000, 0x000000008ea00000, 0x000000008eb00000|  0%| F|  |TAMS 0x000000008ea00000, 0x000000008ea00000| Untracked 
| 225|0x000000008eb00000, 0x000000008eb00000, 0x000000008ec00000|  0%| F|  |TAMS 0x000000008eb00000, 0x000000008eb00000| Untracked 
| 226|0x000000008ec00000, 0x000000008ec00000, 0x000000008ed00000|  0%| F|  |TAMS 0x000000008ec00000, 0x000000008ec00000| Untracked 
| 227|0x000000008ed00000, 0x000000008ed00000, 0x000000008ee00000|  0%| F|  |TAMS 0x000000008ed00000, 0x000000008ed00000| Untracked 
| 228|0x000000008ee00000, 0x000000008ee00000, 0x000000008ef00000|  0%| F|  |TAMS 0x000000008ee00000, 0x000000008ee00000| Untracked 
| 229|0x000000008ef00000, 0x000000008ef00000, 0x000000008f000000|  0%| F|  |TAMS 0x000000008ef00000, 0x000000008ef00000| Untracked 
| 230|0x000000008f000000, 0x000000008f000000, 0x000000008f100000|  0%| F|  |TAMS 0x000000008f000000, 0x000000008f000000| Untracked 
| 231|0x000000008f100000, 0x000000008f100000, 0x000000008f200000|  0%| F|  |TAMS 0x000000008f100000, 0x000000008f100000| Untracked 
| 232|0x000000008f200000, 0x000000008f200000, 0x000000008f300000|  0%| F|  |TAMS 0x000000008f200000, 0x000000008f200000| Untracked 
| 233|0x000000008f300000, 0x000000008f300000, 0x000000008f400000|  0%| F|  |TAMS 0x000000008f300000, 0x000000008f300000| Untracked 
| 234|0x000000008f400000, 0x000000008f400000, 0x000000008f500000|  0%| F|  |TAMS 0x000000008f400000, 0x000000008f400000| Untracked 
| 235|0x000000008f500000, 0x000000008f500000, 0x000000008f600000|  0%| F|  |TAMS 0x000000008f500000, 0x000000008f500000| Untracked 
| 236|0x000000008f600000, 0x000000008f600000, 0x000000008f700000|  0%| F|  |TAMS 0x000000008f600000, 0x000000008f600000| Untracked 
| 237|0x000000008f700000, 0x000000008f700000, 0x000000008f800000|  0%| F|  |TAMS 0x000000008f700000, 0x000000008f700000| Untracked 
| 238|0x000000008f800000, 0x000000008f800000, 0x000000008f900000|  0%| F|  |TAMS 0x000000008f800000, 0x000000008f800000| Untracked 
| 239|0x000000008f900000, 0x000000008f900000, 0x000000008fa00000|  0%| F|  |TAMS 0x000000008f900000, 0x000000008f900000| Untracked 
| 240|0x000000008fa00000, 0x000000008fa00000, 0x000000008fb00000|  0%| F|  |TAMS 0x000000008fa00000, 0x000000008fa00000| Untracked 
| 241|0x000000008fb00000, 0x000000008fb00000, 0x000000008fc00000|  0%| F|  |TAMS 0x000000008fb00000, 0x000000008fb00000| Untracked 
| 242|0x000000008fc00000, 0x000000008fc00000, 0x000000008fd00000|  0%| F|  |TAMS 0x000000008fc00000, 0x000000008fc00000| Untracked 
| 243|0x000000008fd00000, 0x000000008fd00000, 0x000000008fe00000|  0%| F|  |TAMS 0x000000008fd00000, 0x000000008fd00000| Untracked 
| 244|0x000000008fe00000, 0x000000008fe00000, 0x000000008ff00000|  0%| F|  |TAMS 0x000000008fe00000, 0x000000008fe00000| Untracked 
| 245|0x000000008ff00000, 0x000000008ff00000, 0x0000000090000000|  0%| F|  |TAMS 0x000000008ff00000, 0x000000008ff00000| Untracked 
| 246|0x0000000090000000, 0x0000000090000000, 0x0000000090100000|  0%| F|  |TAMS 0x0000000090000000, 0x0000000090000000| Untracked 
| 247|0x0000000090100000, 0x0000000090100000, 0x0000000090200000|  0%| F|  |TAMS 0x0000000090100000, 0x0000000090100000| Untracked 
| 248|0x0000000090200000, 0x0000000090200000, 0x0000000090300000|  0%| F|  |TAMS 0x0000000090200000, 0x0000000090200000| Untracked 
| 249|0x0000000090300000, 0x0000000090300000, 0x0000000090400000|  0%| F|  |TAMS 0x0000000090300000, 0x0000000090300000| Untracked 
| 250|0x0000000090400000, 0x0000000090400000, 0x0000000090500000|  0%| F|  |TAMS 0x0000000090400000, 0x0000000090400000| Untracked 
| 251|0x0000000090500000, 0x0000000090500000, 0x0000000090600000|  0%| F|  |TAMS 0x0000000090500000, 0x0000000090500000| Untracked 
| 252|0x0000000090600000, 0x0000000090600000, 0x0000000090700000|  0%| F|  |TAMS 0x0000000090600000, 0x0000000090600000| Untracked 
| 253|0x0000000090700000, 0x0000000090700000, 0x0000000090800000|  0%| F|  |TAMS 0x0000000090700000, 0x0000000090700000| Untracked 
| 254|0x0000000090800000, 0x0000000090800000, 0x0000000090900000|  0%| F|  |TAMS 0x0000000090800000, 0x0000000090800000| Untracked 
| 255|0x0000000090900000, 0x0000000090900000, 0x0000000090a00000|  0%| F|  |TAMS 0x0000000090900000, 0x0000000090900000| Untracked 
| 256|0x0000000090a00000, 0x0000000090a00000, 0x0000000090b00000|  0%| F|  |TAMS 0x0000000090a00000, 0x0000000090a00000| Untracked 
| 257|0x0000000090b00000, 0x0000000090b00000, 0x0000000090c00000|  0%| F|  |TAMS 0x0000000090b00000, 0x0000000090b00000| Untracked 
| 258|0x0000000090c00000, 0x0000000090c00000, 0x0000000090d00000|  0%| F|  |TAMS 0x0000000090c00000, 0x0000000090c00000| Untracked 
| 259|0x0000000090d00000, 0x0000000090d00000, 0x0000000090e00000|  0%| F|  |TAMS 0x0000000090d00000, 0x0000000090d00000| Untracked 
| 260|0x0000000090e00000, 0x0000000090e00000, 0x0000000090f00000|  0%| F|  |TAMS 0x0000000090e00000, 0x0000000090e00000| Untracked 
| 261|0x0000000090f00000, 0x0000000090f00000, 0x0000000091000000|  0%| F|  |TAMS 0x0000000090f00000, 0x0000000090f00000| Untracked 
| 262|0x0000000091000000, 0x0000000091000000, 0x0000000091100000|  0%| F|  |TAMS 0x0000000091000000, 0x0000000091000000| Untracked 
| 263|0x0000000091100000, 0x0000000091100000, 0x0000000091200000|  0%| F|  |TAMS 0x0000000091100000, 0x0000000091100000| Untracked 
| 264|0x0000000091200000, 0x0000000091200000, 0x0000000091300000|  0%| F|  |TAMS 0x0000000091200000, 0x0000000091200000| Untracked 
| 265|0x0000000091300000, 0x0000000091300000, 0x0000000091400000|  0%| F|  |TAMS 0x0000000091300000, 0x0000000091300000| Untracked 
| 266|0x0000000091400000, 0x0000000091400000, 0x0000000091500000|  0%| F|  |TAMS 0x0000000091400000, 0x0000000091400000| Untracked 
| 267|0x0000000091500000, 0x0000000091500000, 0x0000000091600000|  0%| F|  |TAMS 0x0000000091500000, 0x0000000091500000| Untracked 
| 268|0x0000000091600000, 0x0000000091600000, 0x0000000091700000|  0%| F|  |TAMS 0x0000000091600000, 0x0000000091600000| Untracked 
| 269|0x0000000091700000, 0x0000000091700000, 0x0000000091800000|  0%| F|  |TAMS 0x0000000091700000, 0x0000000091700000| Untracked 
| 270|0x0000000091800000, 0x0000000091800000, 0x0000000091900000|  0%| F|  |TAMS 0x0000000091800000, 0x0000000091800000| Untracked 
| 271|0x0000000091900000, 0x0000000091900000, 0x0000000091a00000|  0%| F|  |TAMS 0x0000000091900000, 0x0000000091900000| Untracked 
| 272|0x0000000091a00000, 0x0000000091a00000, 0x0000000091b00000|  0%| F|  |TAMS 0x0000000091a00000, 0x0000000091a00000| Untracked 
| 273|0x0000000091b00000, 0x0000000091b00000, 0x0000000091c00000|  0%| F|  |TAMS 0x0000000091b00000, 0x0000000091b00000| Untracked 
| 274|0x0000000091c00000, 0x0000000091c00000, 0x0000000091d00000|  0%| F|  |TAMS 0x0000000091c00000, 0x0000000091c00000| Untracked 
| 275|0x0000000091d00000, 0x0000000091d00000, 0x0000000091e00000|  0%| F|  |TAMS 0x0000000091d00000, 0x0000000091d00000| Untracked 
| 276|0x0000000091e00000, 0x0000000091e00000, 0x0000000091f00000|  0%| F|  |TAMS 0x0000000091e00000, 0x0000000091e00000| Untracked 
| 277|0x0000000091f00000, 0x0000000091f00000, 0x0000000092000000|  0%| F|  |TAMS 0x0000000091f00000, 0x0000000091f00000| Untracked 
| 278|0x0000000092000000, 0x0000000092000000, 0x0000000092100000|  0%| F|  |TAMS 0x0000000092000000, 0x0000000092000000| Untracked 
| 279|0x0000000092100000, 0x0000000092100000, 0x0000000092200000|  0%| F|  |TAMS 0x0000000092100000, 0x0000000092100000| Untracked 
| 280|0x0000000092200000, 0x0000000092200000, 0x0000000092300000|  0%| F|  |TAMS 0x0000000092200000, 0x0000000092200000| Untracked 
| 281|0x0000000092300000, 0x0000000092300000, 0x0000000092400000|  0%| F|  |TAMS 0x0000000092300000, 0x0000000092300000| Untracked 
| 282|0x0000000092400000, 0x0000000092400000, 0x0000000092500000|  0%| F|  |TAMS 0x0000000092400000, 0x0000000092400000| Untracked 
| 283|0x0000000092500000, 0x0000000092500000, 0x0000000092600000|  0%| F|  |TAMS 0x0000000092500000, 0x0000000092500000| Untracked 
| 284|0x0000000092600000, 0x0000000092600000, 0x0000000092700000|  0%| F|  |TAMS 0x0000000092600000, 0x0000000092600000| Untracked 
| 285|0x0000000092700000, 0x0000000092700000, 0x0000000092800000|  0%| F|  |TAMS 0x0000000092700000, 0x0000000092700000| Untracked 
| 286|0x0000000092800000, 0x0000000092800000, 0x0000000092900000|  0%| F|  |TAMS 0x0000000092800000, 0x0000000092800000| Untracked 
| 287|0x0000000092900000, 0x0000000092900000, 0x0000000092a00000|  0%| F|  |TAMS 0x0000000092900000, 0x0000000092900000| Untracked 
| 288|0x0000000092a00000, 0x0000000092a00000, 0x0000000092b00000|  0%| F|  |TAMS 0x0000000092a00000, 0x0000000092a00000| Untracked 
| 289|0x0000000092b00000, 0x0000000092b00000, 0x0000000092c00000|  0%| F|  |TAMS 0x0000000092b00000, 0x0000000092b00000| Untracked 
| 290|0x0000000092c00000, 0x0000000092c00000, 0x0000000092d00000|  0%| F|  |TAMS 0x0000000092c00000, 0x0000000092c00000| Untracked 
| 291|0x0000000092d00000, 0x0000000092d00000, 0x0000000092e00000|  0%| F|  |TAMS 0x0000000092d00000, 0x0000000092d00000| Untracked 
| 292|0x0000000092e00000, 0x0000000092e00000, 0x0000000092f00000|  0%| F|  |TAMS 0x0000000092e00000, 0x0000000092e00000| Untracked 
| 293|0x0000000092f00000, 0x0000000092f00000, 0x0000000093000000|  0%| F|  |TAMS 0x0000000092f00000, 0x0000000092f00000| Untracked 
| 294|0x0000000093000000, 0x0000000093000000, 0x0000000093100000|  0%| F|  |TAMS 0x0000000093000000, 0x0000000093000000| Untracked 
| 295|0x0000000093100000, 0x0000000093100000, 0x0000000093200000|  0%| F|  |TAMS 0x0000000093100000, 0x0000000093100000| Untracked 
| 296|0x0000000093200000, 0x0000000093200000, 0x0000000093300000|  0%| F|  |TAMS 0x0000000093200000, 0x0000000093200000| Untracked 
| 297|0x0000000093300000, 0x0000000093300000, 0x0000000093400000|  0%| F|  |TAMS 0x0000000093300000, 0x0000000093300000| Untracked 
| 298|0x0000000093400000, 0x0000000093400000, 0x0000000093500000|  0%| F|  |TAMS 0x0000000093400000, 0x0000000093400000| Untracked 
| 299|0x0000000093500000, 0x0000000093500000, 0x0000000093600000|  0%| F|  |TAMS 0x0000000093500000, 0x0000000093500000| Untracked 
| 300|0x0000000093600000, 0x0000000093600000, 0x0000000093700000|  0%| F|  |TAMS 0x0000000093600000, 0x0000000093600000| Untracked 
| 301|0x0000000093700000, 0x0000000093700000, 0x0000000093800000|  0%| F|  |TAMS 0x0000000093700000, 0x0000000093700000| Untracked 
| 302|0x0000000093800000, 0x0000000093800000, 0x0000000093900000|  0%| F|  |TAMS 0x0000000093800000, 0x0000000093800000| Untracked 
| 303|0x0000000093900000, 0x0000000093900000, 0x0000000093a00000|  0%| F|  |TAMS 0x0000000093900000, 0x0000000093900000| Untracked 
| 304|0x0000000093a00000, 0x0000000093a00000, 0x0000000093b00000|  0%| F|  |TAMS 0x0000000093a00000, 0x0000000093a00000| Untracked 
| 305|0x0000000093b00000, 0x0000000093b00000, 0x0000000093c00000|  0%| F|  |TAMS 0x0000000093b00000, 0x0000000093b00000| Untracked 
| 306|0x0000000093c00000, 0x0000000093c00000, 0x0000000093d00000|  0%| F|  |TAMS 0x0000000093c00000, 0x0000000093c00000| Untracked 
| 307|0x0000000093d00000, 0x0000000093d00000, 0x0000000093e00000|  0%| F|  |TAMS 0x0000000093d00000, 0x0000000093d00000| Untracked 
| 308|0x0000000093e00000, 0x0000000093e00000, 0x0000000093f00000|  0%| F|  |TAMS 0x0000000093e00000, 0x0000000093e00000| Untracked 
| 309|0x0000000093f00000, 0x0000000093f00000, 0x0000000094000000|  0%| F|  |TAMS 0x0000000093f00000, 0x0000000093f00000| Untracked 
| 310|0x0000000094000000, 0x0000000094000000, 0x0000000094100000|  0%| F|  |TAMS 0x0000000094000000, 0x0000000094000000| Untracked 
| 311|0x0000000094100000, 0x0000000094100000, 0x0000000094200000|  0%| F|  |TAMS 0x0000000094100000, 0x0000000094100000| Untracked 
| 312|0x0000000094200000, 0x0000000094200000, 0x0000000094300000|  0%| F|  |TAMS 0x0000000094200000, 0x0000000094200000| Untracked 
| 313|0x0000000094300000, 0x0000000094300000, 0x0000000094400000|  0%| F|  |TAMS 0x0000000094300000, 0x0000000094300000| Untracked 
| 314|0x0000000094400000, 0x0000000094400000, 0x0000000094500000|  0%| F|  |TAMS 0x0000000094400000, 0x0000000094400000| Untracked 
| 315|0x0000000094500000, 0x0000000094500000, 0x0000000094600000|  0%| F|  |TAMS 0x0000000094500000, 0x0000000094500000| Untracked 
| 316|0x0000000094600000, 0x0000000094600000, 0x0000000094700000|  0%| F|  |TAMS 0x0000000094600000, 0x0000000094600000| Untracked 
| 317|0x0000000094700000, 0x0000000094700000, 0x0000000094800000|  0%| F|  |TAMS 0x0000000094700000, 0x0000000094700000| Untracked 
| 318|0x0000000094800000, 0x0000000094800000, 0x0000000094900000|  0%| F|  |TAMS 0x0000000094800000, 0x0000000094800000| Untracked 
| 319|0x0000000094900000, 0x0000000094900000, 0x0000000094a00000|  0%| F|  |TAMS 0x0000000094900000, 0x0000000094900000| Untracked 

Card table byte_map: [0x000001b0ae800000,0x000001b0aec00000] _byte_map_base: 0x000001b0ae3fb000

Marking Bits (Prev, Next): (CMBitMap*) 0x000001b097cc89c0, (CMBitMap*) 0x000001b097cc8a00
 Prev Bits: [0x000001b0af000000, 0x000001b0b0fd8000)
 Next Bits: [0x000001b0b0fe0000, 0x000001b0b2fb8000)

Polling page: 0x000001b095c60000

Metaspace:

Usage:
  Non-class:      8.29 MB used.
      Class:      1.25 MB used.
       Both:      9.54 MB used.

Virtual space:
  Non-class space:       16.00 MB reserved,       8.38 MB ( 52%) committed,  2 nodes.
      Class space:        1.00 GB reserved,       1.38 MB ( <1%) committed,  1 nodes.
              Both:        1.02 GB reserved,       9.75 MB ( <1%) committed. 

Chunk freelists:
   Non-Class:  3.10 MB
       Class:  2.55 MB
        Both:  5.65 MB

MaxMetaspaceSize: 17179869184.00 GB
CompressedClassSpaceSize: 1.00 GB
 - commit_granule_bytes: 65536.
 - commit_granule_words: 8192.
 - virtual_space_node_default_size: 1048576.
 - enlarge_chunks_in_place: 1.
 - new_chunks_are_fully_committed: 0.
 - uncommit_free_chunks: 1.
 - use_allocation_guard: 0.
 - handle_deallocations: 1.


Internal statistics:

num_allocs_failed_limit: 0.
num_arena_births: 156.
num_arena_deaths: 0.
num_vsnodes_births: 3.
num_vsnodes_deaths: 0.
num_space_committed: 156.
num_space_uncommitted: 0.
num_chunks_returned_to_freelist: 0.
num_chunks_taken_from_freelist: 444.
num_chunk_merges: 0.
num_chunk_splits: 297.
num_chunks_enlarged: 214.
num_purges: 0.

CodeHeap 'non-profiled nmethods': size=120000Kb used=576Kb max_used=576Kb free=119424Kb
 bounds [0x000001b0a6ed0000, 0x000001b0a7140000, 0x000001b0ae400000]
CodeHeap 'profiled nmethods': size=120000Kb used=2378Kb max_used=2378Kb free=117621Kb
 bounds [0x000001b09f9a0000, 0x000001b09fc10000, 0x000001b0a6ed0000]
CodeHeap 'non-nmethods': size=5760Kb used=1305Kb max_used=1438Kb free=4454Kb
 bounds [0x000001b09f400000, 0x000001b09f670000, 0x000001b09f9a0000]
 total_blobs=2006 nmethods=1376 adapters=543
 compilation: enabled
              stopped_count=0, restarted_count=0
 full_count=0

Compilation events (20 events):
Event: 1.098 Thread 0x000001b0b5442bc0 nmethod 1372 0x000001b09fbedd10 code [0x000001b09fbedec0, 0x000001b09fbee068]
Event: 1.098 Thread 0x000001b0b5442bc0 1373       3       java.util.StringTokenizer::nextToken (92 bytes)
Event: 1.099 Thread 0x000001b0b5442bc0 nmethod 1373 0x000001b09fbee110 code [0x000001b09fbee300, 0x000001b09fbee678]
Event: 1.099 Thread 0x000001b0b5442bc0 1374       1       java.lang.reflect.Constructor::getSharedParameterTypes (5 bytes)
Event: 1.099 Thread 0x000001b0b5442bc0 nmethod 1374 0x000001b0a6f3e990 code [0x000001b0a6f3eb20, 0x000001b0a6f3ebf8]
Event: 1.101 Thread 0x000001b0b5442bc0 1375       3       java.util.LinkedHashMap::newNode (23 bytes)
Event: 1.101 Thread 0x000001b0b5442bc0 nmethod 1375 0x000001b09fbee810 code [0x000001b09fbee9e0, 0x000001b09fbeedc8]
Event: 1.101 Thread 0x000001b0b5442bc0 1377       3       java.util.LinkedHashMap::afterNodeInsertion (40 bytes)
Event: 1.102 Thread 0x000001b0b5442bc0 nmethod 1377 0x000001b09fbeef90 code [0x000001b09fbef140, 0x000001b09fbef338]
Event: 1.102 Thread 0x000001b0b5442bc0 1376       3       java.util.LinkedHashMap::linkNodeLast (33 bytes)
Event: 1.102 Thread 0x000001b0b5442bc0 nmethod 1376 0x000001b09fbef410 code [0x000001b09fbef5c0, 0x000001b09fbef8d8]
Event: 1.124 Thread 0x000001b0b5442bc0 1378       3       java.util.Properties::saveConvert (434 bytes)
Event: 1.126 Thread 0x000001b0b5442bc0 nmethod 1378 0x000001b09fbefa10 code [0x000001b09fbefec0, 0x000001b09fbf1ea8]
Event: 1.192 Thread 0x000001b0b54400c0 nmethod 1108 0x000001b0a6f3ec90 code [0x000001b0a6f3f520, 0x000001b0a6f50be0]
Event: 1.193 Thread 0x000001b0b54400c0 1364       4       java.io.DataInputStream::readUTF (501 bytes)
Event: 1.284 Thread 0x000001b0b54400c0 nmethod 1364 0x000001b0a6f56f90 code [0x000001b0a6f57320, 0x000001b0a6f5b648]
Event: 1.284 Thread 0x000001b0b54400c0 1365       4       java.io.DataInputStream::readFully (59 bytes)
Event: 1.294 Thread 0x000001b0b54400c0 nmethod 1365 0x000001b0a6f5d690 code [0x000001b0a6f5d8c0, 0x000001b0a6f5f010]
Event: 1.294 Thread 0x000001b0b54400c0 1371       4       java.lang.String::indexOf (7 bytes)
Event: 1.295 Thread 0x000001b0b54400c0 nmethod 1371 0x000001b0a6f5fb90 code [0x000001b0a6f5fd20, 0x000001b0a6f5fed8]

GC Heap History (20 events):
Event: 0.370 GC heap after
{Heap after GC invocations=1 (full 0):
 garbage-first heap   total 131072K, used 1764K [0x0000000080a00000, 0x0000000100000000)
  region size 1024K, 2 young (2048K), 2 survivors (2048K)
 Metaspace       used 2829K, committed 3008K, reserved 1056768K
  class space    used 293K, committed 384K, reserved 1048576K
}
Event: 0.695 GC heap before
{Heap before GC invocations=1 (full 0):
 garbage-first heap   total 131072K, used 19172K [0x0000000080a00000, 0x0000000100000000)
  region size 1024K, 20 young (20480K), 2 survivors (2048K)
 Metaspace       used 8353K, committed 8576K, reserved 1064960K
  class space    used 1052K, committed 1152K, reserved 1048576K
}
Event: 0.698 GC heap after
{Heap after GC invocations=2 (full 0):
 garbage-first heap   total 131072K, used 4787K [0x0000000080a00000, 0x0000000100000000)
  region size 1024K, 3 young (3072K), 3 survivors (3072K)
 Metaspace       used 8353K, committed 8576K, reserved 1064960K
  class space    used 1052K, committed 1152K, reserved 1048576K
}
Event: 0.986 GC heap before
{Heap before GC invocations=2 (full 0):
 garbage-first heap   total 131072K, used 85683K [0x0000000080a00000, 0x0000000100000000)
  region size 1024K, 76 young (77824K), 3 survivors (3072K)
 Metaspace       used 9556K, committed 9856K, reserved 1064960K
  class space    used 1263K, committed 1408K, reserved 1048576K
}
Event: 1.007 GC heap after
{Heap after GC invocations=3 (full 0):
 garbage-first heap   total 131072K, used 17453K [0x0000000080a00000, 0x0000000100000000)
  region size 1024K, 10 young (10240K), 10 survivors (10240K)
 Metaspace       used 9556K, committed 9856K, reserved 1064960K
  class space    used 1263K, committed 1408K, reserved 1048576K
}
Event: 1.059 GC heap before
{Heap before GC invocations=3 (full 0):
 garbage-first heap   total 131072K, used 79917K [0x0000000080a00000, 0x0000000100000000)
  region size 1024K, 68 young (69632K), 10 survivors (10240K)
 Metaspace       used 9556K, committed 9856K, reserved 1064960K
  class space    used 1263K, committed 1408K, reserved 1048576K
}
Event: 1.086 GC heap after
{Heap after GC invocations=4 (full 0):
 garbage-first heap   total 131072K, used 25912K [0x0000000080a00000, 0x0000000100000000)
  region size 1024K, 6 young (6144K), 6 survivors (6144K)
 Metaspace       used 9556K, committed 9856K, reserved 1064960K
  class space    used 1263K, committed 1408K, reserved 1048576K
}
Event: 1.135 GC heap before
{Heap before GC invocations=4 (full 0):
 garbage-first heap   total 131072K, used 79160K [0x0000000080a00000, 0x0000000100000000)
  region size 1024K, 53 young (54272K), 6 survivors (6144K)
 Metaspace       used 9764K, committed 9984K, reserved 1064960K
  class space    used 1278K, committed 1408K, reserved 1048576K
}
Event: 1.149 GC heap after
{Heap after GC invocations=5 (full 0):
 garbage-first heap   total 131072K, used 36562K [0x0000000080a00000, 0x0000000100000000)
  region size 1024K, 5 young (5120K), 5 survivors (5120K)
 Metaspace       used 9764K, committed 9984K, reserved 1064960K
  class space    used 1278K, committed 1408K, reserved 1048576K
}
Event: 1.217 GC heap before
{Heap before GC invocations=5 (full 0):
 garbage-first heap   total 131072K, used 106194K [0x0000000080a00000, 0x0000000100000000)
  region size 1024K, 66 young (67584K), 5 survivors (5120K)
 Metaspace       used 9764K, committed 9984K, reserved 1064960K
  class space    used 1278K, committed 1408K, reserved 1048576K
}
Event: 1.232 GC heap after
{Heap after GC invocations=6 (full 0):
 garbage-first heap   total 131072K, used 49152K [0x0000000080a00000, 0x0000000100000000)
  region size 1024K, 9 young (9216K), 9 survivors (9216K)
 Metaspace       used 9764K, committed 9984K, reserved 1064960K
  class space    used 1278K, committed 1408K, reserved 1048576K
}
Event: 1.262 GC heap before
{Heap before GC invocations=6 (full 0):
 garbage-first heap   total 131072K, used 103424K [0x0000000080a00000, 0x0000000100000000)
  region size 1024K, 62 young (63488K), 9 survivors (9216K)
 Metaspace       used 9764K, committed 9984K, reserved 1064960K
  class space    used 1278K, committed 1408K, reserved 1048576K
}
Event: 1.279 GC heap after
{Heap after GC invocations=7 (full 0):
 garbage-first heap   total 327680K, used 54836K [0x0000000080a00000, 0x0000000100000000)
  region size 1024K, 6 young (6144K), 6 survivors (6144K)
 Metaspace       used 9764K, committed 9984K, reserved 1064960K
  class space    used 1278K, committed 1408K, reserved 1048576K
}
Event: 1.533 GC heap before
{Heap before GC invocations=7 (full 0):
 garbage-first heap   total 327680K, used 267828K [0x0000000080a00000, 0x0000000100000000)
  region size 1024K, 190 young (194560K), 6 survivors (6144K)
 Metaspace       used 9764K, committed 9984K, reserved 1064960K
  class space    used 1278K, committed 1408K, reserved 1048576K
}
Event: 1.577 GC heap after
{Heap after GC invocations=8 (full 0):
 garbage-first heap   total 327680K, used 94639K [0x0000000080a00000, 0x0000000100000000)
  region size 1024K, 21 young (21504K), 21 survivors (21504K)
 Metaspace       used 9764K, committed 9984K, reserved 1064960K
  class space    used 1278K, committed 1408K, reserved 1048576K
}
Event: 1.659 GC heap before
{Heap before GC invocations=8 (full 0):
 garbage-first heap   total 327680K, used 248239K [0x0000000080a00000, 0x0000000100000000)
  region size 1024K, 171 young (175104K), 21 survivors (21504K)
 Metaspace       used 9764K, committed 9984K, reserved 1064960K
  class space    used 1278K, committed 1408K, reserved 1048576K
}
Event: 1.701 GC heap after
{Heap after GC invocations=9 (full 0):
 garbage-first heap   total 327680K, used 108544K [0x0000000080a00000, 0x0000000100000000)
  region size 1024K, 14 young (14336K), 14 survivors (14336K)
 Metaspace       used 9764K, committed 9984K, reserved 1064960K
  class space    used 1278K, committed 1408K, reserved 1048576K
}
Event: 1.847 GC heap before
{Heap before GC invocations=9 (full 0):
 garbage-first heap   total 327680K, used 277504K [0x0000000080a00000, 0x0000000100000000)
  region size 1024K, 158 young (161792K), 14 survivors (14336K)
 Metaspace       used 9764K, committed 9984K, reserved 1064960K
  class space    used 1278K, committed 1408K, reserved 1048576K
}
Event: 1.880 GC heap after
{Heap after GC invocations=10 (full 0):
 garbage-first heap   total 327680K, used 143360K [0x0000000080a00000, 0x0000000100000000)
  region size 1024K, 14 young (14336K), 14 survivors (14336K)
 Metaspace       used 9764K, committed 9984K, reserved 1064960K
  class space    used 1278K, committed 1408K, reserved 1048576K
}
Event: 1.944 GC heap before
{Heap before GC invocations=10 (full 0):
 garbage-first heap   total 327680K, used 265216K [0x0000000080a00000, 0x0000000100000000)
  region size 1024K, 133 young (136192K), 14 survivors (14336K)
 Metaspace       used 9764K, committed 9984K, reserved 1064960K
  class space    used 1278K, committed 1408K, reserved 1048576K
}

Deoptimization events (20 events):
Event: 0.767 Thread 0x000001b0b6669810 Uncommon trap: trap_request=0xffffffde fr.pc=0x000001b0a6f29d44 relative=0x0000000000000124
Event: 0.767 Thread 0x000001b0b6669810 Uncommon trap: reason=class_check action=maybe_recompile pc=0x000001b0a6f29d44 method=jdk.internal.misc.Unsafe.allocateUninitializedArray(Ljava/lang/Class;I)Ljava/lang/Object; @ 51 c2
Event: 0.767 Thread 0x000001b0b6669810 DEOPT PACKING pc=0x000001b0a6f29d44 sp=0x0000001b050f8df0
Event: 0.767 Thread 0x000001b0b6669810 DEOPT UNPACKING pc=0x000001b09f44d72e sp=0x0000001b050f8d78 mode 2
Event: 0.773 Thread 0x000001b0b6669810 Uncommon trap: trap_request=0xffffff45 fr.pc=0x000001b0a6f073cc relative=0x000000000000012c
Event: 0.773 Thread 0x000001b0b6669810 Uncommon trap: reason=unstable_if action=reinterpret pc=0x000001b0a6f073cc method=java.lang.String.startsWith(Ljava/lang/String;I)Z @ 50 c2
Event: 0.773 Thread 0x000001b0b6669810 DEOPT PACKING pc=0x000001b0a6f073cc sp=0x0000001b050fe130
Event: 0.773 Thread 0x000001b0b6669810 DEOPT UNPACKING pc=0x000001b09f44d72e sp=0x0000001b050fe090 mode 2
Event: 0.773 Thread 0x000001b0b6669810 Uncommon trap: trap_request=0xffffff45 fr.pc=0x000001b0a6ee272c relative=0x000000000000018c
Event: 0.773 Thread 0x000001b0b6669810 Uncommon trap: reason=unstable_if action=reinterpret pc=0x000001b0a6ee272c method=java.lang.String.equals(Ljava/lang/Object;)Z @ 33 c2
Event: 0.773 Thread 0x000001b0b6669810 DEOPT PACKING pc=0x000001b0a6ee272c sp=0x0000001b050fd1a0
Event: 0.773 Thread 0x000001b0b6669810 DEOPT UNPACKING pc=0x000001b09f44d72e sp=0x0000001b050fd140 mode 2
Event: 0.773 Thread 0x000001b0b6669810 Uncommon trap: trap_request=0xffffff45 fr.pc=0x000001b0a6edaf54 relative=0x0000000000000234
Event: 0.773 Thread 0x000001b0b6669810 Uncommon trap: reason=unstable_if action=reinterpret pc=0x000001b0a6edaf54 method=java.lang.String.hashCode()I @ 20 c2
Event: 0.773 Thread 0x000001b0b6669810 DEOPT PACKING pc=0x000001b0a6edaf54 sp=0x0000001b050fd000
Event: 0.773 Thread 0x000001b0b6669810 DEOPT UNPACKING pc=0x000001b09f44d72e sp=0x0000001b050fcf98 mode 2
Event: 0.850 Thread 0x000001b0b6669810 DEOPT PACKING pc=0x000001b09fbe0daa sp=0x0000001b050fe280
Event: 0.850 Thread 0x000001b0b6669810 DEOPT UNPACKING pc=0x000001b09f44dece sp=0x0000001b050fd740 mode 0
Event: 0.924 Thread 0x000001b0b6669810 DEOPT PACKING pc=0x000001b09fbe3ed6 sp=0x0000001b050fe2b0
Event: 0.924 Thread 0x000001b0b6669810 DEOPT UNPACKING pc=0x000001b09f44dece sp=0x0000001b050fd850 mode 0

Classes unloaded (0 events):
No events

Classes redefined (0 events):
No events

Internal exceptions (20 events):
Event: 0.111 Thread 0x000001b097c8a290 Exception <a 'java/lang/NoSuchMethodError'{0x0000000088425de0}: 'void java.lang.invoke.DirectMethodHandle$Holder.invokeVirtual(java.lang.Object, java.lang.Object)'> (0x0000000088425de0) 
thrown [t:\workspace\open\src\hotspot\share\interpreter\linkResolver.cpp, line 790]
Event: 0.135 Thread 0x000001b0b62097d0 Exception <a 'java/lang/NoSuchMethodError'{0x0000000088309178}: 'java.lang.Object java.lang.invoke.DirectMethodHandle$Holder.invokeStatic(java.lang.Object)'> (0x0000000088309178) 
thrown [t:\workspace\open\src\hotspot\share\interpreter\linkResolver.cpp, line 790]
Event: 0.136 Thread 0x000001b0b62097d0 Exception <a 'java/lang/NoSuchMethodError'{0x000000008830c8c8}: 'java.lang.Object java.lang.invoke.DirectMethodHandle$Holder.invokeStaticInit(java.lang.Object)'> (0x000000008830c8c8) 
thrown [t:\workspace\open\src\hotspot\share\interpreter\linkResolver.cpp, line 790]
Event: 0.139 Thread 0x000001b0b62097d0 Exception <a 'java/lang/ClassNotFoundException'{0x0000000088317ae8}: jdk/net/ExtendedSocketOptions> (0x0000000088317ae8) 
thrown [t:\workspace\open\src\hotspot\share\classfile\systemDictionary.cpp, line 256]
Event: 0.139 Thread 0x000001b0b62097d0 Exception <a 'java/lang/NoSuchMethodError'{0x0000000088319388}: 'void java.lang.invoke.DirectMethodHandle$Holder.invokeStatic(java.lang.Object, java.lang.Object)'> (0x0000000088319388) 
thrown [t:\workspace\open\src\hotspot\share\interpreter\linkResolver.cpp, line 790]
Event: 0.318 Thread 0x000001b097c8a290 Exception <a 'java/lang/NoSuchMethodError'{0x0000000087d76d98}: 'void java.lang.invoke.DirectMethodHandle$Holder.invokeSpecial(java.lang.Object, java.lang.Object, java.lang.Object)'> (0x0000000087d76d98) 
thrown [t:\workspace\open\src\hotspot\share\interpreter\linkResolver.cpp, line 790]
Event: 0.325 Thread 0x000001b097c8a290 Exception <a 'java/lang/NoSuchMethodError'{0x0000000087dae888}: 'void java.lang.invoke.DirectMethodHandle$Holder.invokeStatic(java.lang.Object, java.lang.Object, java.lang.Object)'> (0x0000000087dae888) 
thrown [t:\workspace\open\src\hotspot\share\interpreter\linkResolver.cpp, line 790]
Event: 0.375 Thread 0x000001b097c8a290 Exception <a 'java/lang/NoSuchMethodError'{0x00000000889d64d8}: 'int java.lang.invoke.DirectMethodHandle$Holder.invokeStaticInit(java.lang.Object, java.lang.Object, java.lang.Object)'> (0x00000000889d64d8) 
thrown [t:\workspace\open\src\hotspot\share\interpreter\linkResolver.cpp, line 790]
Event: 0.395 Thread 0x000001b097c8a290 Exception <a 'java/lang/NoSuchMethodError'{0x0000000088897ca0}: 'java.lang.Object java.lang.invoke.DirectMethodHandle$Holder.newInvokeSpecial(java.lang.Object, java.lang.Object, int, java.lang.Object)'> (0x0000000088897ca0) 
thrown [t:\workspace\open\src\hotspot\share\interpreter\linkResolver.cpp, line 790]
Event: 0.396 Thread 0x000001b097c8a290 Exception <a 'java/lang/NoSuchMethodError'{0x000000008889c198}: 'java.lang.Object java.lang.invoke.DirectMethodHandle$Holder.invokeSpecial(java.lang.Object, java.lang.Object, java.lang.Object, int, java.lang.Object)'> (0x000000008889c198) 
thrown [t:\workspace\open\src\hotspot\share\interpreter\linkResolver.cpp, line 790]
Event: 0.510 Thread 0x000001b0b6669810 Exception <a 'java/lang/NoSuchMethodError'{0x00000000886f3bf0}: 'void java.lang.invoke.DirectMethodHandle$Holder.invokeStaticInit(java.lang.Object)'> (0x00000000886f3bf0) 
thrown [t:\workspace\open\src\hotspot\share\interpreter\linkResolver.cpp, line 790]
Event: 0.514 Thread 0x000001b097c8a290 Exception <a 'java/lang/NoSuchMethodError'{0x00000000888b2068}: 'java.lang.Object java.lang.invoke.DirectMethodHandle$Holder.newInvokeSpecial(java.lang.Object, java.lang.Object, java.lang.Object, java.lang.Object, java.lang.Object, java.lang.Object)'> (0x00000000888b2068) 
thrown [t:\workspace\open\src\hotspot\share\interpreter\linkResolver.cpp, line 790]
Event: 0.528 Thread 0x000001b097c8a290 Exception <a 'java/lang/NoSuchMethodError'{0x0000000088582cb8}: 'java.lang.Object java.lang.invoke.DirectMethodHandle$Holder.newInvokeSpecial(java.lang.Object, java.lang.Object, java.lang.Object, java.lang.Object, java.lang.Object)'> (0x0000000088582cb8) 
thrown [t:\workspace\open\src\hotspot\share\interpreter\linkResolver.cpp, line 790]
Event: 0.529 Thread 0x000001b0b69765e0 Exception <a 'java/lang/NoSuchMethodError'{0x00000000885c32f0}: 'void java.lang.invoke.DirectMethodHandle$Holder.invokeStatic(java.lang.Object, java.lang.Object, java.lang.Object, java.lang.Object)'> (0x00000000885c32f0) 
thrown [t:\workspace\open\src\hotspot\share\interpreter\linkResolver.cpp, line 790]
Event: 0.567 Thread 0x000001b0b6669810 Exception <a 'sun/nio/fs/WindowsException'{0x00000000881345c8}> (0x00000000881345c8) 
thrown [t:\workspace\open\src\hotspot\share\prims\jni.cpp, line 579]
Event: 0.604 Thread 0x000001b0b6669810 Exception <a 'java/lang/NoSuchMethodError'{0x0000000087ff5600}: 'java.lang.Object java.lang.invoke.DirectMethodHandle$Holder.invokeStaticInit(java.lang.Object, java.lang.Object, java.lang.Object, java.lang.Object)'> (0x0000000087ff5600) 
thrown [t:\workspace\open\src\hotspot\share\interpreter\linkResolver.cpp, line 790]
Event: 0.605 Thread 0x000001b0b6669810 Exception <a 'java/lang/NullPointerException'{0x0000000087e01ba8}> (0x0000000087e01ba8) 
thrown [t:\workspace\open\src\hotspot\share\interpreter\linkResolver.cpp, line 1385]
Event: 0.607 Thread 0x000001b0b6669810 Exception <a 'java/lang/NoSuchMethodError'{0x0000000087e26378}: 'void java.lang.invoke.DirectMethodHandle$Holder.invokeSpecial(java.lang.Object, java.lang.Object, java.lang.Object, java.lang.Object, java.lang.Object)'> (0x0000000087e26378) 
thrown [t:\workspace\open\src\hotspot\share\interpreter\linkResolver.cpp, line 790]
Event: 0.700 Thread 0x000001b0b6669810 Exception <a 'java/lang/NoSuchMethodError'{0x0000000088942510}: 'void java.lang.invoke.DirectMethodHandle$Holder.invokeStaticInit(java.lang.Object, java.lang.Object)'> (0x0000000088942510) 
thrown [t:\workspace\open\src\hotspot\share\interpreter\linkResolver.cpp, line 790]
Event: 0.740 Thread 0x000001b0b6669810 Exception <a 'sun/nio/fs/WindowsException'{0x0000000088606440}> (0x0000000088606440) 
thrown [t:\workspace\open\src\hotspot\share\prims\jni.cpp, line 579]

Events (20 events):
Event: 1.101 loading class sun/util/resources/cldr/TimeZoneNames_en done
Event: 1.101 loading class sun/util/resources/cldr/TimeZoneNames_en_US
Event: 1.101 loading class sun/util/resources/cldr/TimeZoneNames_en_US done
Event: 1.101 loading class sun/util/resources/TimeZoneNames
Event: 1.102 loading class sun/util/resources/TimeZoneNames done
Event: 1.102 loading class sun/util/resources/TimeZoneNames_en
Event: 1.102 loading class sun/util/resources/TimeZoneNames_en done
Event: 1.135 Executing  VM operation: G1CollectForAllocation
Event: 1.149 Executing  VM operation: G1CollectForAllocation done
Event: 1.217 Executing  VM operation: G1CollectForAllocation
Event: 1.232 Executing  VM operation: G1CollectForAllocation done
Event: 1.262 Executing  VM operation: G1CollectForAllocation
Event: 1.279 Executing  VM operation: G1CollectForAllocation done
Event: 1.533 Executing  VM operation: G1CollectForAllocation
Event: 1.577 Executing  VM operation: G1CollectForAllocation done
Event: 1.659 Executing  VM operation: G1CollectForAllocation
Event: 1.701 Executing  VM operation: G1CollectForAllocation done
Event: 1.847 Executing  VM operation: G1CollectForAllocation
Event: 1.880 Executing  VM operation: G1CollectForAllocation done
Event: 1.944 Executing  VM operation: G1CollectForAllocation


Dynamic libraries:
0x00007ff7a1750000 - 0x00007ff7a175e000 	C:\Users\user\.jdks\openjdk-16.0.2\bin\java.exe
0x00007ffe23170000 - 0x00007ffe23365000 	C:\Windows\SYSTEM32\ntdll.dll
0x00007ffe22130000 - 0x00007ffe221ee000 	C:\Windows\System32\KERNEL32.DLL
0x00007ffe20e30000 - 0x00007ffe210f9000 	C:\Windows\System32\KERNELBASE.dll
0x00007ffe209d0000 - 0x00007ffe20ad0000 	C:\Windows\System32\ucrtbase.dll
0x00007ffe19050000 - 0x00007ffe19069000 	C:\Users\user\.jdks\openjdk-16.0.2\bin\VCRUNTIME140.dll
0x00007ffe19070000 - 0x00007ffe19088000 	C:\Users\user\.jdks\openjdk-16.0.2\bin\jli.dll
0x00007ffe213c0000 - 0x00007ffe21561000 	C:\Windows\System32\USER32.dll
0x00007ffe0bfb0000 - 0x00007ffe0c24a000 	C:\Windows\WinSxS\amd64_microsoft.windows.common-controls_6595b64144ccf1df_6.0.19041.1110_none_60b5254171f9507e\COMCTL32.dll
0x00007ffe20940000 - 0x00007ffe20962000 	C:\Windows\System32\win32u.dll
0x00007ffe22fc0000 - 0x00007ffe2305e000 	C:\Windows\System32\msvcrt.dll
0x00007ffe21fd0000 - 0x00007ffe21ffb000 	C:\Windows\System32\GDI32.dll
0x00007ffe20c30000 - 0x00007ffe20d3b000 	C:\Windows\System32\gdi32full.dll
0x00007ffe20d40000 - 0x00007ffe20ddd000 	C:\Windows\System32\msvcp_win.dll
0x00007ffe229d0000 - 0x00007ffe22a00000 	C:\Windows\System32\IMM32.DLL
0x00007ffe19040000 - 0x00007ffe1904c000 	C:\Users\user\.jdks\openjdk-16.0.2\bin\vcruntime140_1.dll
0x00007ffe15e20000 - 0x00007ffe15eb1000 	C:\Users\user\.jdks\openjdk-16.0.2\bin\msvcp140.dll
0x00007ffdcc6c0000 - 0x00007ffdcd26b000 	C:\Users\user\.jdks\openjdk-16.0.2\bin\server\jvm.dll
0x00007ffe21f10000 - 0x00007ffe21fbc000 	C:\Windows\System32\ADVAPI32.dll
0x00007ffe221f0000 - 0x00007ffe2228b000 	C:\Windows\System32\sechost.dll
0x00007ffe22e90000 - 0x00007ffe22fba000 	C:\Windows\System32\RPCRT4.dll
0x00007ffe22e80000 - 0x00007ffe22e88000 	C:\Windows\System32\PSAPI.DLL
0x00007ffe1c580000 - 0x00007ffe1c589000 	C:\Windows\SYSTEM32\WSOCK32.dll
0x00007ffe15aa0000 - 0x00007ffe15ac7000 	C:\Windows\SYSTEM32\WINMM.dll
0x00007ffe22060000 - 0x00007ffe220cb000 	C:\Windows\System32\WS2_32.dll
0x00007ffe1b190000 - 0x00007ffe1b19a000 	C:\Windows\SYSTEM32\VERSION.dll
0x00007ffe1e7b0000 - 0x00007ffe1e7c2000 	C:\Windows\SYSTEM32\kernel.appcore.dll
0x00007ffe19030000 - 0x00007ffe1903a000 	C:\Users\user\.jdks\openjdk-16.0.2\bin\jimage.dll
0x00007ffe0dc20000 - 0x00007ffe0de04000 	C:\Windows\SYSTEM32\DBGHELP.DLL
0x00007ffe0d320000 - 0x00007ffe0d34c000 	C:\Windows\SYSTEM32\dbgcore.DLL
0x00007ffe21130000 - 0x00007ffe211b3000 	C:\Windows\System32\bcryptPrimitives.dll
0x00007ffe1c590000 - 0x00007ffe1c59e000 	C:\Users\user\.jdks\openjdk-16.0.2\bin\instrument.dll
0x00007ffe15f20000 - 0x00007ffe15f45000 	C:\Users\user\.jdks\openjdk-16.0.2\bin\java.dll
0x00007ffe22290000 - 0x00007ffe229cf000 	C:\Windows\System32\SHELL32.dll
0x00007ffe1e9b0000 - 0x00007ffe1f140000 	C:\Windows\SYSTEM32\windows.storage.dll
0x00007ffe21970000 - 0x00007ffe21cc5000 	C:\Windows\System32\combase.dll
0x00007ffe20210000 - 0x00007ffe2023c000 	C:\Windows\SYSTEM32\Wldp.dll
0x00007ffe21cd0000 - 0x00007ffe21d7e000 	C:\Windows\System32\SHCORE.dll
0x00007ffe21250000 - 0x00007ffe212a5000 	C:\Windows\System32\shlwapi.dll
0x00007ffe207d0000 - 0x00007ffe207ef000 	C:\Windows\SYSTEM32\profapi.dll
0x00007ffe15f00000 - 0x00007ffe15f19000 	C:\Users\user\.jdks\openjdk-16.0.2\bin\net.dll
0x00007ffe17580000 - 0x00007ffe17688000 	C:\Windows\SYSTEM32\WINHTTP.dll
0x00007ffe1ff70000 - 0x00007ffe1ffda000 	C:\Windows\system32\mswsock.dll
0x00007ffe15ee0000 - 0x00007ffe15ef3000 	C:\Users\user\.jdks\openjdk-16.0.2\bin\nio.dll
0x00007ffe142d0000 - 0x00007ffe142e8000 	C:\Users\user\.jdks\openjdk-16.0.2\bin\zip.dll
0x00007ffe18d60000 - 0x00007ffe18d7a000 	C:\Program Files\JetBrains\IntelliJ IDEA Community Edition 2020.3\bin\breakgen64.dll
0x000001b097c00000 - 0x000001b097c03000 	C:\Users\user\.openjfx\cache\16\api-ms-win-core-console-l1-1-0.dll
0x000001b097c10000 - 0x000001b097c13000 	C:\Users\user\.openjfx\cache\16\api-ms-win-core-console-l1-2-0.dll
0x000001b097c20000 - 0x000001b097c23000 	C:\Users\user\.openjfx\cache\16\api-ms-win-core-datetime-l1-1-0.dll
0x000001b097c30000 - 0x000001b097c33000 	C:\Users\user\.openjfx\cache\16\api-ms-win-core-debug-l1-1-0.dll
0x000001b097c40000 - 0x000001b097c43000 	C:\Users\user\.openjfx\cache\16\api-ms-win-core-errorhandling-l1-1-0.dll
0x000001b097c50000 - 0x000001b097c54000 	C:\Users\user\.openjfx\cache\16\api-ms-win-core-file-l1-1-0.dll
0x000001b097c60000 - 0x000001b097c63000 	C:\Users\user\.openjfx\cache\16\api-ms-win-core-file-l1-2-0.dll
0x000001b0b55f0000 - 0x000001b0b55f3000 	C:\Users\user\.openjfx\cache\16\api-ms-win-core-file-l2-1-0.dll
0x000001b0b5600000 - 0x000001b0b5603000 	C:\Users\user\.openjfx\cache\16\api-ms-win-core-handle-l1-1-0.dll
0x000001b0b5610000 - 0x000001b0b5613000 	C:\Users\user\.openjfx\cache\16\api-ms-win-core-heap-l1-1-0.dll
0x000001b0b5620000 - 0x000001b0b5623000 	C:\Users\user\.openjfx\cache\16\api-ms-win-core-interlocked-l1-1-0.dll
0x000001b0b5630000 - 0x000001b0b5633000 	C:\Users\user\.openjfx\cache\16\api-ms-win-core-libraryloader-l1-1-0.dll
0x000001b0b5640000 - 0x000001b0b5643000 	C:\Users\user\.openjfx\cache\16\api-ms-win-core-localization-l1-2-0.dll
0x000001b0b5650000 - 0x000001b0b5653000 	C:\Users\user\.openjfx\cache\16\api-ms-win-core-memory-l1-1-0.dll
0x000001b0b5660000 - 0x000001b0b5663000 	C:\Users\user\.openjfx\cache\16\api-ms-win-core-namedpipe-l1-1-0.dll
0x000001b0b5670000 - 0x000001b0b5673000 	C:\Users\user\.openjfx\cache\16\api-ms-win-core-processenvironment-l1-1-0.dll
0x000001b0b5680000 - 0x000001b0b5683000 	C:\Users\user\.openjfx\cache\16\api-ms-win-core-processthreads-l1-1-0.dll
0x000001b0b5690000 - 0x000001b0b5693000 	C:\Users\user\.openjfx\cache\16\api-ms-win-core-processthreads-l1-1-1.dll
0x000001b0b56a0000 - 0x000001b0b56a3000 	C:\Users\user\.openjfx\cache\16\api-ms-win-core-profile-l1-1-0.dll
0x000001b0b56b0000 - 0x000001b0b56b3000 	C:\Users\user\.openjfx\cache\16\api-ms-win-core-rtlsupport-l1-1-0.dll
0x000001b0b56c0000 - 0x000001b0b56c3000 	C:\Users\user\.openjfx\cache\16\api-ms-win-core-string-l1-1-0.dll
0x000001b0b56d0000 - 0x000001b0b56d3000 	C:\Users\user\.openjfx\cache\16\api-ms-win-core-synch-l1-1-0.dll
0x000001b0b56e0000 - 0x000001b0b56e3000 	C:\Users\user\.openjfx\cache\16\api-ms-win-core-synch-l1-2-0.dll
0x000001b0b56f0000 - 0x000001b0b56f3000 	C:\Users\user\.openjfx\cache\16\api-ms-win-core-sysinfo-l1-1-0.dll
0x000001b0b5700000 - 0x000001b0b5703000 	C:\Users\user\.openjfx\cache\16\api-ms-win-core-timezone-l1-1-0.dll
0x000001b0b5710000 - 0x000001b0b5713000 	C:\Users\user\.openjfx\cache\16\api-ms-win-core-util-l1-1-0.dll
0x000001b0b5720000 - 0x000001b0b5723000 	C:\Users\user\.openjfx\cache\16\api-ms-win-crt-conio-l1-1-0.dll
0x000001b0b5730000 - 0x000001b0b5734000 	C:\Users\user\.openjfx\cache\16\api-ms-win-crt-convert-l1-1-0.dll
0x000001b0b5740000 - 0x000001b0b5743000 	C:\Users\user\.openjfx\cache\16\api-ms-win-crt-environment-l1-1-0.dll
0x000001b0b5750000 - 0x000001b0b5753000 	C:\Users\user\.openjfx\cache\16\api-ms-win-crt-filesystem-l1-1-0.dll
0x000001b0b5760000 - 0x000001b0b5763000 	C:\Users\user\.openjfx\cache\16\api-ms-win-crt-heap-l1-1-0.dll
0x000001b0b5770000 - 0x000001b0b5773000 	C:\Users\user\.openjfx\cache\16\api-ms-win-crt-locale-l1-1-0.dll
0x000001b0b5780000 - 0x000001b0b5785000 	C:\Users\user\.openjfx\cache\16\api-ms-win-crt-math-l1-1-0.dll
0x000001b0b5790000 - 0x000001b0b5795000 	C:\Users\user\.openjfx\cache\16\api-ms-win-crt-multibyte-l1-1-0.dll
0x000001b0b57a0000 - 0x000001b0b57b0000 	C:\Users\user\.openjfx\cache\16\api-ms-win-crt-private-l1-1-0.dll
0x000001b0b57b0000 - 0x000001b0b57b3000 	C:\Users\user\.openjfx\cache\16\api-ms-win-crt-process-l1-1-0.dll
0x000001b0b57c0000 - 0x000001b0b57c4000 	C:\Users\user\.openjfx\cache\16\api-ms-win-crt-runtime-l1-1-0.dll
0x000001b0b57d0000 - 0x000001b0b57d4000 	C:\Users\user\.openjfx\cache\16\api-ms-win-crt-stdio-l1-1-0.dll
0x000001b0b57e0000 - 0x000001b0b57e4000 	C:\Users\user\.openjfx\cache\16\api-ms-win-crt-string-l1-1-0.dll
0x000001b0b57f0000 - 0x000001b0b57f3000 	C:\Users\user\.openjfx\cache\16\api-ms-win-crt-time-l1-1-0.dll
0x000001b0b6c00000 - 0x000001b0b6c03000 	C:\Users\user\.openjfx\cache\16\api-ms-win-crt-utility-l1-1-0.dll
0x00007ffdfa130000 - 0x00007ffdfa22c000 	C:\Users\user\.openjfx\cache\16\ucrtbase.dll
0x00007ffe18d40000 - 0x00007ffe18d59000 	C:\Users\user\.openjfx\cache\16\vcruntime140.dll
0x00007ffe15f70000 - 0x00007ffe15f7c000 	C:\Users\user\.openjfx\cache\16\vcruntime140_1.dll
0x00007ffe0cbe0000 - 0x00007ffe0cc71000 	C:\Users\user\.openjfx\cache\16\msvcp140.dll
0x00007ffe0cbb0000 - 0x00007ffe0cbd7000 	C:\Users\user\.openjfx\cache\16\prism_d3d.dll
0x00007ffe16fa0000 - 0x00007ffe1716e000 	C:\Windows\system32\d3d9.dll
0x00007ffe1e4c0000 - 0x00007ffe1e4ef000 	C:\Windows\SYSTEM32\dwmapi.dll
0x00007ffe1e2f0000 - 0x00007ffe1e38e000 	C:\Windows\system32\uxtheme.dll
0x00007ffe178b0000 - 0x00007ffe179b2000 	C:\Windows\System32\DriverStore\FileRepository\nv_dispi.inf_amd64_1c83a5d7cffd7bff\nvldumdx.dll
0x00007ffe20400000 - 0x00007ffe20412000 	C:\Windows\SYSTEM32\msasn1.dll
0x00007ffe1b0a0000 - 0x00007ffe1b0d1000 	C:\Windows\SYSTEM32\cryptnet.dll
0x00007ffe20ad0000 - 0x00007ffe20c26000 	C:\Windows\System32\CRYPT32.dll
0x00007ffe20160000 - 0x00007ffe2016c000 	C:\Windows\SYSTEM32\cryptbase.dll
0x00007ffe20970000 - 0x00007ffe209d0000 	C:\Windows\System32\WINTRUST.DLL
0x00007ffe212b0000 - 0x00007ffe212cd000 	C:\Windows\System32\imagehlp.dll
0x00007ffe20170000 - 0x00007ffe20188000 	C:\Windows\SYSTEM32\CRYPTSP.dll
0x00007ffe1f8f0000 - 0x00007ffe1f924000 	C:\Windows\system32\rsaenh.dll
0x00007ffe21100000 - 0x00007ffe21127000 	C:\Windows\System32\bcrypt.dll
0x00007ffdcd270000 - 0x00007ffdcec8b000 	C:\Windows\System32\DriverStore\FileRepository\nv_dispi.inf_amd64_1c83a5d7cffd7bff\nvd3dumx.dll
0x00007ffe03020000 - 0x00007ffe03062000 	C:\Users\user\.openjfx\cache\16\glass.dll
0x00007ffe21d80000 - 0x00007ffe21e5a000 	C:\Windows\System32\COMDLG32.dll
0x00007ffe21570000 - 0x00007ffe2169a000 	C:\Windows\System32\ole32.dll
0x00007ffe23060000 - 0x00007ffe2312d000 	C:\Windows\System32\OLEAUT32.dll
0x00007ffe216a0000 - 0x00007ffe217b5000 	C:\Windows\System32\MSCTF.dll
0x00007ffe1f150000 - 0x00007ffe1f173000 	C:\Windows\SYSTEM32\gpapi.dll
0x00007ffe17b60000 - 0x00007ffe17b9b000 	C:\Windows\SYSTEM32\dxcore.dll
0x00007ffe20de0000 - 0x00007ffe20e2e000 	C:\Windows\System32\cfgmgr32.dll
0x00007ffe15f50000 - 0x00007ffe15f64000 	C:\Users\user\.openjfx\cache\16\javafx_font.dll
0x00007ffe0c2a0000 - 0x00007ffe0c523000 	C:\Windows\SYSTEM32\dwrite.dll

dbghelp: loaded successfully - version: 4.0.5 - missing functions: none
symbol engine: initialized successfully - sym options: 0x614 - pdb path: .;C:\Users\user\.jdks\openjdk-16.0.2\bin;C:\Windows\SYSTEM32;C:\Windows\WinSxS\amd64_microsoft.windows.common-controls_6595b64144ccf1df_6.0.19041.1110_none_60b5254171f9507e;C:\Users\user\.jdks\openjdk-16.0.2\bin\server;C:\Program Files\JetBrains\IntelliJ IDEA Community Edition 2020.3\bin;C:\Users\user\.openjfx\cache\16;C:\Windows\System32\DriverStore\FileRepository\nv_dispi.inf_amd64_1c83a5d7cffd7bff

VM Arguments:
jvm_args: -javaagent:C:\Program Files\JetBrains\IntelliJ IDEA Community Edition 2020.3\lib\idea_rt.jar=60335:C:\Program Files\JetBrains\IntelliJ IDEA Community Edition 2020.3\bin -Dfile.encoding=UTF-8 --module-path=C:\Users\user\.m2\repository\org\openjfx\javafx-graphics\16\javafx-graphics-16-win.jar;C:\Users\user\.m2\repository\org\openjfx\javafx-fxml\16\javafx-fxml-16-win.jar;C:\Users\user\.m2\repository\org\openjfx\javafx-controls\16\javafx-controls-16-win.jar;C:\Users\user\.m2\repository\org\openjfx\javafx-base\16\javafx-base-16-win.jar;E:\itProger\itProger_HW_8\target\classes -Djdk.module.main=com.itproger.itproger_hw_8 
java_command: com.itproger.itproger_hw_8/com.itproger.itproger_hw_8.Main
java_class_path (initial): C:\Users\user\.m2\repository\org\openjfx\javafx-controls\16\javafx-controls-16.jar;C:\Users\user\.m2\repository\org\openjfx\javafx-graphics\16\javafx-graphics-16.jar;C:\Users\user\.m2\repository\org\openjfx\javafx-base\16\javafx-base-16.jar;C:\Users\user\.m2\repository\org\openjfx\javafx-fxml\16\javafx-fxml-16.jar
Launcher Type: SUN_STANDARD

[Global flags]
     intx CICompilerCount                          = 3                                         {product} {ergonomic}
     uint ConcGCThreads                            = 1                                         {product} {ergonomic}
     uint G1ConcRefinementThreads                  = 4                                         {product} {ergonomic}
   size_t G1HeapRegionSize                         = 1048576                                   {product} {ergonomic}
    uintx GCDrainStackTargetSize                   = 64                                        {product} {ergonomic}
   size_t InitialHeapSize                          = 134217728                                 {product} {ergonomic}
   size_t MarkStackSize                            = 4194304                                   {product} {ergonomic}
   size_t MaxHeapSize                              = 2136997888                                {product} {ergonomic}
   size_t MaxNewSize                               = 1281359872                                {product} {ergonomic}
   size_t MinHeapDeltaBytes                        = 1048576                                   {product} {ergonomic}
   size_t MinHeapSize                              = 8388608                                   {product} {ergonomic}
    uintx NonNMethodCodeHeapSize                   = 5832780                                {pd product} {ergonomic}
    uintx NonProfiledCodeHeapSize                  = 122912730                              {pd product} {ergonomic}
    uintx ProfiledCodeHeapSize                     = 122912730                              {pd product} {ergonomic}
    uintx ReservedCodeCacheSize                    = 251658240                              {pd product} {ergonomic}
     bool SegmentedCodeCache                       = true                                      {product} {ergonomic}
   size_t SoftMaxHeapSize                          = 2136997888                             {manageable} {ergonomic}
     bool UseCompressedClassPointers               = true                           {product lp64_product} {ergonomic}
     bool UseCompressedOops                        = true                           {product lp64_product} {ergonomic}
     bool UseG1GC                                  = true                                      {product} {ergonomic}
     bool UseLargePagesIndividualAllocation        = false                                  {pd product} {ergonomic}

Logging:
Log output configuration:
 #0: stdout all=warning uptime,level,tags
 #1: stderr all=off uptime,level,tags

Environment Variables:
PATH=C:\Program Files (x86)\Common Files\Oracle\Java\javapath;C:\Windows\system32;C:\Windows;C:\Windows\System32\Wbem;C:\Windows\System32\WindowsPowerShell\v1.0\;C:\Windows\System32\OpenSSH\;C:\terraform;C:\Program Files\Git\cmd;C:\Program Files\MySQL\MySQL Shell 8.0\bin\;C:\Users\user\AppData\Local\Microsoft\WindowsApps
USERNAME=Soyo
OS=Windows_NT
PROCESSOR_IDENTIFIER=Intel64 Family 6 Model 158 Stepping 11, GenuineIntel



---------------  S Y S T E M  ---------------

OS:
 Windows 10 , 64 bit Build 19041 (10.0.19041.1202)
OS uptime: 4 days 16:19 hours

CPU: total 4 (initial active 4) (4 cores per cpu, 1 threads per core) family 6 model 158 stepping 11 microcode 0xc6, cx8, cmov, fxsr, mmx, 3dnowpref, sse, sse2, sse3, ssse3, sse4.1, sse4.2, popcnt, lzcnt, tsc, tscinvbit, avx, avx2, aes, erms, clmul, bmi1, bmi2, adx, fma, vzeroupper, clflush, clflushopt

Memory: 4k page, system-wide physical 8150M (1491M free)
TotalPageFile size 11142M (AvailPageFile size 499M)
current process WorkingSet (physical memory assigned to process): 416M, peak: 416M
current process commit charge ("private bytes"): 469M, peak: 1034M

vm_info: OpenJDK 64-Bit Server VM (16.0.2+7-67) for windows-amd64 JRE (16.0.2+7-67), built on Jun  8 2021 23:21:43 by "mach5one" with MS VC++ 16.7 (VS2019)

END.
