#
# There is insufficient memory for the Java Runtime Environment to continue.
# Native memory allocation (mmap) failed to map 694157312 bytes for G1 virtual space
# Possible reasons:
#   The system is out of physical RAM or swap space
#   The process is running with CompressedOops enabled, and the Java Heap may be blocking the growth of the native heap
# Possible solutions:
#   Reduce memory load on the system
#   Increase physical memory or swap space
#   Check if swap backing store is full
#   Decrease Java heap size (-Xmx/-Xms)
#   Decrease number of Java threads
#   Decrease Java thread stack sizes (-Xss)
#   Set larger code cache with -XX:ReservedCodeCacheSize=
#   JVM is running with Unscaled Compressed Oops mode in which the Java heap is
#     placed in the first 4GB address space. The Java Heap base address is the
#     maximum limit for the native heap growth. Please use -XX:HeapBaseMinAddress
#     to set the Java Heap base and to place the Java Heap above 4GB virtual address.
# This output file may be truncated or incomplete.
#
#  Out of Memory Error (os_windows.cpp:3466), pid=5952, tid=12896
#
# JRE version: OpenJDK Runtime Environment (16.0.2+7) (build 16.0.2+7-67)
# Java VM: OpenJDK 64-Bit Server VM (16.0.2+7-67, mixed mode, sharing, tiered, compressed oops, compressed class ptrs, g1 gc, windows-amd64)
# No core dump will be written. Minidumps are not enabled by default on client versions of Windows
#

---------------  S U M M A R Y ------------

Command Line: -javaagent:C:\Program Files\JetBrains\IntelliJ IDEA Community Edition 2020.3\lib\idea_rt.jar=56180:C:\Program Files\JetBrains\IntelliJ IDEA Community Edition 2020.3\bin -Dfile.encoding=UTF-8 --module-path=C:\Users\user\.m2\repository\org\openjfx\javafx-graphics\16\javafx-graphics-16-win.jar;C:\Users\user\.m2\repository\org\openjfx\javafx-fxml\16\javafx-fxml-16-win.jar;C:\Users\user\.m2\repository\org\openjfx\javafx-controls\16\javafx-controls-16-win.jar;C:\Users\user\.m2\repository\org\openjfx\javafx-base\16\javafx-base-16-win.jar;E:\itProger\itProger_HW_8\target\classes -Djdk.module.main=com.itproger.itproger_hw_8 com.itproger.itproger_hw_8/com.itproger.itproger_hw_8.Main

Host: Intel(R) Core(TM) i3-9100F CPU @ 3.60GHz, 4 cores, 7G,  Windows 10 , 64 bit Build 19041 (10.0.19041.1202)
Time: Sun Sep 12 15:11:13 2021 Azerbaijan Standard Time elapsed time: 1.746434 seconds (0d 0h 0m 1s)

---------------  T H R E A D  ---------------

Current thread (0x0000022f38492330):  VMThread "VM Thread" [stack: 0x00000089cd900000,0x00000089cda00000] [id=12896]

Stack: [0x00000089cd900000,0x00000089cda00000]
Native frames: (J=compiled Java code, j=interpreted, Vv=VM code, C=native code)
V  [jvm.dll+0x6681ca]
V  [jvm.dll+0x7c9e69]
V  [jvm.dll+0x7cb61e]
V  [jvm.dll+0x7cbc73]
V  [jvm.dll+0x242c55]
V  [jvm.dll+0x664f89]
V  [jvm.dll+0x659b75]
V  [jvm.dll+0x2fbfbb]
V  [jvm.dll+0x3031b6]
V  [jvm.dll+0x35299e]
V  [jvm.dll+0x352bcf]
V  [jvm.dll+0x2d3028]
V  [jvm.dll+0x2d0bb5]
V  [jvm.dll+0x2d01ec]
V  [jvm.dll+0x3152d2]
V  [jvm.dll+0x7d00ab]
V  [jvm.dll+0x7d0da4]
V  [jvm.dll+0x7d12a9]
V  [jvm.dll+0x7d1564]
V  [jvm.dll+0x7d1630]
V  [jvm.dll+0x7795aa]
V  [jvm.dll+0x667066]
C  [ucrtbase.dll+0x21bb2]
C  [KERNEL32.DLL+0x17034]
C  [ntdll.dll+0x52651]

VM_Operation (0x00000089ceefded0): G1CollectForAllocation, mode: safepoint, requested by thread 0x0000022f3a104cd0


---------------  P R O C E S S  ---------------

Threads class SMR info:
_java_thread_list=0x0000022f3a9b32c0, length=20, elements={
0x0000022f18dbdee0, 0x0000022f3849a740, 0x0000022f3849c8b0, 0x0000022f384a83c0,
0x0000022f384a8ed0, 0x0000022f384ac080, 0x0000022f384aca80, 0x0000022f384ae7c0,
0x0000022f384e0d30, 0x0000022f385282b0, 0x0000022f3855e610, 0x0000022f39130e80,
0x0000022f3993fd90, 0x0000022f3991c9b0, 0x0000022f39c1b1c0, 0x0000022f39ba88b0,
0x0000022f3a104cd0, 0x0000022f39f73720, 0x0000022f39f73c70, 0x0000022f39f741c0
}

Java Threads: ( => current thread )
  0x0000022f18dbdee0 JavaThread "main" [_thread_blocked, id=6768, stack(0x00000089cd300000,0x00000089cd400000)]
  0x0000022f3849a740 JavaThread "Reference Handler" daemon [_thread_blocked, id=3428, stack(0x00000089cda00000,0x00000089cdb00000)]
  0x0000022f3849c8b0 JavaThread "Finalizer" daemon [_thread_blocked, id=7840, stack(0x00000089cdb00000,0x00000089cdc00000)]
  0x0000022f384a83c0 JavaThread "Signal Dispatcher" daemon [_thread_blocked, id=5180, stack(0x00000089cdc00000,0x00000089cdd00000)]
  0x0000022f384a8ed0 JavaThread "Attach Listener" daemon [_thread_blocked, id=9512, stack(0x00000089cdd00000,0x00000089cde00000)]
  0x0000022f384ac080 JavaThread "Service Thread" daemon [_thread_blocked, id=8088, stack(0x00000089cde00000,0x00000089cdf00000)]
  0x0000022f384aca80 JavaThread "Monitor Deflation Thread" daemon [_thread_blocked, id=8260, stack(0x00000089cdf00000,0x00000089ce000000)]
  0x0000022f384ae7c0 JavaThread "C2 CompilerThread0" daemon [_thread_blocked, id=7872, stack(0x00000089ce000000,0x00000089ce100000)]
  0x0000022f384e0d30 JavaThread "C1 CompilerThread0" daemon [_thread_blocked, id=12248, stack(0x00000089ce100000,0x00000089ce200000)]
  0x0000022f385282b0 JavaThread "Sweeper thread" daemon [_thread_blocked, id=7300, stack(0x00000089ce200000,0x00000089ce300000)]
  0x0000022f3855e610 JavaThread "Common-Cleaner" daemon [_thread_blocked, id=11144, stack(0x00000089ce300000,0x00000089ce400000)]
  0x0000022f39130e80 JavaThread "C2 CompilerThread1" daemon [_thread_blocked, id=9628, stack(0x00000089ce400000,0x00000089ce500000)]
  0x0000022f3993fd90 JavaThread "Monitor Ctrl-Break" daemon [_thread_in_native, id=4768, stack(0x00000089ce500000,0x00000089ce600000)]
  0x0000022f3991c9b0 JavaThread "Notification Thread" daemon [_thread_blocked, id=12756, stack(0x00000089ce600000,0x00000089ce700000)]
  0x0000022f39c1b1c0 JavaThread "QuantumRenderer-0" daemon [_thread_blocked, id=11112, stack(0x00000089ce800000,0x00000089ce900000)]
  0x0000022f39ba88b0 JavaThread "InvokeLaterDispatcher" daemon [_thread_blocked, id=12648, stack(0x00000089ced00000,0x00000089cee00000)]
  0x0000022f3a104cd0 JavaThread "JavaFX Application Thread" [_thread_blocked, id=7032, stack(0x00000089cee00000,0x00000089cef00000)]
  0x0000022f39f73720 JavaThread "JavaFX-Launcher" [_thread_blocked, id=10640, stack(0x00000089cf100000,0x00000089cf200000)]
  0x0000022f39f73c70 JavaThread "Thread-2" daemon [_thread_blocked, id=10412, stack(0x00000089cf000000,0x00000089cf100000)]
  0x0000022f39f741c0 JavaThread "Prism Font Disposer" daemon [_thread_blocked, id=12492, stack(0x00000089cf200000,0x00000089cf300000)]

Other Threads:
=>0x0000022f38492330 VMThread "VM Thread" [stack: 0x00000089cd900000,0x00000089cda00000] [id=12896]
  0x0000022f396aaa70 WatcherThread [stack: 0x00000089ce700000,0x00000089ce800000] [id=3144]
  0x0000022f18d9e7c0 GCTaskThread "GC Thread#0" [stack: 0x00000089cd400000,0x00000089cd500000] [id=8148]
  0x0000022f3a1cd120 GCTaskThread "GC Thread#1" [stack: 0x00000089ceb00000,0x00000089cec00000] [id=9064]
  0x0000022f3940fae0 GCTaskThread "GC Thread#2" [stack: 0x00000089cec00000,0x00000089ced00000] [id=6228]
  0x0000022f39800010 GCTaskThread "GC Thread#3" [stack: 0x00000089cea00000,0x00000089ceb00000] [id=11376]
  0x0000022f18e09ff0 ConcurrentGCThread "G1 Main Marker" [stack: 0x00000089cd500000,0x00000089cd600000] [id=10224]
  0x0000022f18e0a970 ConcurrentGCThread "G1 Conc#0" [stack: 0x00000089cd600000,0x00000089cd700000] [id=12612]
  0x0000022f18e83420 ConcurrentGCThread "G1 Refine#0" [stack: 0x00000089cd700000,0x00000089cd800000] [id=12040]
  0x0000022f3a7ca7e0 ConcurrentGCThread "G1 Refine#1" [stack: 0x00000089cf300000,0x00000089cf400000] [id=2024]
  0x0000022f3a7cb1a0 ConcurrentGCThread "G1 Refine#2" [stack: 0x00000089cf400000,0x00000089cf500000] [id=1176]
  0x0000022f3a7cb4e0 ConcurrentGCThread "G1 Refine#3" [stack: 0x00000089cf500000,0x00000089cf600000] [id=7664]
  0x0000022f18e84640 ConcurrentGCThread "G1 Service" [stack: 0x00000089cd800000,0x00000089cd900000] [id=7992]

Threads with active compile tasks:

VM state: at safepoint (normal execution)

VM Mutex/Monitor currently owned by a thread:  ([mutex/lock_event])
[0x0000022f18db8a50] Threads_lock - owner thread: 0x0000022f38492330
[0x0000022f18db91a0] Heap_lock - owner thread: 0x0000022f3a104cd0

Heap address: 0x0000000080a00000, size: 2038 MB, Compressed Oops mode: 32-bit

CDS archive(s) mapped at: [0x0000000800000000-0x0000000800bb0000-0x0000000800bb0000), size 12255232, SharedBaseAddress: 0x0000000800000000, ArchiveRelocationMode: 0.
Compressed class space mapped at: 0x0000000800c00000-0x0000000840c00000, reserved size: 1073741824
Narrow klass base: 0x0000000800000000, Narrow klass shift: 3, Narrow klass range: 0x100000000

GC Precious Log:
 CPUs: 4 total, 4 available
 Memory: 8150M
 Large Page Support: Disabled
 NUMA Support: Disabled
 Compressed Oops: Enabled (32-bit)
 Heap Region Size: 1M
 Heap Min Capacity: 8M
 Heap Initial Capacity: 128M
 Heap Max Capacity: 2038M
 Pre-touch: Disabled
 Parallel Workers: 4
 Concurrent Workers: 1
 Concurrent Refinement Workers: 4
 Periodic GC: Disabled

Heap:
 garbage-first heap   total 393216K, used 204288K [0x0000000080a00000, 0x0000000100000000)
  region size 1024K, 13 young (13312K), 13 survivors (13312K)
 Metaspace       used 9761K, committed 10048K, reserved 1064960K
  class space    used 1276K, committed 1408K, reserved 1048576K

Heap Regions: E=young(eden), S=young(survivor), O=old, HS=humongous(starts), HC=humongous(continues), CS=collection set, F=free, OA=open archive, CA=closed archive, TAMS=top-at-mark-start (previous, next)
|   0|0x0000000080a00000, 0x0000000080b00000, 0x0000000080b00000|100%| O|  |TAMS 0x0000000080a00000, 0x0000000080a00000| Untracked 
|   1|0x0000000080b00000, 0x0000000080c00000, 0x0000000080c00000|100%| O|  |TAMS 0x0000000080b00000, 0x0000000080b00000| Untracked 
|   2|0x0000000080c00000, 0x0000000080d00000, 0x0000000080d00000|100%|HS|  |TAMS 0x0000000080c00000, 0x0000000080c00000| Complete 
|   3|0x0000000080d00000, 0x0000000080e00000, 0x0000000080e00000|100%|HS|  |TAMS 0x0000000080d00000, 0x0000000080d00000| Complete 
|   4|0x0000000080e00000, 0x0000000080f00000, 0x0000000080f00000|100%|HS|  |TAMS 0x0000000080e00000, 0x0000000080e00000| Complete 
|   5|0x0000000080f00000, 0x0000000081000000, 0x0000000081000000|100%|HC|  |TAMS 0x0000000080f00000, 0x0000000080f00000| Complete 
|   6|0x0000000081000000, 0x0000000081100000, 0x0000000081100000|100%|HS|  |TAMS 0x0000000081000000, 0x0000000081000000| Complete 
|   7|0x0000000081100000, 0x0000000081200000, 0x0000000081200000|100%|HC|  |TAMS 0x0000000081100000, 0x0000000081100000| Complete 
|   8|0x0000000081200000, 0x0000000081300000, 0x0000000081300000|100%|HS|  |TAMS 0x0000000081200000, 0x0000000081200000| Complete 
|   9|0x0000000081300000, 0x0000000081400000, 0x0000000081400000|100%|HC|  |TAMS 0x0000000081300000, 0x0000000081300000| Complete 
|  10|0x0000000081400000, 0x0000000081500000, 0x0000000081500000|100%|HC|  |TAMS 0x0000000081400000, 0x0000000081400000| Complete 
|  11|0x0000000081500000, 0x0000000081600000, 0x0000000081600000|100%|HS|  |TAMS 0x0000000081500000, 0x0000000081500000| Complete 
|  12|0x0000000081600000, 0x0000000081700000, 0x0000000081700000|100%|HC|  |TAMS 0x0000000081600000, 0x0000000081600000| Complete 
|  13|0x0000000081700000, 0x0000000081800000, 0x0000000081800000|100%|HC|  |TAMS 0x0000000081700000, 0x0000000081700000| Complete 
|  14|0x0000000081800000, 0x0000000081900000, 0x0000000081900000|100%|HC|  |TAMS 0x0000000081800000, 0x0000000081800000| Complete 
|  15|0x0000000081900000, 0x0000000081a00000, 0x0000000081a00000|100%|HC|  |TAMS 0x0000000081900000, 0x0000000081900000| Complete 
|  16|0x0000000081a00000, 0x0000000081b00000, 0x0000000081b00000|100%|HS|  |TAMS 0x0000000081a00000, 0x0000000081a00000| Complete 
|  17|0x0000000081b00000, 0x0000000081c00000, 0x0000000081c00000|100%|HC|  |TAMS 0x0000000081b00000, 0x0000000081b00000| Complete 
|  18|0x0000000081c00000, 0x0000000081d00000, 0x0000000081d00000|100%|HC|  |TAMS 0x0000000081c00000, 0x0000000081c00000| Complete 
|  19|0x0000000081d00000, 0x0000000081e00000, 0x0000000081e00000|100%|HC|  |TAMS 0x0000000081d00000, 0x0000000081d00000| Complete 
|  20|0x0000000081e00000, 0x0000000081f00000, 0x0000000081f00000|100%|HC|  |TAMS 0x0000000081e00000, 0x0000000081e00000| Complete 
|  21|0x0000000081f00000, 0x0000000082000000, 0x0000000082000000|100%|HC|  |TAMS 0x0000000081f00000, 0x0000000081f00000| Complete 
|  22|0x0000000082000000, 0x0000000082100000, 0x0000000082100000|100%|HC|  |TAMS 0x0000000082000000, 0x0000000082000000| Complete 
|  23|0x0000000082100000, 0x0000000082200000, 0x0000000082200000|100%| O|  |TAMS 0x0000000082100000, 0x0000000082100000| Untracked 
|  24|0x0000000082200000, 0x0000000082300000, 0x0000000082300000|100%| O|  |TAMS 0x0000000082200000, 0x0000000082200000| Untracked 
|  25|0x0000000082300000, 0x0000000082400000, 0x0000000082400000|100%| O|  |TAMS 0x0000000082300000, 0x0000000082300000| Untracked 
|  26|0x0000000082400000, 0x0000000082500000, 0x0000000082500000|100%| O|  |TAMS 0x0000000082400000, 0x0000000082400000| Untracked 
|  27|0x0000000082500000, 0x0000000082600000, 0x0000000082600000|100%| O|  |TAMS 0x0000000082500000, 0x0000000082500000| Untracked 
|  28|0x0000000082600000, 0x0000000082700000, 0x0000000082700000|100%| O|  |TAMS 0x0000000082600000, 0x0000000082600000| Untracked 
|  29|0x0000000082700000, 0x0000000082800000, 0x0000000082800000|100%| O|  |TAMS 0x0000000082700000, 0x0000000082700000| Untracked 
|  30|0x0000000082800000, 0x0000000082900000, 0x0000000082900000|100%| O|  |TAMS 0x0000000082800000, 0x0000000082800000| Untracked 
|  31|0x0000000082900000, 0x0000000082a00000, 0x0000000082a00000|100%| O|  |TAMS 0x0000000082900000, 0x0000000082900000| Untracked 
|  32|0x0000000082a00000, 0x0000000082b00000, 0x0000000082b00000|100%| O|  |TAMS 0x0000000082a00000, 0x0000000082a00000| Untracked 
|  33|0x0000000082b00000, 0x0000000082c00000, 0x0000000082c00000|100%| O|  |TAMS 0x0000000082b00000, 0x0000000082b00000| Untracked 
|  34|0x0000000082c00000, 0x0000000082d00000, 0x0000000082d00000|100%| O|  |TAMS 0x0000000082c00000, 0x0000000082c00000| Untracked 
|  35|0x0000000082d00000, 0x0000000082e00000, 0x0000000082e00000|100%| O|  |TAMS 0x0000000082d00000, 0x0000000082d00000| Untracked 
|  36|0x0000000082e00000, 0x0000000082f00000, 0x0000000082f00000|100%| O|  |TAMS 0x0000000082e00000, 0x0000000082e00000| Untracked 
|  37|0x0000000082f00000, 0x0000000083000000, 0x0000000083000000|100%| O|  |TAMS 0x0000000082f00000, 0x0000000082f00000| Untracked 
|  38|0x0000000083000000, 0x0000000083100000, 0x0000000083100000|100%| O|  |TAMS 0x0000000083000000, 0x0000000083000000| Untracked 
|  39|0x0000000083100000, 0x0000000083200000, 0x0000000083200000|100%| O|  |TAMS 0x0000000083100000, 0x0000000083100000| Untracked 
|  40|0x0000000083200000, 0x0000000083300000, 0x0000000083300000|100%| O|  |TAMS 0x0000000083200000, 0x0000000083200000| Untracked 
|  41|0x0000000083300000, 0x0000000083400000, 0x0000000083400000|100%| O|  |TAMS 0x0000000083300000, 0x0000000083300000| Untracked 
|  42|0x0000000083400000, 0x0000000083500000, 0x0000000083500000|100%| O|  |TAMS 0x0000000083400000, 0x0000000083400000| Untracked 
|  43|0x0000000083500000, 0x0000000083600000, 0x0000000083600000|100%| O|  |TAMS 0x0000000083500000, 0x0000000083500000| Untracked 
|  44|0x0000000083600000, 0x0000000083700000, 0x0000000083700000|100%| O|  |TAMS 0x0000000083600000, 0x0000000083600000| Untracked 
|  45|0x0000000083700000, 0x0000000083800000, 0x0000000083800000|100%| O|  |TAMS 0x0000000083700000, 0x0000000083700000| Untracked 
|  46|0x0000000083800000, 0x0000000083900000, 0x0000000083900000|100%| O|  |TAMS 0x0000000083800000, 0x0000000083800000| Untracked 
|  47|0x0000000083900000, 0x0000000083a00000, 0x0000000083a00000|100%| O|  |TAMS 0x0000000083900000, 0x0000000083900000| Untracked 
|  48|0x0000000083a00000, 0x0000000083b00000, 0x0000000083b00000|100%| O|  |TAMS 0x0000000083a00000, 0x0000000083a00000| Untracked 
|  49|0x0000000083b00000, 0x0000000083c00000, 0x0000000083c00000|100%| O|  |TAMS 0x0000000083b00000, 0x0000000083b00000| Untracked 
|  50|0x0000000083c00000, 0x0000000083d00000, 0x0000000083d00000|100%| O|  |TAMS 0x0000000083c00000, 0x0000000083c00000| Untracked 
|  51|0x0000000083d00000, 0x0000000083e00000, 0x0000000083e00000|100%| O|  |TAMS 0x0000000083d00000, 0x0000000083d00000| Untracked 
|  52|0x0000000083e00000, 0x0000000083f00000, 0x0000000083f00000|100%| O|  |TAMS 0x0000000083e00000, 0x0000000083e00000| Untracked 
|  53|0x0000000083f00000, 0x0000000084000000, 0x0000000084000000|100%|HS|  |TAMS 0x0000000083f00000, 0x0000000083f00000| Complete 
|  54|0x0000000084000000, 0x0000000084100000, 0x0000000084100000|100%|HC|  |TAMS 0x0000000084000000, 0x0000000084000000| Complete 
|  55|0x0000000084100000, 0x0000000084200000, 0x0000000084200000|100%|HC|  |TAMS 0x0000000084100000, 0x0000000084100000| Complete 
|  56|0x0000000084200000, 0x0000000084300000, 0x0000000084300000|100%|HC|  |TAMS 0x0000000084200000, 0x0000000084200000| Complete 
|  57|0x0000000084300000, 0x0000000084400000, 0x0000000084400000|100%|HC|  |TAMS 0x0000000084300000, 0x0000000084300000| Complete 
|  58|0x0000000084400000, 0x0000000084500000, 0x0000000084500000|100%|HC|  |TAMS 0x0000000084400000, 0x0000000084400000| Complete 
|  59|0x0000000084500000, 0x0000000084600000, 0x0000000084600000|100%|HC|  |TAMS 0x0000000084500000, 0x0000000084500000| Complete 
|  60|0x0000000084600000, 0x0000000084700000, 0x0000000084700000|100%|HC|  |TAMS 0x0000000084600000, 0x0000000084600000| Complete 
|  61|0x0000000084700000, 0x0000000084800000, 0x0000000084800000|100%|HC|  |TAMS 0x0000000084700000, 0x0000000084700000| Complete 
|  62|0x0000000084800000, 0x0000000084900000, 0x0000000084900000|100%|HC|  |TAMS 0x0000000084800000, 0x0000000084800000| Complete 
|  63|0x0000000084900000, 0x0000000084a00000, 0x0000000084a00000|100%| O|  |TAMS 0x0000000084900000, 0x0000000084900000| Untracked 
|  64|0x0000000084a00000, 0x0000000084b00000, 0x0000000084b00000|100%| O|  |TAMS 0x0000000084a00000, 0x0000000084a00000| Untracked 
|  65|0x0000000084b00000, 0x0000000084c00000, 0x0000000084c00000|100%| O|  |TAMS 0x0000000084b00000, 0x0000000084b00000| Untracked 
|  66|0x0000000084c00000, 0x0000000084d00000, 0x0000000084d00000|100%| O|  |TAMS 0x0000000084c00000, 0x0000000084c00000| Untracked 
|  67|0x0000000084d00000, 0x0000000084e00000, 0x0000000084e00000|100%|HS|  |TAMS 0x0000000084d00000, 0x0000000084d00000| Complete 
|  68|0x0000000084e00000, 0x0000000084f00000, 0x0000000084f00000|100%|HC|  |TAMS 0x0000000084e00000, 0x0000000084e00000| Complete 
|  69|0x0000000084f00000, 0x0000000085000000, 0x0000000085000000|100%|HC|  |TAMS 0x0000000084f00000, 0x0000000084f00000| Complete 
|  70|0x0000000085000000, 0x0000000085100000, 0x0000000085100000|100%|HC|  |TAMS 0x0000000085000000, 0x0000000085000000| Complete 
|  71|0x0000000085100000, 0x0000000085200000, 0x0000000085200000|100%|HC|  |TAMS 0x0000000085100000, 0x0000000085100000| Complete 
|  72|0x0000000085200000, 0x0000000085300000, 0x0000000085300000|100%|HC|  |TAMS 0x0000000085200000, 0x0000000085200000| Complete 
|  73|0x0000000085300000, 0x0000000085400000, 0x0000000085400000|100%|HC|  |TAMS 0x0000000085300000, 0x0000000085300000| Complete 
|  74|0x0000000085400000, 0x0000000085500000, 0x0000000085500000|100%|HC|  |TAMS 0x0000000085400000, 0x0000000085400000| Complete 
|  75|0x0000000085500000, 0x0000000085600000, 0x0000000085600000|100%|HC|  |TAMS 0x0000000085500000, 0x0000000085500000| Complete 
|  76|0x0000000085600000, 0x0000000085700000, 0x0000000085700000|100%|HC|  |TAMS 0x0000000085600000, 0x0000000085600000| Complete 
|  77|0x0000000085700000, 0x0000000085800000, 0x0000000085800000|100%|HC|  |TAMS 0x0000000085700000, 0x0000000085700000| Complete 
|  78|0x0000000085800000, 0x0000000085900000, 0x0000000085900000|100%|HC|  |TAMS 0x0000000085800000, 0x0000000085800000| Complete 
|  79|0x0000000085900000, 0x0000000085a00000, 0x0000000085a00000|100%|HC|  |TAMS 0x0000000085900000, 0x0000000085900000| Complete 
|  80|0x0000000085a00000, 0x0000000085b00000, 0x0000000085b00000|100%|HC|  |TAMS 0x0000000085a00000, 0x0000000085a00000| Complete 
|  81|0x0000000085b00000, 0x0000000085c00000, 0x0000000085c00000|100%|HS|  |TAMS 0x0000000085b00000, 0x0000000085b00000| Complete 
|  82|0x0000000085c00000, 0x0000000085d00000, 0x0000000085d00000|100%|HC|  |TAMS 0x0000000085c00000, 0x0000000085c00000| Complete 
|  83|0x0000000085d00000, 0x0000000085e00000, 0x0000000085e00000|100%|HC|  |TAMS 0x0000000085d00000, 0x0000000085d00000| Complete 
|  84|0x0000000085e00000, 0x0000000085f00000, 0x0000000085f00000|100%|HC|  |TAMS 0x0000000085e00000, 0x0000000085e00000| Complete 
|  85|0x0000000085f00000, 0x0000000086000000, 0x0000000086000000|100%|HC|  |TAMS 0x0000000085f00000, 0x0000000085f00000| Complete 
|  86|0x0000000086000000, 0x0000000086100000, 0x0000000086100000|100%|HC|  |TAMS 0x0000000086000000, 0x0000000086000000| Complete 
|  87|0x0000000086100000, 0x0000000086200000, 0x0000000086200000|100%|HC|  |TAMS 0x0000000086100000, 0x0000000086100000| Complete 
|  88|0x0000000086200000, 0x0000000086300000, 0x0000000086300000|100%|HC|  |TAMS 0x0000000086200000, 0x0000000086200000| Complete 
|  89|0x0000000086300000, 0x0000000086400000, 0x0000000086400000|100%|HC|  |TAMS 0x0000000086300000, 0x0000000086300000| Complete 
|  90|0x0000000086400000, 0x0000000086500000, 0x0000000086500000|100%|HC|  |TAMS 0x0000000086400000, 0x0000000086400000| Complete 
|  91|0x0000000086500000, 0x0000000086600000, 0x0000000086600000|100%|HC|  |TAMS 0x0000000086500000, 0x0000000086500000| Complete 
|  92|0x0000000086600000, 0x0000000086700000, 0x0000000086700000|100%|HC|  |TAMS 0x0000000086600000, 0x0000000086600000| Complete 
|  93|0x0000000086700000, 0x0000000086800000, 0x0000000086800000|100%|HC|  |TAMS 0x0000000086700000, 0x0000000086700000| Complete 
|  94|0x0000000086800000, 0x0000000086900000, 0x0000000086900000|100%|HC|  |TAMS 0x0000000086800000, 0x0000000086800000| Complete 
|  95|0x0000000086900000, 0x0000000086a00000, 0x0000000086a00000|100%|HC|  |TAMS 0x0000000086900000, 0x0000000086900000| Complete 
|  96|0x0000000086a00000, 0x0000000086b00000, 0x0000000086b00000|100%|HC|  |TAMS 0x0000000086a00000, 0x0000000086a00000| Complete 
|  97|0x0000000086b00000, 0x0000000086c00000, 0x0000000086c00000|100%|HC|  |TAMS 0x0000000086b00000, 0x0000000086b00000| Complete 
|  98|0x0000000086c00000, 0x0000000086d00000, 0x0000000086d00000|100%|HC|  |TAMS 0x0000000086c00000, 0x0000000086c00000| Complete 
|  99|0x0000000086d00000, 0x0000000086e00000, 0x0000000086e00000|100%|HC|  |TAMS 0x0000000086d00000, 0x0000000086d00000| Complete 
| 100|0x0000000086e00000, 0x0000000086f00000, 0x0000000086f00000|100%|HC|  |TAMS 0x0000000086e00000, 0x0000000086e00000| Complete 
| 101|0x0000000086f00000, 0x0000000087000000, 0x0000000087000000|100%|HC|  |TAMS 0x0000000086f00000, 0x0000000086f00000| Complete 
| 102|0x0000000087000000, 0x0000000087100000, 0x0000000087100000|100%| O|  |TAMS 0x0000000087000000, 0x0000000087000000| Untracked 
| 103|0x0000000087100000, 0x0000000087200000, 0x0000000087200000|100%| O|  |TAMS 0x0000000087100000, 0x0000000087100000| Untracked 
| 104|0x0000000087200000, 0x0000000087300000, 0x0000000087300000|100%| O|  |TAMS 0x0000000087200000, 0x0000000087200000| Untracked 
| 105|0x0000000087300000, 0x0000000087400000, 0x0000000087400000|100%| O|  |TAMS 0x0000000087300000, 0x0000000087300000| Untracked 
| 106|0x0000000087400000, 0x0000000087500000, 0x0000000087500000|100%| O|  |TAMS 0x0000000087400000, 0x0000000087400000| Untracked 
| 107|0x0000000087500000, 0x0000000087600000, 0x0000000087600000|100%| O|  |TAMS 0x0000000087500000, 0x0000000087500000| Untracked 
| 108|0x0000000087600000, 0x0000000087700000, 0x0000000087700000|100%| O|  |TAMS 0x0000000087600000, 0x0000000087600000| Untracked 
| 109|0x0000000087700000, 0x0000000087800000, 0x0000000087800000|100%| O|  |TAMS 0x0000000087700000, 0x0000000087700000| Untracked 
| 110|0x0000000087800000, 0x0000000087900000, 0x0000000087900000|100%| O|  |TAMS 0x0000000087800000, 0x0000000087800000| Untracked 
| 111|0x0000000087900000, 0x0000000087a00000, 0x0000000087a00000|100%| O|  |TAMS 0x0000000087900000, 0x0000000087900000| Untracked 
| 112|0x0000000087a00000, 0x0000000087b00000, 0x0000000087b00000|100%| O|  |TAMS 0x0000000087a00000, 0x0000000087a00000| Untracked 
| 113|0x0000000087b00000, 0x0000000087c00000, 0x0000000087c00000|100%| O|  |TAMS 0x0000000087b00000, 0x0000000087b00000| Untracked 
| 114|0x0000000087c00000, 0x0000000087d00000, 0x0000000087d00000|100%| O|  |TAMS 0x0000000087c00000, 0x0000000087c00000| Untracked 
| 115|0x0000000087d00000, 0x0000000087e00000, 0x0000000087e00000|100%| O|  |TAMS 0x0000000087d00000, 0x0000000087d00000| Untracked 
| 116|0x0000000087e00000, 0x0000000087f00000, 0x0000000087f00000|100%| O|  |TAMS 0x0000000087e00000, 0x0000000087e00000| Untracked 
| 117|0x0000000087f00000, 0x0000000088000000, 0x0000000088000000|100%| O|  |TAMS 0x0000000087f00000, 0x0000000087f00000| Untracked 
| 118|0x0000000088000000, 0x0000000088100000, 0x0000000088100000|100%| O|  |TAMS 0x0000000088000000, 0x0000000088000000| Untracked 
| 119|0x0000000088100000, 0x0000000088200000, 0x0000000088200000|100%| O|  |TAMS 0x0000000088100000, 0x0000000088100000| Untracked 
| 120|0x0000000088200000, 0x0000000088300000, 0x0000000088300000|100%| O|  |TAMS 0x0000000088200000, 0x0000000088200000| Untracked 
| 121|0x0000000088300000, 0x0000000088400000, 0x0000000088400000|100%| O|  |TAMS 0x0000000088300000, 0x0000000088300000| Untracked 
| 122|0x0000000088400000, 0x0000000088500000, 0x0000000088500000|100%| O|  |TAMS 0x0000000088400000, 0x0000000088400000| Untracked 
| 123|0x0000000088500000, 0x0000000088600000, 0x0000000088600000|100%| O|  |TAMS 0x0000000088500000, 0x0000000088500000| Untracked 
| 124|0x0000000088600000, 0x0000000088700000, 0x0000000088700000|100%| O|  |TAMS 0x0000000088600000, 0x0000000088600000| Untracked 
| 125|0x0000000088700000, 0x0000000088800000, 0x0000000088800000|100%| O|  |TAMS 0x0000000088700000, 0x0000000088700000| Untracked 
| 126|0x0000000088800000, 0x0000000088900000, 0x0000000088900000|100%| O|  |TAMS 0x0000000088800000, 0x0000000088800000| Untracked 
| 127|0x0000000088900000, 0x0000000088a00000, 0x0000000088a00000|100%| O|  |TAMS 0x0000000088900000, 0x0000000088900000| Untracked 
| 128|0x0000000088a00000, 0x0000000088b00000, 0x0000000088b00000|100%| O|  |TAMS 0x0000000088a00000, 0x0000000088a00000| Untracked 
| 129|0x0000000088b00000, 0x0000000088c00000, 0x0000000088c00000|100%| O|  |TAMS 0x0000000088b00000, 0x0000000088b00000| Untracked 
| 130|0x0000000088c00000, 0x0000000088d00000, 0x0000000088d00000|100%| O|  |TAMS 0x0000000088c00000, 0x0000000088c00000| Untracked 
| 131|0x0000000088d00000, 0x0000000088e00000, 0x0000000088e00000|100%| O|  |TAMS 0x0000000088d00000, 0x0000000088d00000| Untracked 
| 132|0x0000000088e00000, 0x0000000088f00000, 0x0000000088f00000|100%| O|  |TAMS 0x0000000088e00000, 0x0000000088e00000| Untracked 
| 133|0x0000000088f00000, 0x0000000089000000, 0x0000000089000000|100%| O|  |TAMS 0x0000000088f00000, 0x0000000088f00000| Untracked 
| 134|0x0000000089000000, 0x0000000089100000, 0x0000000089100000|100%| O|  |TAMS 0x0000000089000000, 0x0000000089000000| Untracked 
| 135|0x0000000089100000, 0x0000000089200000, 0x0000000089200000|100%|HS|  |TAMS 0x0000000089100000, 0x0000000089100000| Complete 
| 136|0x0000000089200000, 0x0000000089300000, 0x0000000089300000|100%|HC|  |TAMS 0x0000000089200000, 0x0000000089200000| Complete 
| 137|0x0000000089300000, 0x0000000089400000, 0x0000000089400000|100%|HC|  |TAMS 0x0000000089300000, 0x0000000089300000| Complete 
| 138|0x0000000089400000, 0x0000000089500000, 0x0000000089500000|100%|HC|  |TAMS 0x0000000089400000, 0x0000000089400000| Complete 
| 139|0x0000000089500000, 0x0000000089600000, 0x0000000089600000|100%|HC|  |TAMS 0x0000000089500000, 0x0000000089500000| Complete 
| 140|0x0000000089600000, 0x0000000089700000, 0x0000000089700000|100%|HC|  |TAMS 0x0000000089600000, 0x0000000089600000| Complete 
| 141|0x0000000089700000, 0x0000000089800000, 0x0000000089800000|100%|HC|  |TAMS 0x0000000089700000, 0x0000000089700000| Complete 
| 142|0x0000000089800000, 0x0000000089900000, 0x0000000089900000|100%|HC|  |TAMS 0x0000000089800000, 0x0000000089800000| Complete 
| 143|0x0000000089900000, 0x0000000089a00000, 0x0000000089a00000|100%|HC|  |TAMS 0x0000000089900000, 0x0000000089900000| Complete 
| 144|0x0000000089a00000, 0x0000000089b00000, 0x0000000089b00000|100%|HC|  |TAMS 0x0000000089a00000, 0x0000000089a00000| Complete 
| 145|0x0000000089b00000, 0x0000000089c00000, 0x0000000089c00000|100%|HC|  |TAMS 0x0000000089b00000, 0x0000000089b00000| Complete 
| 146|0x0000000089c00000, 0x0000000089d00000, 0x0000000089d00000|100%|HC|  |TAMS 0x0000000089c00000, 0x0000000089c00000| Complete 
| 147|0x0000000089d00000, 0x0000000089e00000, 0x0000000089e00000|100%|HC|  |TAMS 0x0000000089d00000, 0x0000000089d00000| Complete 
| 148|0x0000000089e00000, 0x0000000089f00000, 0x0000000089f00000|100%|HC|  |TAMS 0x0000000089e00000, 0x0000000089e00000| Complete 
| 149|0x0000000089f00000, 0x000000008a000000, 0x000000008a000000|100%|HC|  |TAMS 0x0000000089f00000, 0x0000000089f00000| Complete 
| 150|0x000000008a000000, 0x000000008a100000, 0x000000008a100000|100%|HC|  |TAMS 0x000000008a000000, 0x000000008a000000| Complete 
| 151|0x000000008a100000, 0x000000008a200000, 0x000000008a200000|100%|HC|  |TAMS 0x000000008a100000, 0x000000008a100000| Complete 
| 152|0x000000008a200000, 0x000000008a300000, 0x000000008a300000|100%|HC|  |TAMS 0x000000008a200000, 0x000000008a200000| Complete 
| 153|0x000000008a300000, 0x000000008a400000, 0x000000008a400000|100%|HC|  |TAMS 0x000000008a300000, 0x000000008a300000| Complete 
| 154|0x000000008a400000, 0x000000008a500000, 0x000000008a500000|100%|HC|  |TAMS 0x000000008a400000, 0x000000008a400000| Complete 
| 155|0x000000008a500000, 0x000000008a600000, 0x000000008a600000|100%|HC|  |TAMS 0x000000008a500000, 0x000000008a500000| Complete 
| 156|0x000000008a600000, 0x000000008a700000, 0x000000008a700000|100%|HC|  |TAMS 0x000000008a600000, 0x000000008a600000| Complete 
| 157|0x000000008a700000, 0x000000008a800000, 0x000000008a800000|100%|HC|  |TAMS 0x000000008a700000, 0x000000008a700000| Complete 
| 158|0x000000008a800000, 0x000000008a900000, 0x000000008a900000|100%|HC|  |TAMS 0x000000008a800000, 0x000000008a800000| Complete 
| 159|0x000000008a900000, 0x000000008aa00000, 0x000000008aa00000|100%|HC|  |TAMS 0x000000008a900000, 0x000000008a900000| Complete 
| 160|0x000000008aa00000, 0x000000008ab00000, 0x000000008ab00000|100%|HC|  |TAMS 0x000000008aa00000, 0x000000008aa00000| Complete 
| 161|0x000000008ab00000, 0x000000008ac00000, 0x000000008ac00000|100%|HC|  |TAMS 0x000000008ab00000, 0x000000008ab00000| Complete 
| 162|0x000000008ac00000, 0x000000008ad00000, 0x000000008ad00000|100%|HC|  |TAMS 0x000000008ac00000, 0x000000008ac00000| Complete 
| 163|0x000000008ad00000, 0x000000008ae00000, 0x000000008ae00000|100%|HC|  |TAMS 0x000000008ad00000, 0x000000008ad00000| Complete 
| 164|0x000000008ae00000, 0x000000008af00000, 0x000000008af00000|100%|HC|  |TAMS 0x000000008ae00000, 0x000000008ae00000| Complete 
| 165|0x000000008af00000, 0x000000008b000000, 0x000000008b000000|100%|HC|  |TAMS 0x000000008af00000, 0x000000008af00000| Complete 
| 166|0x000000008b000000, 0x000000008b100000, 0x000000008b100000|100%| O|  |TAMS 0x000000008b000000, 0x000000008b000000| Untracked 
| 167|0x000000008b100000, 0x000000008b200000, 0x000000008b200000|100%| O|  |TAMS 0x000000008b100000, 0x000000008b100000| Untracked 
| 168|0x000000008b200000, 0x000000008b300000, 0x000000008b300000|100%| O|  |TAMS 0x000000008b200000, 0x000000008b200000| Untracked 
| 169|0x000000008b300000, 0x000000008b400000, 0x000000008b400000|100%| O|  |TAMS 0x000000008b300000, 0x000000008b300000| Untracked 
| 170|0x000000008b400000, 0x000000008b500000, 0x000000008b500000|100%| O|  |TAMS 0x000000008b400000, 0x000000008b400000| Untracked 
| 171|0x000000008b500000, 0x000000008b600000, 0x000000008b600000|100%| O|  |TAMS 0x000000008b500000, 0x000000008b500000| Untracked 
| 172|0x000000008b600000, 0x000000008b700000, 0x000000008b700000|100%| O|  |TAMS 0x000000008b600000, 0x000000008b600000| Untracked 
| 173|0x000000008b700000, 0x000000008b800000, 0x000000008b800000|100%| O|  |TAMS 0x000000008b700000, 0x000000008b700000| Untracked 
| 174|0x000000008b800000, 0x000000008b900000, 0x000000008b900000|100%| O|  |TAMS 0x000000008b800000, 0x000000008b800000| Untracked 
| 175|0x000000008b900000, 0x000000008ba00000, 0x000000008ba00000|100%| O|  |TAMS 0x000000008b900000, 0x000000008b900000| Untracked 
| 176|0x000000008ba00000, 0x000000008bb00000, 0x000000008bb00000|100%| O|  |TAMS 0x000000008ba00000, 0x000000008ba00000| Untracked 
| 177|0x000000008bb00000, 0x000000008bc00000, 0x000000008bc00000|100%| O|  |TAMS 0x000000008bb00000, 0x000000008bb00000| Untracked 
| 178|0x000000008bc00000, 0x000000008bd00000, 0x000000008bd00000|100%| O|  |TAMS 0x000000008bc00000, 0x000000008bc00000| Untracked 
| 179|0x000000008bd00000, 0x000000008be00000, 0x000000008be00000|100%| O|  |TAMS 0x000000008bd00000, 0x000000008bd00000| Untracked 
| 180|0x000000008be00000, 0x000000008bf00000, 0x000000008bf00000|100%| O|  |TAMS 0x000000008be00000, 0x000000008be00000| Untracked 
| 181|0x000000008bf00000, 0x000000008c000000, 0x000000008c000000|100%| O|  |TAMS 0x000000008bf00000, 0x000000008bf00000| Untracked 
| 182|0x000000008c000000, 0x000000008c100000, 0x000000008c100000|100%| O|  |TAMS 0x000000008c000000, 0x000000008c000000| Untracked 
| 183|0x000000008c100000, 0x000000008c200000, 0x000000008c200000|100%| O|  |TAMS 0x000000008c100000, 0x000000008c100000| Untracked 
| 184|0x000000008c200000, 0x000000008c300000, 0x000000008c300000|100%| O|  |TAMS 0x000000008c200000, 0x000000008c200000| Untracked 
| 185|0x000000008c300000, 0x000000008c400000, 0x000000008c400000|100%| O|  |TAMS 0x000000008c300000, 0x000000008c300000| Untracked 
| 186|0x000000008c400000, 0x000000008c480000, 0x000000008c500000| 50%| O|  |TAMS 0x000000008c400000, 0x000000008c400000| Untracked 
| 187|0x000000008c500000, 0x000000008c500000, 0x000000008c600000|  0%| F|  |TAMS 0x000000008c500000, 0x000000008c500000| Untracked 
| 188|0x000000008c600000, 0x000000008c600000, 0x000000008c700000|  0%| F|  |TAMS 0x000000008c600000, 0x000000008c600000| Untracked 
| 189|0x000000008c700000, 0x000000008c700000, 0x000000008c800000|  0%| F|  |TAMS 0x000000008c700000, 0x000000008c700000| Untracked 
| 190|0x000000008c800000, 0x000000008c800000, 0x000000008c900000|  0%| F|  |TAMS 0x000000008c800000, 0x000000008c800000| Untracked 
| 191|0x000000008c900000, 0x000000008c900000, 0x000000008ca00000|  0%| F|  |TAMS 0x000000008c900000, 0x000000008c900000| Untracked 
| 192|0x000000008ca00000, 0x000000008ca00000, 0x000000008cb00000|  0%| F|  |TAMS 0x000000008ca00000, 0x000000008ca00000| Untracked 
| 193|0x000000008cb00000, 0x000000008cb00000, 0x000000008cc00000|  0%| F|  |TAMS 0x000000008cb00000, 0x000000008cb00000| Untracked 
| 194|0x000000008cc00000, 0x000000008cc00000, 0x000000008cd00000|  0%| F|  |TAMS 0x000000008cc00000, 0x000000008cc00000| Untracked 
| 195|0x000000008cd00000, 0x000000008cd00000, 0x000000008ce00000|  0%| F|  |TAMS 0x000000008cd00000, 0x000000008cd00000| Untracked 
| 196|0x000000008ce00000, 0x000000008ce00000, 0x000000008cf00000|  0%| F|  |TAMS 0x000000008ce00000, 0x000000008ce00000| Untracked 
| 197|0x000000008cf00000, 0x000000008cf00000, 0x000000008d000000|  0%| F|  |TAMS 0x000000008cf00000, 0x000000008cf00000| Untracked 
| 198|0x000000008d000000, 0x000000008d000000, 0x000000008d100000|  0%| F|  |TAMS 0x000000008d000000, 0x000000008d000000| Untracked 
| 199|0x000000008d100000, 0x000000008d100000, 0x000000008d200000|  0%| F|  |TAMS 0x000000008d100000, 0x000000008d100000| Untracked 
| 200|0x000000008d200000, 0x000000008d200000, 0x000000008d300000|  0%| F|  |TAMS 0x000000008d200000, 0x000000008d200000| Untracked 
| 201|0x000000008d300000, 0x000000008d300000, 0x000000008d400000|  0%| F|  |TAMS 0x000000008d300000, 0x000000008d300000| Untracked 
| 202|0x000000008d400000, 0x000000008d400000, 0x000000008d500000|  0%| F|  |TAMS 0x000000008d400000, 0x000000008d400000| Untracked 
| 203|0x000000008d500000, 0x000000008d500000, 0x000000008d600000|  0%| F|  |TAMS 0x000000008d500000, 0x000000008d500000| Untracked 
| 204|0x000000008d600000, 0x000000008d600000, 0x000000008d700000|  0%| F|  |TAMS 0x000000008d600000, 0x000000008d600000| Untracked 
| 205|0x000000008d700000, 0x000000008d700000, 0x000000008d800000|  0%| F|  |TAMS 0x000000008d700000, 0x000000008d700000| Untracked 
| 206|0x000000008d800000, 0x000000008d800000, 0x000000008d900000|  0%| F|  |TAMS 0x000000008d800000, 0x000000008d800000| Untracked 
| 207|0x000000008d900000, 0x000000008d900000, 0x000000008da00000|  0%| F|  |TAMS 0x000000008d900000, 0x000000008d900000| Untracked 
| 208|0x000000008da00000, 0x000000008da00000, 0x000000008db00000|  0%| F|  |TAMS 0x000000008da00000, 0x000000008da00000| Untracked 
| 209|0x000000008db00000, 0x000000008db00000, 0x000000008dc00000|  0%| F|  |TAMS 0x000000008db00000, 0x000000008db00000| Untracked 
| 210|0x000000008dc00000, 0x000000008dc00000, 0x000000008dd00000|  0%| F|  |TAMS 0x000000008dc00000, 0x000000008dc00000| Untracked 
| 211|0x000000008dd00000, 0x000000008dd00000, 0x000000008de00000|  0%| F|  |TAMS 0x000000008dd00000, 0x000000008dd00000| Untracked 
| 212|0x000000008de00000, 0x000000008de00000, 0x000000008df00000|  0%| F|  |TAMS 0x000000008de00000, 0x000000008de00000| Untracked 
| 213|0x000000008df00000, 0x000000008df00000, 0x000000008e000000|  0%| F|  |TAMS 0x000000008df00000, 0x000000008df00000| Untracked 
| 214|0x000000008e000000, 0x000000008e000000, 0x000000008e100000|  0%| F|  |TAMS 0x000000008e000000, 0x000000008e000000| Untracked 
| 215|0x000000008e100000, 0x000000008e100000, 0x000000008e200000|  0%| F|  |TAMS 0x000000008e100000, 0x000000008e100000| Untracked 
| 216|0x000000008e200000, 0x000000008e200000, 0x000000008e300000|  0%| F|  |TAMS 0x000000008e200000, 0x000000008e200000| Untracked 
| 217|0x000000008e300000, 0x000000008e300000, 0x000000008e400000|  0%| F|  |TAMS 0x000000008e300000, 0x000000008e300000| Untracked 
| 218|0x000000008e400000, 0x000000008e400000, 0x000000008e500000|  0%| F|  |TAMS 0x000000008e400000, 0x000000008e400000| Untracked 
| 219|0x000000008e500000, 0x000000008e500000, 0x000000008e600000|  0%| F|  |TAMS 0x000000008e500000, 0x000000008e500000| Untracked 
| 220|0x000000008e600000, 0x000000008e600000, 0x000000008e700000|  0%| F|  |TAMS 0x000000008e600000, 0x000000008e600000| Untracked 
| 221|0x000000008e700000, 0x000000008e700000, 0x000000008e800000|  0%| F|  |TAMS 0x000000008e700000, 0x000000008e700000| Untracked 
| 222|0x000000008e800000, 0x000000008e800000, 0x000000008e900000|  0%| F|  |TAMS 0x000000008e800000, 0x000000008e800000| Untracked 
| 223|0x000000008e900000, 0x000000008e900000, 0x000000008ea00000|  0%| F|  |TAMS 0x000000008e900000, 0x000000008e900000| Untracked 
| 224|0x000000008ea00000, 0x000000008ea00000, 0x000000008eb00000|  0%| F|  |TAMS 0x000000008ea00000, 0x000000008ea00000| Untracked 
| 225|0x000000008eb00000, 0x000000008eb00000, 0x000000008ec00000|  0%| F|  |TAMS 0x000000008eb00000, 0x000000008eb00000| Untracked 
| 226|0x000000008ec00000, 0x000000008ec00000, 0x000000008ed00000|  0%| F|  |TAMS 0x000000008ec00000, 0x000000008ec00000| Untracked 
| 227|0x000000008ed00000, 0x000000008ed00000, 0x000000008ee00000|  0%| F|  |TAMS 0x000000008ed00000, 0x000000008ed00000| Untracked 
| 228|0x000000008ee00000, 0x000000008ee00000, 0x000000008ef00000|  0%| F|  |TAMS 0x000000008ee00000, 0x000000008ee00000| Untracked 
| 229|0x000000008ef00000, 0x000000008ef00000, 0x000000008f000000|  0%| F|  |TAMS 0x000000008ef00000, 0x000000008ef00000| Untracked 
| 230|0x000000008f000000, 0x000000008f000000, 0x000000008f100000|  0%| F|  |TAMS 0x000000008f000000, 0x000000008f000000| Untracked 
| 231|0x000000008f100000, 0x000000008f100000, 0x000000008f200000|  0%| F|  |TAMS 0x000000008f100000, 0x000000008f100000| Untracked 
| 232|0x000000008f200000, 0x000000008f200000, 0x000000008f300000|  0%| F|  |TAMS 0x000000008f200000, 0x000000008f200000| Untracked 
| 233|0x000000008f300000, 0x000000008f300000, 0x000000008f400000|  0%| F|  |TAMS 0x000000008f300000, 0x000000008f300000| Untracked 
| 234|0x000000008f400000, 0x000000008f400000, 0x000000008f500000|  0%| F|  |TAMS 0x000000008f400000, 0x000000008f400000| Untracked 
| 235|0x000000008f500000, 0x000000008f500000, 0x000000008f600000|  0%| F|  |TAMS 0x000000008f500000, 0x000000008f500000| Untracked 
| 236|0x000000008f600000, 0x000000008f600000, 0x000000008f700000|  0%| F|  |TAMS 0x000000008f600000, 0x000000008f600000| Untracked 
| 237|0x000000008f700000, 0x000000008f700000, 0x000000008f800000|  0%| F|  |TAMS 0x000000008f700000, 0x000000008f700000| Untracked 
| 238|0x000000008f800000, 0x000000008f800000, 0x000000008f900000|  0%| F|  |TAMS 0x000000008f800000, 0x000000008f800000| Untracked 
| 239|0x000000008f900000, 0x000000008f900000, 0x000000008fa00000|  0%| F|  |TAMS 0x000000008f900000, 0x000000008f900000| Untracked 
| 240|0x000000008fa00000, 0x000000008fa00000, 0x000000008fb00000|  0%| F|  |TAMS 0x000000008fa00000, 0x000000008fa00000| Untracked 
| 241|0x000000008fb00000, 0x000000008fb00000, 0x000000008fc00000|  0%| F|  |TAMS 0x000000008fb00000, 0x000000008fb00000| Untracked 
| 242|0x000000008fc00000, 0x000000008fc00000, 0x000000008fd00000|  0%| F|  |TAMS 0x000000008fc00000, 0x000000008fc00000| Untracked 
| 243|0x000000008fd00000, 0x000000008fd00000, 0x000000008fe00000|  0%| F|  |TAMS 0x000000008fd00000, 0x000000008fd00000| Untracked 
| 244|0x000000008fe00000, 0x000000008fe00000, 0x000000008ff00000|  0%| F|  |TAMS 0x000000008fe00000, 0x000000008fe00000| Untracked 
| 245|0x000000008ff00000, 0x000000008ff00000, 0x0000000090000000|  0%| F|  |TAMS 0x000000008ff00000, 0x000000008ff00000| Untracked 
| 246|0x0000000090000000, 0x0000000090000000, 0x0000000090100000|  0%| F|  |TAMS 0x0000000090000000, 0x0000000090000000| Untracked 
| 247|0x0000000090100000, 0x0000000090100000, 0x0000000090200000|  0%| F|  |TAMS 0x0000000090100000, 0x0000000090100000| Untracked 
| 248|0x0000000090200000, 0x0000000090200000, 0x0000000090300000|  0%| F|  |TAMS 0x0000000090200000, 0x0000000090200000| Untracked 
| 249|0x0000000090300000, 0x0000000090300000, 0x0000000090400000|  0%| F|  |TAMS 0x0000000090300000, 0x0000000090300000| Untracked 
| 250|0x0000000090400000, 0x0000000090400000, 0x0000000090500000|  0%| F|  |TAMS 0x0000000090400000, 0x0000000090400000| Untracked 
| 251|0x0000000090500000, 0x0000000090500000, 0x0000000090600000|  0%| F|  |TAMS 0x0000000090500000, 0x0000000090500000| Untracked 
| 252|0x0000000090600000, 0x0000000090600000, 0x0000000090700000|  0%| F|  |TAMS 0x0000000090600000, 0x0000000090600000| Untracked 
| 253|0x0000000090700000, 0x0000000090700000, 0x0000000090800000|  0%| F|  |TAMS 0x0000000090700000, 0x0000000090700000| Untracked 
| 254|0x0000000090800000, 0x0000000090800000, 0x0000000090900000|  0%| F|  |TAMS 0x0000000090800000, 0x0000000090800000| Untracked 
| 255|0x0000000090900000, 0x0000000090900000, 0x0000000090a00000|  0%| F|  |TAMS 0x0000000090900000, 0x0000000090900000| Untracked 
| 256|0x0000000090a00000, 0x0000000090a00000, 0x0000000090b00000|  0%| F|  |TAMS 0x0000000090a00000, 0x0000000090a00000| Untracked 
| 257|0x0000000090b00000, 0x0000000090b00000, 0x0000000090c00000|  0%| F|  |TAMS 0x0000000090b00000, 0x0000000090b00000| Untracked 
| 258|0x0000000090c00000, 0x0000000090c00000, 0x0000000090d00000|  0%| F|  |TAMS 0x0000000090c00000, 0x0000000090c00000| Untracked 
| 259|0x0000000090d00000, 0x0000000090d00000, 0x0000000090e00000|  0%| F|  |TAMS 0x0000000090d00000, 0x0000000090d00000| Untracked 
| 260|0x0000000090e00000, 0x0000000090e00000, 0x0000000090f00000|  0%| F|  |TAMS 0x0000000090e00000, 0x0000000090e00000| Untracked 
| 261|0x0000000090f00000, 0x0000000090f00000, 0x0000000091000000|  0%| F|  |TAMS 0x0000000090f00000, 0x0000000090f00000| Untracked 
| 262|0x0000000091000000, 0x0000000091000000, 0x0000000091100000|  0%| F|  |TAMS 0x0000000091000000, 0x0000000091000000| Untracked 
| 263|0x0000000091100000, 0x0000000091100000, 0x0000000091200000|  0%| F|  |TAMS 0x0000000091100000, 0x0000000091100000| Untracked 
| 264|0x0000000091200000, 0x0000000091200000, 0x0000000091300000|  0%| F|  |TAMS 0x0000000091200000, 0x0000000091200000| Untracked 
| 265|0x0000000091300000, 0x0000000091300000, 0x0000000091400000|  0%| F|  |TAMS 0x0000000091300000, 0x0000000091300000| Untracked 
| 266|0x0000000091400000, 0x0000000091400000, 0x0000000091500000|  0%| F|  |TAMS 0x0000000091400000, 0x0000000091400000| Untracked 
| 267|0x0000000091500000, 0x0000000091500000, 0x0000000091600000|  0%| F|  |TAMS 0x0000000091500000, 0x0000000091500000| Untracked 
| 268|0x0000000091600000, 0x0000000091600000, 0x0000000091700000|  0%| F|  |TAMS 0x0000000091600000, 0x0000000091600000| Untracked 
| 269|0x0000000091700000, 0x0000000091700000, 0x0000000091800000|  0%| F|  |TAMS 0x0000000091700000, 0x0000000091700000| Untracked 
| 270|0x0000000091800000, 0x0000000091900000, 0x0000000091900000|100%| S|CS|TAMS 0x0000000091800000, 0x0000000091800000| Complete 
| 271|0x0000000091900000, 0x0000000091a00000, 0x0000000091a00000|100%| S|CS|TAMS 0x0000000091900000, 0x0000000091900000| Complete 
| 272|0x0000000091a00000, 0x0000000091b00000, 0x0000000091b00000|100%| S|CS|TAMS 0x0000000091a00000, 0x0000000091a00000| Complete 
| 273|0x0000000091b00000, 0x0000000091c00000, 0x0000000091c00000|100%| S|CS|TAMS 0x0000000091b00000, 0x0000000091b00000| Complete 
| 274|0x0000000091c00000, 0x0000000091d00000, 0x0000000091d00000|100%| S|CS|TAMS 0x0000000091c00000, 0x0000000091c00000| Complete 
| 275|0x0000000091d00000, 0x0000000091e00000, 0x0000000091e00000|100%| S|CS|TAMS 0x0000000091d00000, 0x0000000091d00000| Complete 
| 276|0x0000000091e00000, 0x0000000091f00000, 0x0000000091f00000|100%| S|CS|TAMS 0x0000000091e00000, 0x0000000091e00000| Complete 
| 277|0x0000000091f00000, 0x0000000092000000, 0x0000000092000000|100%| S|CS|TAMS 0x0000000091f00000, 0x0000000091f00000| Complete 
| 278|0x0000000092000000, 0x0000000092100000, 0x0000000092100000|100%| S|CS|TAMS 0x0000000092000000, 0x0000000092000000| Complete 
| 279|0x0000000092100000, 0x0000000092200000, 0x0000000092200000|100%| S|CS|TAMS 0x0000000092100000, 0x0000000092100000| Complete 
| 280|0x0000000092200000, 0x0000000092300000, 0x0000000092300000|100%| S|CS|TAMS 0x0000000092200000, 0x0000000092200000| Complete 
| 281|0x0000000092300000, 0x0000000092400000, 0x0000000092400000|100%| S|CS|TAMS 0x0000000092300000, 0x0000000092300000| Complete 
| 282|0x0000000092400000, 0x0000000092500000, 0x0000000092500000|100%| S|CS|TAMS 0x0000000092400000, 0x0000000092400000| Complete 
| 283|0x0000000092500000, 0x0000000092500000, 0x0000000092600000|  0%| F|  |TAMS 0x0000000092500000, 0x0000000092500000| Untracked 
| 284|0x0000000092600000, 0x0000000092600000, 0x0000000092700000|  0%| F|  |TAMS 0x0000000092600000, 0x0000000092600000| Untracked 
| 285|0x0000000092700000, 0x0000000092700000, 0x0000000092800000|  0%| F|  |TAMS 0x0000000092700000, 0x0000000092700000| Untracked 
| 286|0x0000000092800000, 0x0000000092800000, 0x0000000092900000|  0%| F|  |TAMS 0x0000000092800000, 0x0000000092800000| Untracked 
| 287|0x0000000092900000, 0x0000000092900000, 0x0000000092a00000|  0%| F|  |TAMS 0x0000000092900000, 0x0000000092900000| Untracked 
| 288|0x0000000092a00000, 0x0000000092a00000, 0x0000000092b00000|  0%| F|  |TAMS 0x0000000092a00000, 0x0000000092a00000| Untracked 
| 289|0x0000000092b00000, 0x0000000092b00000, 0x0000000092c00000|  0%| F|  |TAMS 0x0000000092b00000, 0x0000000092b00000| Untracked 
| 290|0x0000000092c00000, 0x0000000092c00000, 0x0000000092d00000|  0%| F|  |TAMS 0x0000000092c00000, 0x0000000092c00000| Untracked 
| 291|0x0000000092d00000, 0x0000000092d00000, 0x0000000092e00000|  0%| F|  |TAMS 0x0000000092d00000, 0x0000000092d00000| Untracked 
| 292|0x0000000092e00000, 0x0000000092e00000, 0x0000000092f00000|  0%| F|  |TAMS 0x0000000092e00000, 0x0000000092e00000| Untracked 
| 293|0x0000000092f00000, 0x0000000092f00000, 0x0000000093000000|  0%| F|  |TAMS 0x0000000092f00000, 0x0000000092f00000| Untracked 
| 294|0x0000000093000000, 0x0000000093000000, 0x0000000093100000|  0%| F|  |TAMS 0x0000000093000000, 0x0000000093000000| Untracked 
| 295|0x0000000093100000, 0x0000000093100000, 0x0000000093200000|  0%| F|  |TAMS 0x0000000093100000, 0x0000000093100000| Untracked 
| 296|0x0000000093200000, 0x0000000093200000, 0x0000000093300000|  0%| F|  |TAMS 0x0000000093200000, 0x0000000093200000| Untracked 
| 297|0x0000000093300000, 0x0000000093300000, 0x0000000093400000|  0%| F|  |TAMS 0x0000000093300000, 0x0000000093300000| Untracked 
| 298|0x0000000093400000, 0x0000000093400000, 0x0000000093500000|  0%| F|  |TAMS 0x0000000093400000, 0x0000000093400000| Untracked 
| 299|0x0000000093500000, 0x0000000093500000, 0x0000000093600000|  0%| F|  |TAMS 0x0000000093500000, 0x0000000093500000| Untracked 
| 300|0x0000000093600000, 0x0000000093600000, 0x0000000093700000|  0%| F|  |TAMS 0x0000000093600000, 0x0000000093600000| Untracked 
| 301|0x0000000093700000, 0x0000000093700000, 0x0000000093800000|  0%| F|  |TAMS 0x0000000093700000, 0x0000000093700000| Untracked 
| 302|0x0000000093800000, 0x0000000093800000, 0x0000000093900000|  0%| F|  |TAMS 0x0000000093800000, 0x0000000093800000| Untracked 
| 303|0x0000000093900000, 0x0000000093900000, 0x0000000093a00000|  0%| F|  |TAMS 0x0000000093900000, 0x0000000093900000| Untracked 
| 304|0x0000000093a00000, 0x0000000093a00000, 0x0000000093b00000|  0%| F|  |TAMS 0x0000000093a00000, 0x0000000093a00000| Untracked 
| 305|0x0000000093b00000, 0x0000000093b00000, 0x0000000093c00000|  0%| F|  |TAMS 0x0000000093b00000, 0x0000000093b00000| Untracked 
| 306|0x0000000093c00000, 0x0000000093c00000, 0x0000000093d00000|  0%| F|  |TAMS 0x0000000093c00000, 0x0000000093c00000| Untracked 
| 307|0x0000000093d00000, 0x0000000093d00000, 0x0000000093e00000|  0%| F|  |TAMS 0x0000000093d00000, 0x0000000093d00000| Untracked 
| 308|0x0000000093e00000, 0x0000000093e00000, 0x0000000093f00000|  0%| F|  |TAMS 0x0000000093e00000, 0x0000000093e00000| Untracked 
| 309|0x0000000093f00000, 0x0000000093f00000, 0x0000000094000000|  0%| F|  |TAMS 0x0000000093f00000, 0x0000000093f00000| Untracked 
| 310|0x0000000094000000, 0x0000000094000000, 0x0000000094100000|  0%| F|  |TAMS 0x0000000094000000, 0x0000000094000000| Untracked 
| 311|0x0000000094100000, 0x0000000094100000, 0x0000000094200000|  0%| F|  |TAMS 0x0000000094100000, 0x0000000094100000| Untracked 
| 312|0x0000000094200000, 0x0000000094200000, 0x0000000094300000|  0%| F|  |TAMS 0x0000000094200000, 0x0000000094200000| Untracked 
| 313|0x0000000094300000, 0x0000000094300000, 0x0000000094400000|  0%| F|  |TAMS 0x0000000094300000, 0x0000000094300000| Untracked 
| 314|0x0000000094400000, 0x0000000094400000, 0x0000000094500000|  0%| F|  |TAMS 0x0000000094400000, 0x0000000094400000| Untracked 
| 315|0x0000000094500000, 0x0000000094500000, 0x0000000094600000|  0%| F|  |TAMS 0x0000000094500000, 0x0000000094500000| Untracked 
| 316|0x0000000094600000, 0x0000000094600000, 0x0000000094700000|  0%| F|  |TAMS 0x0000000094600000, 0x0000000094600000| Untracked 
| 317|0x0000000094700000, 0x0000000094700000, 0x0000000094800000|  0%| F|  |TAMS 0x0000000094700000, 0x0000000094700000| Untracked 
| 318|0x0000000094800000, 0x0000000094800000, 0x0000000094900000|  0%| F|  |TAMS 0x0000000094800000, 0x0000000094800000| Untracked 
| 319|0x0000000094900000, 0x0000000094900000, 0x0000000094a00000|  0%| F|  |TAMS 0x0000000094900000, 0x0000000094900000| Untracked 
| 320|0x0000000094a00000, 0x0000000094a00000, 0x0000000094b00000|  0%| F|  |TAMS 0x0000000094a00000, 0x0000000094a00000| Untracked 
| 321|0x0000000094b00000, 0x0000000094b00000, 0x0000000094c00000|  0%| F|  |TAMS 0x0000000094b00000, 0x0000000094b00000| Untracked 
| 322|0x0000000094c00000, 0x0000000094c00000, 0x0000000094d00000|  0%| F|  |TAMS 0x0000000094c00000, 0x0000000094c00000| Untracked 
| 323|0x0000000094d00000, 0x0000000094d00000, 0x0000000094e00000|  0%| F|  |TAMS 0x0000000094d00000, 0x0000000094d00000| Untracked 
| 324|0x0000000094e00000, 0x0000000094e00000, 0x0000000094f00000|  0%| F|  |TAMS 0x0000000094e00000, 0x0000000094e00000| Untracked 
| 325|0x0000000094f00000, 0x0000000094f00000, 0x0000000095000000|  0%| F|  |TAMS 0x0000000094f00000, 0x0000000094f00000| Untracked 
| 326|0x0000000095000000, 0x0000000095000000, 0x0000000095100000|  0%| F|  |TAMS 0x0000000095000000, 0x0000000095000000| Untracked 
| 327|0x0000000095100000, 0x0000000095100000, 0x0000000095200000|  0%| F|  |TAMS 0x0000000095100000, 0x0000000095100000| Untracked 
| 328|0x0000000095200000, 0x0000000095200000, 0x0000000095300000|  0%| F|  |TAMS 0x0000000095200000, 0x0000000095200000| Untracked 
| 329|0x0000000095300000, 0x0000000095300000, 0x0000000095400000|  0%| F|  |TAMS 0x0000000095300000, 0x0000000095300000| Untracked 
| 330|0x0000000095400000, 0x0000000095400000, 0x0000000095500000|  0%| F|  |TAMS 0x0000000095400000, 0x0000000095400000| Untracked 
| 331|0x0000000095500000, 0x0000000095500000, 0x0000000095600000|  0%| F|  |TAMS 0x0000000095500000, 0x0000000095500000| Untracked 
| 332|0x0000000095600000, 0x0000000095600000, 0x0000000095700000|  0%| F|  |TAMS 0x0000000095600000, 0x0000000095600000| Untracked 
| 333|0x0000000095700000, 0x0000000095700000, 0x0000000095800000|  0%| F|  |TAMS 0x0000000095700000, 0x0000000095700000| Untracked 
| 334|0x0000000095800000, 0x0000000095800000, 0x0000000095900000|  0%| F|  |TAMS 0x0000000095800000, 0x0000000095800000| Untracked 
| 335|0x0000000095900000, 0x0000000095900000, 0x0000000095a00000|  0%| F|  |TAMS 0x0000000095900000, 0x0000000095900000| Untracked 
| 336|0x0000000095a00000, 0x0000000095a00000, 0x0000000095b00000|  0%| F|  |TAMS 0x0000000095a00000, 0x0000000095a00000| Untracked 
| 337|0x0000000095b00000, 0x0000000095b00000, 0x0000000095c00000|  0%| F|  |TAMS 0x0000000095b00000, 0x0000000095b00000| Untracked 
| 338|0x0000000095c00000, 0x0000000095c00000, 0x0000000095d00000|  0%| F|  |TAMS 0x0000000095c00000, 0x0000000095c00000| Untracked 
| 339|0x0000000095d00000, 0x0000000095d00000, 0x0000000095e00000|  0%| F|  |TAMS 0x0000000095d00000, 0x0000000095d00000| Untracked 
| 340|0x0000000095e00000, 0x0000000095e00000, 0x0000000095f00000|  0%| F|  |TAMS 0x0000000095e00000, 0x0000000095e00000| Untracked 
| 341|0x0000000095f00000, 0x0000000095f00000, 0x0000000096000000|  0%| F|  |TAMS 0x0000000095f00000, 0x0000000095f00000| Untracked 
| 342|0x0000000096000000, 0x0000000096000000, 0x0000000096100000|  0%| F|  |TAMS 0x0000000096000000, 0x0000000096000000| Untracked 
| 343|0x0000000096100000, 0x0000000096100000, 0x0000000096200000|  0%| F|  |TAMS 0x0000000096100000, 0x0000000096100000| Untracked 
| 344|0x0000000096200000, 0x0000000096200000, 0x0000000096300000|  0%| F|  |TAMS 0x0000000096200000, 0x0000000096200000| Untracked 
| 345|0x0000000096300000, 0x0000000096300000, 0x0000000096400000|  0%| F|  |TAMS 0x0000000096300000, 0x0000000096300000| Untracked 
| 346|0x0000000096400000, 0x0000000096400000, 0x0000000096500000|  0%| F|  |TAMS 0x0000000096400000, 0x0000000096400000| Untracked 
| 347|0x0000000096500000, 0x0000000096500000, 0x0000000096600000|  0%| F|  |TAMS 0x0000000096500000, 0x0000000096500000| Untracked 
| 348|0x0000000096600000, 0x0000000096600000, 0x0000000096700000|  0%| F|  |TAMS 0x0000000096600000, 0x0000000096600000| Untracked 
| 349|0x0000000096700000, 0x0000000096700000, 0x0000000096800000|  0%| F|  |TAMS 0x0000000096700000, 0x0000000096700000| Untracked 
| 350|0x0000000096800000, 0x0000000096800000, 0x0000000096900000|  0%| F|  |TAMS 0x0000000096800000, 0x0000000096800000| Untracked 
| 351|0x0000000096900000, 0x0000000096900000, 0x0000000096a00000|  0%| F|  |TAMS 0x0000000096900000, 0x0000000096900000| Untracked 
| 352|0x0000000096a00000, 0x0000000096a00000, 0x0000000096b00000|  0%| F|  |TAMS 0x0000000096a00000, 0x0000000096a00000| Untracked 
| 353|0x0000000096b00000, 0x0000000096b00000, 0x0000000096c00000|  0%| F|  |TAMS 0x0000000096b00000, 0x0000000096b00000| Untracked 
| 354|0x0000000096c00000, 0x0000000096c00000, 0x0000000096d00000|  0%| F|  |TAMS 0x0000000096c00000, 0x0000000096c00000| Untracked 
| 355|0x0000000096d00000, 0x0000000096d00000, 0x0000000096e00000|  0%| F|  |TAMS 0x0000000096d00000, 0x0000000096d00000| Untracked 
| 356|0x0000000096e00000, 0x0000000096e00000, 0x0000000096f00000|  0%| F|  |TAMS 0x0000000096e00000, 0x0000000096e00000| Untracked 
| 357|0x0000000096f00000, 0x0000000096f00000, 0x0000000097000000|  0%| F|  |TAMS 0x0000000096f00000, 0x0000000096f00000| Untracked 
| 358|0x0000000097000000, 0x0000000097000000, 0x0000000097100000|  0%| F|  |TAMS 0x0000000097000000, 0x0000000097000000| Untracked 
| 359|0x0000000097100000, 0x0000000097100000, 0x0000000097200000|  0%| F|  |TAMS 0x0000000097100000, 0x0000000097100000| Untracked 
| 360|0x0000000097200000, 0x0000000097200000, 0x0000000097300000|  0%| F|  |TAMS 0x0000000097200000, 0x0000000097200000| Untracked 
| 361|0x0000000097300000, 0x0000000097300000, 0x0000000097400000|  0%| F|  |TAMS 0x0000000097300000, 0x0000000097300000| Untracked 
| 362|0x0000000097400000, 0x0000000097400000, 0x0000000097500000|  0%| F|  |TAMS 0x0000000097400000, 0x0000000097400000| Untracked 
| 363|0x0000000097500000, 0x0000000097500000, 0x0000000097600000|  0%| F|  |TAMS 0x0000000097500000, 0x0000000097500000| Untracked 
| 364|0x0000000097600000, 0x0000000097600000, 0x0000000097700000|  0%| F|  |TAMS 0x0000000097600000, 0x0000000097600000| Untracked 
| 365|0x0000000097700000, 0x0000000097700000, 0x0000000097800000|  0%| F|  |TAMS 0x0000000097700000, 0x0000000097700000| Untracked 
| 366|0x0000000097800000, 0x0000000097800000, 0x0000000097900000|  0%| F|  |TAMS 0x0000000097800000, 0x0000000097800000| Untracked 
| 367|0x0000000097900000, 0x0000000097900000, 0x0000000097a00000|  0%| F|  |TAMS 0x0000000097900000, 0x0000000097900000| Untracked 
| 368|0x0000000097a00000, 0x0000000097a00000, 0x0000000097b00000|  0%| F|  |TAMS 0x0000000097a00000, 0x0000000097a00000| Untracked 
| 369|0x0000000097b00000, 0x0000000097b00000, 0x0000000097c00000|  0%| F|  |TAMS 0x0000000097b00000, 0x0000000097b00000| Untracked 
| 370|0x0000000097c00000, 0x0000000097c00000, 0x0000000097d00000|  0%| F|  |TAMS 0x0000000097c00000, 0x0000000097c00000| Untracked 
| 371|0x0000000097d00000, 0x0000000097d00000, 0x0000000097e00000|  0%| F|  |TAMS 0x0000000097d00000, 0x0000000097d00000| Untracked 
| 372|0x0000000097e00000, 0x0000000097e00000, 0x0000000097f00000|  0%| F|  |TAMS 0x0000000097e00000, 0x0000000097e00000| Untracked 
| 373|0x0000000097f00000, 0x0000000097f00000, 0x0000000098000000|  0%| F|  |TAMS 0x0000000097f00000, 0x0000000097f00000| Untracked 
| 374|0x0000000098000000, 0x0000000098000000, 0x0000000098100000|  0%| F|  |TAMS 0x0000000098000000, 0x0000000098000000| Untracked 
| 375|0x0000000098100000, 0x0000000098100000, 0x0000000098200000|  0%| F|  |TAMS 0x0000000098100000, 0x0000000098100000| Untracked 
| 376|0x0000000098200000, 0x0000000098200000, 0x0000000098300000|  0%| F|  |TAMS 0x0000000098200000, 0x0000000098200000| Untracked 
| 377|0x0000000098300000, 0x0000000098300000, 0x0000000098400000|  0%| F|  |TAMS 0x0000000098300000, 0x0000000098300000| Untracked 
| 378|0x0000000098400000, 0x0000000098400000, 0x0000000098500000|  0%| F|  |TAMS 0x0000000098400000, 0x0000000098400000| Untracked 
| 379|0x0000000098500000, 0x0000000098500000, 0x0000000098600000|  0%| F|  |TAMS 0x0000000098500000, 0x0000000098500000| Untracked 
| 380|0x0000000098600000, 0x0000000098600000, 0x0000000098700000|  0%| F|  |TAMS 0x0000000098600000, 0x0000000098600000| Untracked 
| 381|0x0000000098700000, 0x0000000098700000, 0x0000000098800000|  0%| F|  |TAMS 0x0000000098700000, 0x0000000098700000| Untracked 
| 382|0x0000000098800000, 0x0000000098800000, 0x0000000098900000|  0%| F|  |TAMS 0x0000000098800000, 0x0000000098800000| Untracked 
| 383|0x0000000098900000, 0x0000000098900000, 0x0000000098a00000|  0%| F|  |TAMS 0x0000000098900000, 0x0000000098900000| Untracked 

Card table byte_map: [0x0000022f31760000,0x0000022f31b60000] _byte_map_base: 0x0000022f3135b000

Marking Bits (Prev, Next): (CMBitMap*) 0x0000022f18df9760, (CMBitMap*) 0x0000022f18df97a0
 Prev Bits: [0x0000022f31f60000, 0x0000022f33f38000)
 Next Bits: [0x0000022f33f40000, 0x0000022f35f18000)

Polling page: 0x0000022f18c20000

Metaspace:

Usage:
  Non-class:      8.29 MB used.
      Class:      1.25 MB used.
       Both:      9.53 MB used.

Virtual space:
  Non-class space:       16.00 MB reserved,       8.44 MB ( 53%) committed,  2 nodes.
      Class space:        1.00 GB reserved,       1.38 MB ( <1%) committed,  1 nodes.
              Both:        1.02 GB reserved,       9.81 MB ( <1%) committed. 

Chunk freelists:
   Non-Class:  3.12 MB
       Class:  2.55 MB
        Both:  5.67 MB

MaxMetaspaceSize: 17179869184.00 GB
CompressedClassSpaceSize: 1.00 GB
 - commit_granule_bytes: 65536.
 - commit_granule_words: 8192.
 - virtual_space_node_default_size: 1048576.
 - enlarge_chunks_in_place: 1.
 - new_chunks_are_fully_committed: 0.
 - uncommit_free_chunks: 1.
 - use_allocation_guard: 0.
 - handle_deallocations: 1.


Internal statistics:

num_allocs_failed_limit: 0.
num_arena_births: 156.
num_arena_deaths: 0.
num_vsnodes_births: 3.
num_vsnodes_deaths: 0.
num_space_committed: 157.
num_space_uncommitted: 0.
num_chunks_returned_to_freelist: 0.
num_chunks_taken_from_freelist: 434.
num_chunk_merges: 0.
num_chunk_splits: 297.
num_chunks_enlarged: 218.
num_purges: 0.

CodeHeap 'non-profiled nmethods': size=120000Kb used=534Kb max_used=534Kb free=119466Kb
 bounds [0x0000022f29810000, 0x0000022f29a80000, 0x0000022f30d40000]
CodeHeap 'profiled nmethods': size=120000Kb used=2367Kb max_used=2367Kb free=117632Kb
 bounds [0x0000022f222e0000, 0x0000022f22550000, 0x0000022f29810000]
CodeHeap 'non-nmethods': size=5760Kb used=1296Kb max_used=1410Kb free=4464Kb
 bounds [0x0000022f21d40000, 0x0000022f21fb0000, 0x0000022f222e0000]
 total_blobs=1984 nmethods=1363 adapters=534
 compilation: enabled
              stopped_count=0, restarted_count=0
 full_count=0

Compilation events (20 events):
Event: 1.046 Thread 0x0000022f384e0d30 1357       3       java.util.StringTokenizer::hasMoreTokens (29 bytes)
Event: 1.046 Thread 0x0000022f384e0d30 nmethod 1357 0x0000022f2252b110 code [0x0000022f2252b2c0, 0x0000022f2252b468]
Event: 1.046 Thread 0x0000022f384e0d30 1358       3       java.util.StringTokenizer::nextToken (92 bytes)
Event: 1.046 Thread 0x0000022f384e0d30 nmethod 1358 0x0000022f2252b510 code [0x0000022f2252b700, 0x0000022f2252ba78]
Event: 1.047 Thread 0x0000022f384e0d30 1359       1       java.lang.reflect.Constructor::getSharedParameterTypes (5 bytes)
Event: 1.047 Thread 0x0000022f384e0d30 nmethod 1359 0x0000022f2987c090 code [0x0000022f2987c220, 0x0000022f2987c2f8]
Event: 1.049 Thread 0x0000022f384e0d30 1360       3       java.util.LinkedHashMap::newNode (23 bytes)
Event: 1.049 Thread 0x0000022f384e0d30 nmethod 1360 0x0000022f2252bc10 code [0x0000022f2252bde0, 0x0000022f2252c1c8]
Event: 1.049 Thread 0x0000022f384e0d30 1361       3       java.util.LinkedHashMap::linkNodeLast (33 bytes)
Event: 1.049 Thread 0x0000022f384e0d30 nmethod 1361 0x0000022f2252c390 code [0x0000022f2252c540, 0x0000022f2252c858]
Event: 1.049 Thread 0x0000022f384e0d30 1362       3       java.util.LinkedHashMap::afterNodeInsertion (40 bytes)
Event: 1.050 Thread 0x0000022f384e0d30 nmethod 1362 0x0000022f2252c990 code [0x0000022f2252cb40, 0x0000022f2252cd38]
Event: 1.081 Thread 0x0000022f39130e80 nmethod 1350 0x0000022f2987c390 code [0x0000022f2987c680, 0x0000022f2987f1e0]
Event: 1.081 Thread 0x0000022f39130e80 1356       4       java.lang.String::indexOf (7 bytes)
Event: 1.082 Thread 0x0000022f384e0d30 1363       3       java.util.Properties::saveConvert (434 bytes)
Event: 1.082 Thread 0x0000022f39130e80 nmethod 1356 0x0000022f29880590 code [0x0000022f29880720, 0x0000022f298808d8]
Event: 1.083 Thread 0x0000022f384e0d30 nmethod 1363 0x0000022f2252ce10 code [0x0000022f2252d2c0, 0x0000022f2252f2a8]
Event: 1.104 Thread 0x0000022f384ae7c0 nmethod 1126 0x0000022f29880a10 code [0x0000022f29881180, 0x0000022f29890098]
Event: 1.109 Thread 0x0000022f384e0d30 1364       1       com.sun.javafx.tk.quantum.QuantumToolkit$PulseTask::get (5 bytes)
Event: 1.109 Thread 0x0000022f384e0d30 nmethod 1364 0x0000022f29895510 code [0x0000022f298956a0, 0x0000022f29895778]

GC Heap History (19 events):
Event: 0.459 GC heap before
{Heap before GC invocations=0 (full 0):
 garbage-first heap   total 131072K, used 13312K [0x0000000080a00000, 0x0000000100000000)
  region size 1024K, 13 young (13312K), 0 survivors (0K)
 Metaspace       used 2838K, committed 3008K, reserved 1056768K
  class space    used 291K, committed 384K, reserved 1048576K
}
Event: 0.468 GC heap after
{Heap after GC invocations=1 (full 0):
 garbage-first heap   total 131072K, used 1735K [0x0000000080a00000, 0x0000000100000000)
  region size 1024K, 2 young (2048K), 2 survivors (2048K)
 Metaspace       used 2838K, committed 3008K, reserved 1056768K
  class space    used 291K, committed 384K, reserved 1048576K
}
Event: 0.803 GC heap before
{Heap before GC invocations=1 (full 0):
 garbage-first heap   total 131072K, used 19143K [0x0000000080a00000, 0x0000000100000000)
  region size 1024K, 20 young (20480K), 2 survivors (2048K)
 Metaspace       used 8374K, committed 8576K, reserved 1064960K
  class space    used 1052K, committed 1152K, reserved 1048576K
}
Event: 0.806 GC heap after
{Heap after GC invocations=2 (full 0):
 garbage-first heap   total 131072K, used 4446K [0x0000000080a00000, 0x0000000100000000)
  region size 1024K, 3 young (3072K), 3 survivors (3072K)
 Metaspace       used 8374K, committed 8576K, reserved 1064960K
  class space    used 1052K, committed 1152K, reserved 1048576K
}
Event: 1.110 GC heap before
{Heap before GC invocations=2 (full 0):
 garbage-first heap   total 131072K, used 100702K [0x0000000080a00000, 0x0000000100000000)
  region size 1024K, 76 young (77824K), 3 survivors (3072K)
 Metaspace       used 9761K, committed 10048K, reserved 1064960K
  class space    used 1276K, committed 1408K, reserved 1048576K
}
Event: 1.154 GC heap after
{Heap after GC invocations=3 (full 0):
 garbage-first heap   total 131072K, used 44260K [0x0000000080a00000, 0x0000000100000000)
  region size 1024K, 10 young (10240K), 10 survivors (10240K)
 Metaspace       used 9761K, committed 10048K, reserved 1064960K
  class space    used 1276K, committed 1408K, reserved 1048576K
}
Event: 1.160 GC heap before
{Heap before GC invocations=3 (full 0):
 garbage-first heap   total 131072K, used 45284K [0x0000000080a00000, 0x0000000100000000)
  region size 1024K, 11 young (11264K), 10 survivors (10240K)
 Metaspace       used 9761K, committed 10048K, reserved 1064960K
  class space    used 1276K, committed 1408K, reserved 1048576K
}
Event: 1.180 GC heap after
{Heap after GC invocations=4 (full 0):
 garbage-first heap   total 131072K, used 44719K [0x0000000080a00000, 0x0000000100000000)
  region size 1024K, 1 young (1024K), 1 survivors (1024K)
 Metaspace       used 9761K, committed 10048K, reserved 1064960K
  class space    used 1276K, committed 1408K, reserved 1048576K
}
Event: 1.183 GC heap before
{Heap before GC invocations=4 (full 0):
 garbage-first heap   total 131072K, used 49839K [0x0000000080a00000, 0x0000000100000000)
  region size 1024K, 6 young (6144K), 1 survivors (1024K)
 Metaspace       used 9761K, committed 10048K, reserved 1064960K
  class space    used 1276K, committed 1408K, reserved 1048576K
}
Event: 1.185 GC heap after
{Heap after GC invocations=5 (full 0):
 garbage-first heap   total 131072K, used 46530K [0x0000000080a00000, 0x0000000100000000)
  region size 1024K, 1 young (1024K), 1 survivors (1024K)
 Metaspace       used 9761K, committed 10048K, reserved 1064960K
  class space    used 1276K, committed 1408K, reserved 1048576K
}
Event: 1.229 GC heap before
{Heap before GC invocations=5 (full 0):
 garbage-first heap   total 131072K, used 83394K [0x0000000080a00000, 0x0000000100000000)
  region size 1024K, 27 young (27648K), 1 survivors (1024K)
 Metaspace       used 9761K, committed 10048K, reserved 1064960K
  class space    used 1276K, committed 1408K, reserved 1048576K
}
Event: 1.243 GC heap after
{Heap after GC invocations=6 (full 0):
 garbage-first heap   total 393216K, used 63750K [0x0000000080a00000, 0x0000000100000000)
  region size 1024K, 4 young (4096K), 4 survivors (4096K)
 Metaspace       used 9761K, committed 10048K, reserved 1064960K
  class space    used 1276K, committed 1408K, reserved 1048576K
}
Event: 1.280 GC heap before
{Heap before GC invocations=6 (full 0):
 garbage-first heap   total 393216K, used 109830K [0x0000000080a00000, 0x0000000100000000)
  region size 1024K, 49 young (50176K), 4 survivors (4096K)
 Metaspace       used 9761K, committed 10048K, reserved 1064960K
  class space    used 1276K, committed 1408K, reserved 1048576K
}
Event: 1.298 GC heap after
{Heap after GC invocations=7 (full 0):
 garbage-first heap   total 393216K, used 75585K [0x0000000080a00000, 0x0000000100000000)
  region size 1024K, 7 young (7168K), 7 survivors (7168K)
 Metaspace       used 9761K, committed 10048K, reserved 1064960K
  class space    used 1276K, committed 1408K, reserved 1048576K
}
Event: 1.460 GC heap before
{Heap before GC invocations=7 (full 0):
 garbage-first heap   total 393216K, used 190273K [0x0000000080a00000, 0x0000000100000000)
  region size 1024K, 84 young (86016K), 7 survivors (7168K)
 Metaspace       used 9761K, committed 10048K, reserved 1064960K
  class space    used 1276K, committed 1408K, reserved 1048576K
}
Event: 1.497 GC heap after
{Heap after GC invocations=8 (full 0):
 garbage-first heap   total 393216K, used 131430K [0x0000000080a00000, 0x0000000100000000)
  region size 1024K, 11 young (11264K), 11 survivors (11264K)
 Metaspace       used 9761K, committed 10048K, reserved 1064960K
  class space    used 1276K, committed 1408K, reserved 1048576K
}
Event: 1.524 GC heap before
{Heap before GC invocations=8 (full 0):
 garbage-first heap   total 393216K, used 192870K [0x0000000080a00000, 0x0000000100000000)
  region size 1024K, 71 young (72704K), 11 survivors (11264K)
 Metaspace       used 9761K, committed 10048K, reserved 1064960K
  class space    used 1276K, committed 1408K, reserved 1048576K
}
Event: 1.550 GC heap after
{Heap after GC invocations=9 (full 0):
 garbage-first heap   total 393216K, used 147456K [0x0000000080a00000, 0x0000000100000000)
  region size 1024K, 9 young (9216K), 9 survivors (9216K)
 Metaspace       used 9761K, committed 10048K, reserved 1064960K
  class space    used 1276K, committed 1408K, reserved 1048576K
}
Event: 1.703 GC heap before
{Heap before GC invocations=9 (full 0):
 garbage-first heap   total 393216K, used 273408K [0x0000000080a00000, 0x0000000100000000)
  region size 1024K, 101 young (103424K), 9 survivors (9216K)
 Metaspace       used 9761K, committed 10048K, reserved 1064960K
  class space    used 1276K, committed 1408K, reserved 1048576K
}

Deoptimization events (20 events):
Event: 0.845 Thread 0x0000022f3a104cd0 DEOPT PACKING pc=0x0000022f2985c65c sp=0x00000089ceefddb0
Event: 0.845 Thread 0x0000022f3a104cd0 DEOPT UNPACKING pc=0x0000022f21d8d72e sp=0x00000089ceefdd30 mode 2
Event: 0.889 Thread 0x0000022f3a104cd0 Uncommon trap: trap_request=0xffffff45 fr.pc=0x0000022f2984574c relative=0x000000000000012c
Event: 0.889 Thread 0x0000022f3a104cd0 Uncommon trap: reason=unstable_if action=reinterpret pc=0x0000022f2984574c method=java.lang.String.startsWith(Ljava/lang/String;I)Z @ 50 c2
Event: 0.889 Thread 0x0000022f3a104cd0 DEOPT PACKING pc=0x0000022f2984574c sp=0x00000089ceefdf90
Event: 0.889 Thread 0x0000022f3a104cd0 DEOPT UNPACKING pc=0x0000022f21d8d72e sp=0x00000089ceefdef0 mode 2
Event: 0.889 Thread 0x0000022f3a104cd0 Uncommon trap: trap_request=0xffffff45 fr.pc=0x0000022f2981ffac relative=0x000000000000018c
Event: 0.889 Thread 0x0000022f3a104cd0 Uncommon trap: reason=unstable_if action=reinterpret pc=0x0000022f2981ffac method=java.lang.String.equals(Ljava/lang/Object;)Z @ 33 c2
Event: 0.889 Thread 0x0000022f3a104cd0 DEOPT PACKING pc=0x0000022f2981ffac sp=0x00000089ceefd000
Event: 0.889 Thread 0x0000022f3a104cd0 DEOPT UNPACKING pc=0x0000022f21d8d72e sp=0x00000089ceefcfa0 mode 2
Event: 0.889 Thread 0x0000022f3a104cd0 Uncommon trap: trap_request=0xffffff45 fr.pc=0x0000022f2981b154 relative=0x0000000000000234
Event: 0.889 Thread 0x0000022f3a104cd0 Uncommon trap: reason=unstable_if action=reinterpret pc=0x0000022f2981b154 method=java.lang.String.hashCode()I @ 20 c2
Event: 0.889 Thread 0x0000022f3a104cd0 DEOPT PACKING pc=0x0000022f2981b154 sp=0x00000089ceefce60
Event: 0.889 Thread 0x0000022f3a104cd0 DEOPT UNPACKING pc=0x0000022f21d8d72e sp=0x00000089ceefcdf8 mode 2
Event: 0.937 Thread 0x0000022f3a104cd0 DEOPT PACKING pc=0x0000022f22521caa sp=0x00000089ceefe000
Event: 0.937 Thread 0x0000022f3a104cd0 DEOPT UNPACKING pc=0x0000022f21d8dece sp=0x00000089ceefd4c0 mode 0
Event: 0.943 Thread 0x0000022f3a104cd0 DEOPT PACKING pc=0x0000022f22521caa sp=0x00000089ceefe050
Event: 0.943 Thread 0x0000022f3a104cd0 DEOPT UNPACKING pc=0x0000022f21d8dece sp=0x00000089ceefd510 mode 0
Event: 0.966 Thread 0x0000022f3a104cd0 DEOPT PACKING pc=0x0000022f2252403e sp=0x00000089ceefe150
Event: 0.966 Thread 0x0000022f3a104cd0 DEOPT UNPACKING pc=0x0000022f21d8dece sp=0x00000089ceefd6a8 mode 0

Classes unloaded (0 events):
No events

Classes redefined (0 events):
No events

Internal exceptions (20 events):
Event: 0.109 Thread 0x0000022f18dbdee0 Exception <a 'java/lang/NoSuchMethodError'{0x0000000088425cf0}: 'void java.lang.invoke.DirectMethodHandle$Holder.invokeVirtual(java.lang.Object, java.lang.Object)'> (0x0000000088425cf0) 
thrown [t:\workspace\open\src\hotspot\share\interpreter\linkResolver.cpp, line 790]
Event: 0.138 Thread 0x0000022f18dbdee0 Exception <a 'java/lang/NoSuchMethodError'{0x000000008835d880}: 'java.lang.Object java.lang.invoke.DirectMethodHandle$Holder.invokeStatic(java.lang.Object)'> (0x000000008835d880) 
thrown [t:\workspace\open\src\hotspot\share\interpreter\linkResolver.cpp, line 790]
Event: 0.138 Thread 0x0000022f18dbdee0 Exception <a 'java/lang/NoSuchMethodError'{0x0000000088360fd0}: 'java.lang.Object java.lang.invoke.DirectMethodHandle$Holder.invokeStaticInit(java.lang.Object)'> (0x0000000088360fd0) 
thrown [t:\workspace\open\src\hotspot\share\interpreter\linkResolver.cpp, line 790]
Event: 0.140 Thread 0x0000022f18dbdee0 Exception <a 'java/lang/NoSuchMethodError'{0x000000008836e580}: 'void java.lang.invoke.DirectMethodHandle$Holder.invokeStatic(java.lang.Object, java.lang.Object)'> (0x000000008836e580) 
thrown [t:\workspace\open\src\hotspot\share\interpreter\linkResolver.cpp, line 790]
Event: 0.144 Thread 0x0000022f3993fd90 Exception <a 'java/lang/ClassNotFoundException'{0x00000000883a1468}: jdk/net/ExtendedSocketOptions> (0x00000000883a1468) 
thrown [t:\workspace\open\src\hotspot\share\classfile\systemDictionary.cpp, line 256]
Event: 0.409 Thread 0x0000022f18dbdee0 Exception <a 'java/lang/NoSuchMethodError'{0x0000000087d856d0}: 'void java.lang.invoke.DirectMethodHandle$Holder.invokeSpecial(java.lang.Object, java.lang.Object, java.lang.Object)'> (0x0000000087d856d0) 
thrown [t:\workspace\open\src\hotspot\share\interpreter\linkResolver.cpp, line 790]
Event: 0.416 Thread 0x0000022f18dbdee0 Exception <a 'java/lang/NoSuchMethodError'{0x0000000087dbceb8}: 'void java.lang.invoke.DirectMethodHandle$Holder.invokeStatic(java.lang.Object, java.lang.Object, java.lang.Object)'> (0x0000000087dbceb8) 
thrown [t:\workspace\open\src\hotspot\share\interpreter\linkResolver.cpp, line 790]
Event: 0.475 Thread 0x0000022f18dbdee0 Exception <a 'java/lang/NoSuchMethodError'{0x00000000889d1680}: 'int java.lang.invoke.DirectMethodHandle$Holder.invokeStaticInit(java.lang.Object, java.lang.Object, java.lang.Object)'> (0x00000000889d1680) 
thrown [t:\workspace\open\src\hotspot\share\interpreter\linkResolver.cpp, line 790]
Event: 0.495 Thread 0x0000022f18dbdee0 Exception <a 'java/lang/NoSuchMethodError'{0x0000000088892c40}: 'java.lang.Object java.lang.invoke.DirectMethodHandle$Holder.newInvokeSpecial(java.lang.Object, java.lang.Object, int, java.lang.Object)'> (0x0000000088892c40) 
thrown [t:\workspace\open\src\hotspot\share\interpreter\linkResolver.cpp, line 790]
Event: 0.496 Thread 0x0000022f18dbdee0 Exception <a 'java/lang/NoSuchMethodError'{0x0000000088897138}: 'java.lang.Object java.lang.invoke.DirectMethodHandle$Holder.invokeSpecial(java.lang.Object, java.lang.Object, java.lang.Object, int, java.lang.Object)'> (0x0000000088897138) 
thrown [t:\workspace\open\src\hotspot\share\interpreter\linkResolver.cpp, line 790]
Event: 0.591 Thread 0x0000022f3a104cd0 Exception <a 'java/lang/NoSuchMethodError'{0x00000000886f3bf0}: 'void java.lang.invoke.DirectMethodHandle$Holder.invokeStaticInit(java.lang.Object)'> (0x00000000886f3bf0) 
thrown [t:\workspace\open\src\hotspot\share\interpreter\linkResolver.cpp, line 790]
Event: 0.594 Thread 0x0000022f18dbdee0 Exception <a 'java/lang/NoSuchMethodError'{0x00000000888ad008}: 'java.lang.Object java.lang.invoke.DirectMethodHandle$Holder.newInvokeSpecial(java.lang.Object, java.lang.Object, java.lang.Object, java.lang.Object, java.lang.Object, java.lang.Object)'> (0x00000000888ad008) 
thrown [t:\workspace\open\src\hotspot\share\interpreter\linkResolver.cpp, line 790]
Event: 0.609 Thread 0x0000022f18dbdee0 Exception <a 'java/lang/NoSuchMethodError'{0x0000000088587e00}: 'java.lang.Object java.lang.invoke.DirectMethodHandle$Holder.newInvokeSpecial(java.lang.Object, java.lang.Object, java.lang.Object, java.lang.Object, java.lang.Object)'> (0x0000000088587e00) 
thrown [t:\workspace\open\src\hotspot\share\interpreter\linkResolver.cpp, line 790]
Event: 0.612 Thread 0x0000022f39f73720 Exception <a 'java/lang/NoSuchMethodError'{0x00000000885bbcf8}: 'void java.lang.invoke.DirectMethodHandle$Holder.invokeStatic(java.lang.Object, java.lang.Object, java.lang.Object, java.lang.Object)'> (0x00000000885bbcf8) 
thrown [t:\workspace\open\src\hotspot\share\interpreter\linkResolver.cpp, line 790]
Event: 0.657 Thread 0x0000022f3a104cd0 Exception <a 'sun/nio/fs/WindowsException'{0x000000008819a698}> (0x000000008819a698) 
thrown [t:\workspace\open\src\hotspot\share\prims\jni.cpp, line 579]
Event: 0.698 Thread 0x0000022f3a104cd0 Exception <a 'java/lang/NoSuchMethodError'{0x0000000087e371b8}: 'java.lang.Object java.lang.invoke.DirectMethodHandle$Holder.invokeStaticInit(java.lang.Object, java.lang.Object, java.lang.Object, java.lang.Object)'> (0x0000000087e371b8) 
thrown [t:\workspace\open\src\hotspot\share\interpreter\linkResolver.cpp, line 790]
Event: 0.700 Thread 0x0000022f3a104cd0 Exception <a 'java/lang/NullPointerException'{0x0000000087e437a0}> (0x0000000087e437a0) 
thrown [t:\workspace\open\src\hotspot\share\interpreter\linkResolver.cpp, line 1385]
Event: 0.702 Thread 0x0000022f3a104cd0 Exception <a 'java/lang/NoSuchMethodError'{0x0000000087e680e0}: 'void java.lang.invoke.DirectMethodHandle$Holder.invokeSpecial(java.lang.Object, java.lang.Object, java.lang.Object, java.lang.Object, java.lang.Object)'> (0x0000000087e680e0) 
thrown [t:\workspace\open\src\hotspot\share\interpreter\linkResolver.cpp, line 790]
Event: 0.811 Thread 0x0000022f3a104cd0 Exception <a 'java/lang/NoSuchMethodError'{0x0000000088955098}: 'void java.lang.invoke.DirectMethodHandle$Holder.invokeStaticInit(java.lang.Object, java.lang.Object)'> (0x0000000088955098) 
thrown [t:\workspace\open\src\hotspot\share\interpreter\linkResolver.cpp, line 790]
Event: 0.853 Thread 0x0000022f3a104cd0 Exception <a 'sun/nio/fs/WindowsException'{0x00000000886172a0}> (0x00000000886172a0) 
thrown [t:\workspace\open\src\hotspot\share\prims\jni.cpp, line 579]

Events (20 events):
Event: 1.048 loading class sun/util/resources/cldr/TimeZoneNames_en_US done
Event: 1.049 loading class sun/util/resources/TimeZoneNames
Event: 1.050 loading class sun/util/resources/TimeZoneNames done
Event: 1.050 loading class sun/util/resources/TimeZoneNames_en
Event: 1.050 loading class sun/util/resources/TimeZoneNames_en done
Event: 1.110 Executing  VM operation: G1CollectForAllocation
Event: 1.154 Executing  VM operation: G1CollectForAllocation done
Event: 1.160 Executing  VM operation: G1CollectForAllocation
Event: 1.180 Executing  VM operation: G1CollectForAllocation done
Event: 1.183 Executing  VM operation: G1CollectForAllocation
Event: 1.185 Executing  VM operation: G1CollectForAllocation done
Event: 1.229 Executing  VM operation: G1CollectForAllocation
Event: 1.243 Executing  VM operation: G1CollectForAllocation done
Event: 1.280 Executing  VM operation: G1CollectForAllocation
Event: 1.298 Executing  VM operation: G1CollectForAllocation done
Event: 1.460 Executing  VM operation: G1CollectForAllocation
Event: 1.497 Executing  VM operation: G1CollectForAllocation done
Event: 1.524 Executing  VM operation: G1CollectForAllocation
Event: 1.550 Executing  VM operation: G1CollectForAllocation done
Event: 1.703 Executing  VM operation: G1CollectForAllocation


Dynamic libraries:
0x00007ff7a1750000 - 0x00007ff7a175e000 	C:\Users\user\.jdks\openjdk-16.0.2\bin\java.exe
0x00007ffe23170000 - 0x00007ffe23365000 	C:\Windows\SYSTEM32\ntdll.dll
0x00007ffe22130000 - 0x00007ffe221ee000 	C:\Windows\System32\KERNEL32.DLL
0x00007ffe20e30000 - 0x00007ffe210f9000 	C:\Windows\System32\KERNELBASE.dll
0x00007ffe209d0000 - 0x00007ffe20ad0000 	C:\Windows\System32\ucrtbase.dll
0x00007ffe19050000 - 0x00007ffe19069000 	C:\Users\user\.jdks\openjdk-16.0.2\bin\VCRUNTIME140.dll
0x00007ffe19070000 - 0x00007ffe19088000 	C:\Users\user\.jdks\openjdk-16.0.2\bin\jli.dll
0x00007ffe213c0000 - 0x00007ffe21561000 	C:\Windows\System32\USER32.dll
0x00007ffe0bfb0000 - 0x00007ffe0c24a000 	C:\Windows\WinSxS\amd64_microsoft.windows.common-controls_6595b64144ccf1df_6.0.19041.1110_none_60b5254171f9507e\COMCTL32.dll
0x00007ffe20940000 - 0x00007ffe20962000 	C:\Windows\System32\win32u.dll
0x00007ffe22fc0000 - 0x00007ffe2305e000 	C:\Windows\System32\msvcrt.dll
0x00007ffe21fd0000 - 0x00007ffe21ffb000 	C:\Windows\System32\GDI32.dll
0x00007ffe20c30000 - 0x00007ffe20d3b000 	C:\Windows\System32\gdi32full.dll
0x00007ffe20d40000 - 0x00007ffe20ddd000 	C:\Windows\System32\msvcp_win.dll
0x00007ffe229d0000 - 0x00007ffe22a00000 	C:\Windows\System32\IMM32.DLL
0x00007ffe19040000 - 0x00007ffe1904c000 	C:\Users\user\.jdks\openjdk-16.0.2\bin\vcruntime140_1.dll
0x00007ffe15e20000 - 0x00007ffe15eb1000 	C:\Users\user\.jdks\openjdk-16.0.2\bin\msvcp140.dll
0x00007ffdcc6c0000 - 0x00007ffdcd26b000 	C:\Users\user\.jdks\openjdk-16.0.2\bin\server\jvm.dll
0x00007ffe21f10000 - 0x00007ffe21fbc000 	C:\Windows\System32\ADVAPI32.dll
0x00007ffe221f0000 - 0x00007ffe2228b000 	C:\Windows\System32\sechost.dll
0x00007ffe22e90000 - 0x00007ffe22fba000 	C:\Windows\System32\RPCRT4.dll
0x00007ffe22e80000 - 0x00007ffe22e88000 	C:\Windows\System32\PSAPI.DLL
0x00007ffe1c580000 - 0x00007ffe1c589000 	C:\Windows\SYSTEM32\WSOCK32.dll
0x00007ffe22060000 - 0x00007ffe220cb000 	C:\Windows\System32\WS2_32.dll
0x00007ffe15aa0000 - 0x00007ffe15ac7000 	C:\Windows\SYSTEM32\WINMM.dll
0x00007ffe1b190000 - 0x00007ffe1b19a000 	C:\Windows\SYSTEM32\VERSION.dll
0x00007ffe1e7b0000 - 0x00007ffe1e7c2000 	C:\Windows\SYSTEM32\kernel.appcore.dll
0x00007ffe19030000 - 0x00007ffe1903a000 	C:\Users\user\.jdks\openjdk-16.0.2\bin\jimage.dll
0x00007ffe0dc20000 - 0x00007ffe0de04000 	C:\Windows\SYSTEM32\DBGHELP.DLL
0x00007ffe0d320000 - 0x00007ffe0d34c000 	C:\Windows\SYSTEM32\dbgcore.DLL
0x00007ffe21130000 - 0x00007ffe211b3000 	C:\Windows\System32\bcryptPrimitives.dll
0x00007ffe1e030000 - 0x00007ffe1e03e000 	C:\Users\user\.jdks\openjdk-16.0.2\bin\instrument.dll
0x00007ffe15f20000 - 0x00007ffe15f45000 	C:\Users\user\.jdks\openjdk-16.0.2\bin\java.dll
0x00007ffe22290000 - 0x00007ffe229cf000 	C:\Windows\System32\SHELL32.dll
0x00007ffe1e9b0000 - 0x00007ffe1f140000 	C:\Windows\SYSTEM32\windows.storage.dll
0x00007ffe21970000 - 0x00007ffe21cc5000 	C:\Windows\System32\combase.dll
0x00007ffe20210000 - 0x00007ffe2023c000 	C:\Windows\SYSTEM32\Wldp.dll
0x00007ffe21cd0000 - 0x00007ffe21d7e000 	C:\Windows\System32\SHCORE.dll
0x00007ffe21250000 - 0x00007ffe212a5000 	C:\Windows\System32\shlwapi.dll
0x00007ffe207d0000 - 0x00007ffe207ef000 	C:\Windows\SYSTEM32\profapi.dll
0x00007ffe15f00000 - 0x00007ffe15f19000 	C:\Users\user\.jdks\openjdk-16.0.2\bin\net.dll
0x00007ffe17580000 - 0x00007ffe17688000 	C:\Windows\SYSTEM32\WINHTTP.dll
0x00007ffe1ff70000 - 0x00007ffe1ffda000 	C:\Windows\system32\mswsock.dll
0x00007ffe15ee0000 - 0x00007ffe15ef3000 	C:\Users\user\.jdks\openjdk-16.0.2\bin\nio.dll
0x00007ffe142d0000 - 0x00007ffe142e8000 	C:\Users\user\.jdks\openjdk-16.0.2\bin\zip.dll
0x00007ffe18d60000 - 0x00007ffe18d7a000 	C:\Program Files\JetBrains\IntelliJ IDEA Community Edition 2020.3\bin\breakgen64.dll
0x0000022f18ee0000 - 0x0000022f18ee3000 	C:\Users\user\.openjfx\cache\16\api-ms-win-core-console-l1-1-0.dll
0x0000022f18ef0000 - 0x0000022f18ef3000 	C:\Users\user\.openjfx\cache\16\api-ms-win-core-console-l1-2-0.dll
0x0000022f38660000 - 0x0000022f38663000 	C:\Users\user\.openjfx\cache\16\api-ms-win-core-datetime-l1-1-0.dll
0x0000022f38670000 - 0x0000022f38673000 	C:\Users\user\.openjfx\cache\16\api-ms-win-core-debug-l1-1-0.dll
0x0000022f38680000 - 0x0000022f38683000 	C:\Users\user\.openjfx\cache\16\api-ms-win-core-errorhandling-l1-1-0.dll
0x0000022f38690000 - 0x0000022f38694000 	C:\Users\user\.openjfx\cache\16\api-ms-win-core-file-l1-1-0.dll
0x0000022f386a0000 - 0x0000022f386a3000 	C:\Users\user\.openjfx\cache\16\api-ms-win-core-file-l1-2-0.dll
0x0000022f386b0000 - 0x0000022f386b3000 	C:\Users\user\.openjfx\cache\16\api-ms-win-core-file-l2-1-0.dll
0x0000022f386c0000 - 0x0000022f386c3000 	C:\Users\user\.openjfx\cache\16\api-ms-win-core-handle-l1-1-0.dll
0x0000022f386d0000 - 0x0000022f386d3000 	C:\Users\user\.openjfx\cache\16\api-ms-win-core-heap-l1-1-0.dll
0x0000022f386e0000 - 0x0000022f386e3000 	C:\Users\user\.openjfx\cache\16\api-ms-win-core-interlocked-l1-1-0.dll
0x0000022f386f0000 - 0x0000022f386f3000 	C:\Users\user\.openjfx\cache\16\api-ms-win-core-libraryloader-l1-1-0.dll
0x0000022f38700000 - 0x0000022f38703000 	C:\Users\user\.openjfx\cache\16\api-ms-win-core-localization-l1-2-0.dll
0x0000022f38710000 - 0x0000022f38713000 	C:\Users\user\.openjfx\cache\16\api-ms-win-core-memory-l1-1-0.dll
0x0000022f38720000 - 0x0000022f38723000 	C:\Users\user\.openjfx\cache\16\api-ms-win-core-namedpipe-l1-1-0.dll
0x0000022f38730000 - 0x0000022f38733000 	C:\Users\user\.openjfx\cache\16\api-ms-win-core-processenvironment-l1-1-0.dll
0x0000022f38740000 - 0x0000022f38743000 	C:\Users\user\.openjfx\cache\16\api-ms-win-core-processthreads-l1-1-0.dll
0x0000022f38750000 - 0x0000022f38753000 	C:\Users\user\.openjfx\cache\16\api-ms-win-core-processthreads-l1-1-1.dll
0x0000022f38760000 - 0x0000022f38763000 	C:\Users\user\.openjfx\cache\16\api-ms-win-core-profile-l1-1-0.dll
0x0000022f38770000 - 0x0000022f38773000 	C:\Users\user\.openjfx\cache\16\api-ms-win-core-rtlsupport-l1-1-0.dll
0x0000022f38780000 - 0x0000022f38783000 	C:\Users\user\.openjfx\cache\16\api-ms-win-core-string-l1-1-0.dll
0x0000022f38790000 - 0x0000022f38793000 	C:\Users\user\.openjfx\cache\16\api-ms-win-core-synch-l1-1-0.dll
0x0000022f387a0000 - 0x0000022f387a3000 	C:\Users\user\.openjfx\cache\16\api-ms-win-core-synch-l1-2-0.dll
0x0000022f387b0000 - 0x0000022f387b3000 	C:\Users\user\.openjfx\cache\16\api-ms-win-core-sysinfo-l1-1-0.dll
0x0000022f387c0000 - 0x0000022f387c3000 	C:\Users\user\.openjfx\cache\16\api-ms-win-core-timezone-l1-1-0.dll
0x0000022f387d0000 - 0x0000022f387d3000 	C:\Users\user\.openjfx\cache\16\api-ms-win-core-util-l1-1-0.dll
0x0000022f387e0000 - 0x0000022f387e3000 	C:\Users\user\.openjfx\cache\16\api-ms-win-crt-conio-l1-1-0.dll
0x0000022f387f0000 - 0x0000022f387f4000 	C:\Users\user\.openjfx\cache\16\api-ms-win-crt-convert-l1-1-0.dll
0x0000022f3ae50000 - 0x0000022f3ae53000 	C:\Users\user\.openjfx\cache\16\api-ms-win-crt-environment-l1-1-0.dll
0x0000022f3ad10000 - 0x0000022f3ad13000 	C:\Users\user\.openjfx\cache\16\api-ms-win-crt-filesystem-l1-1-0.dll
0x0000022f3ad20000 - 0x0000022f3ad23000 	C:\Users\user\.openjfx\cache\16\api-ms-win-crt-heap-l1-1-0.dll
0x0000022f3ad30000 - 0x0000022f3ad33000 	C:\Users\user\.openjfx\cache\16\api-ms-win-crt-locale-l1-1-0.dll
0x0000022f3ad40000 - 0x0000022f3ad45000 	C:\Users\user\.openjfx\cache\16\api-ms-win-crt-math-l1-1-0.dll
0x0000022f3abd0000 - 0x0000022f3abd5000 	C:\Users\user\.openjfx\cache\16\api-ms-win-crt-multibyte-l1-1-0.dll
0x0000022f3abe0000 - 0x0000022f3abf0000 	C:\Users\user\.openjfx\cache\16\api-ms-win-crt-private-l1-1-0.dll
0x0000022f3abf0000 - 0x0000022f3abf3000 	C:\Users\user\.openjfx\cache\16\api-ms-win-crt-process-l1-1-0.dll
0x0000022f3ac00000 - 0x0000022f3ac04000 	C:\Users\user\.openjfx\cache\16\api-ms-win-crt-runtime-l1-1-0.dll
0x0000022f3ac10000 - 0x0000022f3ac14000 	C:\Users\user\.openjfx\cache\16\api-ms-win-crt-stdio-l1-1-0.dll
0x0000022f3ac20000 - 0x0000022f3ac24000 	C:\Users\user\.openjfx\cache\16\api-ms-win-crt-string-l1-1-0.dll
0x0000022f3ac30000 - 0x0000022f3ac33000 	C:\Users\user\.openjfx\cache\16\api-ms-win-crt-time-l1-1-0.dll
0x0000022f3ac40000 - 0x0000022f3ac43000 	C:\Users\user\.openjfx\cache\16\api-ms-win-crt-utility-l1-1-0.dll
0x00007ffe09f60000 - 0x00007ffe0a05c000 	C:\Users\user\.openjfx\cache\16\ucrtbase.dll
0x00007ffe18d40000 - 0x00007ffe18d59000 	C:\Users\user\.openjfx\cache\16\vcruntime140.dll
0x00007ffe1c590000 - 0x00007ffe1c59c000 	C:\Users\user\.openjfx\cache\16\vcruntime140_1.dll
0x00007ffe02fd0000 - 0x00007ffe03061000 	C:\Users\user\.openjfx\cache\16\msvcp140.dll
0x00007ffe15f50000 - 0x00007ffe15f77000 	C:\Users\user\.openjfx\cache\16\prism_d3d.dll
0x00007ffe16fa0000 - 0x00007ffe1716e000 	C:\Windows\system32\d3d9.dll
0x00007ffe1e4c0000 - 0x00007ffe1e4ef000 	C:\Windows\SYSTEM32\dwmapi.dll
0x00007ffe1e2f0000 - 0x00007ffe1e38e000 	C:\Windows\system32\uxtheme.dll
0x00007ffe178b0000 - 0x00007ffe179b2000 	C:\Windows\System32\DriverStore\FileRepository\nv_dispi.inf_amd64_1c83a5d7cffd7bff\nvldumdx.dll
0x00007ffe20400000 - 0x00007ffe20412000 	C:\Windows\SYSTEM32\msasn1.dll
0x00007ffe1b0a0000 - 0x00007ffe1b0d1000 	C:\Windows\SYSTEM32\cryptnet.dll
0x00007ffe20ad0000 - 0x00007ffe20c26000 	C:\Windows\System32\CRYPT32.dll
0x00007ffe20160000 - 0x00007ffe2016c000 	C:\Windows\SYSTEM32\cryptbase.dll
0x00007ffe20970000 - 0x00007ffe209d0000 	C:\Windows\System32\WINTRUST.DLL
0x00007ffe212b0000 - 0x00007ffe212cd000 	C:\Windows\System32\imagehlp.dll
0x00007ffe20170000 - 0x00007ffe20188000 	C:\Windows\SYSTEM32\CRYPTSP.dll
0x00007ffe1f8f0000 - 0x00007ffe1f924000 	C:\Windows\system32\rsaenh.dll
0x00007ffe21100000 - 0x00007ffe21127000 	C:\Windows\System32\bcrypt.dll
0x00007ffdcd270000 - 0x00007ffdcec8b000 	C:\Windows\System32\DriverStore\FileRepository\nv_dispi.inf_amd64_1c83a5d7cffd7bff\nvd3dumx.dll
0x00007ffe02850000 - 0x00007ffe02892000 	C:\Users\user\.openjfx\cache\16\glass.dll
0x00007ffe21d80000 - 0x00007ffe21e5a000 	C:\Windows\System32\COMDLG32.dll
0x00007ffe21570000 - 0x00007ffe2169a000 	C:\Windows\System32\ole32.dll
0x00007ffe23060000 - 0x00007ffe2312d000 	C:\Windows\System32\OLEAUT32.dll
0x00007ffe216a0000 - 0x00007ffe217b5000 	C:\Windows\System32\MSCTF.dll
0x00007ffe1f150000 - 0x00007ffe1f173000 	C:\Windows\SYSTEM32\gpapi.dll
0x00007ffe17b60000 - 0x00007ffe17b9b000 	C:\Windows\SYSTEM32\dxcore.dll
0x00007ffe20de0000 - 0x00007ffe20e2e000 	C:\Windows\System32\cfgmgr32.dll
0x00007ffe17430000 - 0x00007ffe17444000 	C:\Users\user\.openjfx\cache\16\javafx_font.dll
0x00007ffe0c2a0000 - 0x00007ffe0c523000 	C:\Windows\SYSTEM32\dwrite.dll

dbghelp: loaded successfully - version: 4.0.5 - missing functions: none
symbol engine: initialized successfully - sym options: 0x614 - pdb path: .;C:\Users\user\.jdks\openjdk-16.0.2\bin;C:\Windows\SYSTEM32;C:\Windows\WinSxS\amd64_microsoft.windows.common-controls_6595b64144ccf1df_6.0.19041.1110_none_60b5254171f9507e;C:\Users\user\.jdks\openjdk-16.0.2\bin\server;C:\Program Files\JetBrains\IntelliJ IDEA Community Edition 2020.3\bin;C:\Users\user\.openjfx\cache\16;C:\Windows\System32\DriverStore\FileRepository\nv_dispi.inf_amd64_1c83a5d7cffd7bff

VM Arguments:
jvm_args: -javaagent:C:\Program Files\JetBrains\IntelliJ IDEA Community Edition 2020.3\lib\idea_rt.jar=56180:C:\Program Files\JetBrains\IntelliJ IDEA Community Edition 2020.3\bin -Dfile.encoding=UTF-8 --module-path=C:\Users\user\.m2\repository\org\openjfx\javafx-graphics\16\javafx-graphics-16-win.jar;C:\Users\user\.m2\repository\org\openjfx\javafx-fxml\16\javafx-fxml-16-win.jar;C:\Users\user\.m2\repository\org\openjfx\javafx-controls\16\javafx-controls-16-win.jar;C:\Users\user\.m2\repository\org\openjfx\javafx-base\16\javafx-base-16-win.jar;E:\itProger\itProger_HW_8\target\classes -Djdk.module.main=com.itproger.itproger_hw_8 
java_command: com.itproger.itproger_hw_8/com.itproger.itproger_hw_8.Main
java_class_path (initial): C:\Users\user\.m2\repository\org\openjfx\javafx-controls\16\javafx-controls-16.jar;C:\Users\user\.m2\repository\org\openjfx\javafx-graphics\16\javafx-graphics-16.jar;C:\Users\user\.m2\repository\org\openjfx\javafx-base\16\javafx-base-16.jar;C:\Users\user\.m2\repository\org\openjfx\javafx-fxml\16\javafx-fxml-16.jar
Launcher Type: SUN_STANDARD

[Global flags]
     intx CICompilerCount                          = 3                                         {product} {ergonomic}
     uint ConcGCThreads                            = 1                                         {product} {ergonomic}
     uint G1ConcRefinementThreads                  = 4                                         {product} {ergonomic}
   size_t G1HeapRegionSize                         = 1048576                                   {product} {ergonomic}
    uintx GCDrainStackTargetSize                   = 64                                        {product} {ergonomic}
   size_t InitialHeapSize                          = 134217728                                 {product} {ergonomic}
   size_t MarkStackSize                            = 4194304                                   {product} {ergonomic}
   size_t MaxHeapSize                              = 2136997888                                {product} {ergonomic}
   size_t MaxNewSize                               = 1281359872                                {product} {ergonomic}
   size_t MinHeapDeltaBytes                        = 1048576                                   {product} {ergonomic}
   size_t MinHeapSize                              = 8388608                                   {product} {ergonomic}
    uintx NonNMethodCodeHeapSize                   = 5832780                                {pd product} {ergonomic}
    uintx NonProfiledCodeHeapSize                  = 122912730                              {pd product} {ergonomic}
    uintx ProfiledCodeHeapSize                     = 122912730                              {pd product} {ergonomic}
    uintx ReservedCodeCacheSize                    = 251658240                              {pd product} {ergonomic}
     bool SegmentedCodeCache                       = true                                      {product} {ergonomic}
   size_t SoftMaxHeapSize                          = 2136997888                             {manageable} {ergonomic}
     bool UseCompressedClassPointers               = true                           {product lp64_product} {ergonomic}
     bool UseCompressedOops                        = true                           {product lp64_product} {ergonomic}
     bool UseG1GC                                  = true                                      {product} {ergonomic}
     bool UseLargePagesIndividualAllocation        = false                                  {pd product} {ergonomic}

Logging:
Log output configuration:
 #0: stdout all=warning uptime,level,tags
 #1: stderr all=off uptime,level,tags

Environment Variables:
PATH=C:\Program Files (x86)\Common Files\Oracle\Java\javapath;C:\Windows\system32;C:\Windows;C:\Windows\System32\Wbem;C:\Windows\System32\WindowsPowerShell\v1.0\;C:\Windows\System32\OpenSSH\;C:\terraform;C:\Program Files\Git\cmd;C:\Program Files\MySQL\MySQL Shell 8.0\bin\;C:\Users\user\AppData\Local\Microsoft\WindowsApps
USERNAME=Soyo
OS=Windows_NT
PROCESSOR_IDENTIFIER=Intel64 Family 6 Model 158 Stepping 11, GenuineIntel



---------------  S Y S T E M  ---------------

OS:
 Windows 10 , 64 bit Build 19041 (10.0.19041.1202)
OS uptime: 4 days 15:43 hours

CPU: total 4 (initial active 4) (4 cores per cpu, 1 threads per core) family 6 model 158 stepping 11 microcode 0xc6, cx8, cmov, fxsr, mmx, 3dnowpref, sse, sse2, sse3, ssse3, sse4.1, sse4.2, popcnt, lzcnt, tsc, tscinvbit, avx, avx2, aes, erms, clmul, bmi1, bmi2, adx, fma, vzeroupper, clflush, clflushopt

Memory: 4k page, system-wide physical 8150M (1639M free)
TotalPageFile size 11142M (AvailPageFile size 617M)
current process WorkingSet (physical memory assigned to process): 387M, peak: 387M
current process commit charge ("private bytes"): 527M, peak: 1189M

vm_info: OpenJDK 64-Bit Server VM (16.0.2+7-67) for windows-amd64 JRE (16.0.2+7-67), built on Jun  8 2021 23:21:43 by "mach5one" with MS VC++ 16.7 (VS2019)

END.
